[2024-05-12T17:13:52.801+0000] {local_task_job_runner.py:120} INFO - ::group::Pre task execution logs
[2024-05-12T17:13:52.827+0000] {taskinstance.py:2076} INFO - Dependencies all met for dep_context=non-requeueable deps ti=<TaskInstance: web_article_scraping.load scheduled__2024-05-10T00:00:00+00:00 [queued]>
[2024-05-12T17:13:52.836+0000] {taskinstance.py:2076} INFO - Dependencies all met for dep_context=requeueable deps ti=<TaskInstance: web_article_scraping.load scheduled__2024-05-10T00:00:00+00:00 [queued]>
[2024-05-12T17:13:52.837+0000] {taskinstance.py:2306} INFO - Starting attempt 1 of 1
[2024-05-12T17:13:52.852+0000] {taskinstance.py:2330} INFO - Executing <Task(PythonOperator): load> on 2024-05-10 00:00:00+00:00
[2024-05-12T17:13:52.866+0000] {warnings.py:110} WARNING - /home/***/.local/lib/python3.12/site-packages/***/task/task_runner/standard_task_runner.py:61: DeprecationWarning: This process (pid=5522) is multi-threaded, use of fork() may lead to deadlocks in the child.
  pid = os.fork()

[2024-05-12T17:13:52.867+0000] {standard_task_runner.py:63} INFO - Started process 5531 to run task
[2024-05-12T17:13:52.868+0000] {standard_task_runner.py:90} INFO - Running: ['***', 'tasks', 'run', 'web_article_scraping', 'load', 'scheduled__2024-05-10T00:00:00+00:00', '--job-id', '17', '--raw', '--subdir', 'DAGS_FOLDER/dag.py', '--cfg-path', '/tmp/tmp582cbwx4']
[2024-05-12T17:13:52.869+0000] {standard_task_runner.py:91} INFO - Job 17: Subtask load
[2024-05-12T17:13:52.925+0000] {task_command.py:426} INFO - Running <TaskInstance: web_article_scraping.load scheduled__2024-05-10T00:00:00+00:00 [running]> on host 4d491b913ee9
[2024-05-12T17:13:53.003+0000] {taskinstance.py:2648} INFO - Exporting env vars: AIRFLOW_CTX_DAG_OWNER='***' AIRFLOW_CTX_DAG_ID='web_article_scraping' AIRFLOW_CTX_TASK_ID='load' AIRFLOW_CTX_EXECUTION_DATE='2024-05-10T00:00:00+00:00' AIRFLOW_CTX_TRY_NUMBER='1' AIRFLOW_CTX_DAG_RUN_ID='scheduled__2024-05-10T00:00:00+00:00'
[2024-05-12T17:13:53.004+0000] {taskinstance.py:430} INFO - ::endgroup::
[2024-05-12T17:13:54.551+0000] {dag.py:39} WARNING - No valid title or description for URL: https://www.bbc.com/news/world-europe-68998913
[2024-05-12T17:13:54.728+0000] {dag.py:39} WARNING - No valid title or description for URL: https://www.bbc.com/news/uk-politics-68999212
[2024-05-12T17:13:54.900+0000] {dag.py:39} WARNING - No valid title or description for URL: https://www.bbc.com/news/world-europe-68998913
[2024-05-12T17:13:55.104+0000] {dag.py:39} WARNING - No valid title or description for URL: https://www.bbc.com/news/uk-politics-68999212
[2024-05-12T17:13:55.318+0000] {dag.py:39} WARNING - No valid title or description for URL: https://www.bbc.com/news/articles/c72p0xx410xo
[2024-05-12T17:13:55.506+0000] {dag.py:39} WARNING - No valid title or description for URL: https://www.bbc.com/news/world-us-canada-68996066
[2024-05-12T17:13:55.710+0000] {dag.py:39} WARNING - No valid title or description for URL: https://www.bbc.com/news/world-us-canada-68991796
[2024-05-12T17:13:55.991+0000] {python.py:237} INFO - Done. Returned value was: None
[2024-05-12T17:13:55.994+0000] {taskinstance.py:441} INFO - ::group::Post task execution logs
[2024-05-12T17:13:56.013+0000] {taskinstance.py:1206} INFO - Marking task as SUCCESS. dag_id=web_article_scraping, task_id=load, run_id=scheduled__2024-05-10T00:00:00+00:00, execution_date=20240510T000000, start_date=20240512T171352, end_date=20240512T171356
[2024-05-12T17:13:56.064+0000] {local_task_job_runner.py:240} INFO - Task exited with return code 0
[2024-05-12T17:13:56.085+0000] {taskinstance.py:3498} INFO - 1 downstream tasks scheduled from follow-on schedule check
[2024-05-12T17:13:56.086+0000] {local_task_job_runner.py:222} INFO - ::endgroup::
