[2024-05-12T17:13:58.072+0000] {local_task_job_runner.py:120} INFO - ::group::Pre task execution logs
[2024-05-12T17:13:58.095+0000] {taskinstance.py:2076} INFO - Dependencies all met for dep_context=non-requeueable deps ti=<TaskInstance: web_article_scraping.dvc_add_and_push scheduled__2024-05-10T00:00:00+00:00 [queued]>
[2024-05-12T17:13:58.105+0000] {taskinstance.py:2076} INFO - Dependencies all met for dep_context=requeueable deps ti=<TaskInstance: web_article_scraping.dvc_add_and_push scheduled__2024-05-10T00:00:00+00:00 [queued]>
[2024-05-12T17:13:58.106+0000] {taskinstance.py:2306} INFO - Starting attempt 1 of 1
[2024-05-12T17:13:58.120+0000] {taskinstance.py:2330} INFO - Executing <Task(BashOperator): dvc_add_and_push> on 2024-05-10 00:00:00+00:00
[2024-05-12T17:13:58.128+0000] {warnings.py:110} WARNING - /home/***/.local/lib/python3.12/site-packages/***/task/task_runner/standard_task_runner.py:61: DeprecationWarning: This process (pid=5538) is multi-threaded, use of fork() may lead to deadlocks in the child.
  pid = os.fork()

[2024-05-12T17:13:58.130+0000] {standard_task_runner.py:63} INFO - Started process 5554 to run task
[2024-05-12T17:13:58.130+0000] {standard_task_runner.py:90} INFO - Running: ['***', 'tasks', 'run', 'web_article_scraping', 'dvc_add_and_push', 'scheduled__2024-05-10T00:00:00+00:00', '--job-id', '28', '--raw', '--subdir', 'DAGS_FOLDER/dag.py', '--cfg-path', '/tmp/tmp0aqlrkf6']
[2024-05-12T17:13:58.134+0000] {standard_task_runner.py:91} INFO - Job 28: Subtask dvc_add_and_push
[2024-05-12T17:13:58.195+0000] {task_command.py:426} INFO - Running <TaskInstance: web_article_scraping.dvc_add_and_push scheduled__2024-05-10T00:00:00+00:00 [running]> on host 4d491b913ee9
[2024-05-12T17:13:58.266+0000] {taskinstance.py:2648} INFO - Exporting env vars: AIRFLOW_CTX_DAG_OWNER='***' AIRFLOW_CTX_DAG_ID='web_article_scraping' AIRFLOW_CTX_TASK_ID='dvc_add_and_push' AIRFLOW_CTX_EXECUTION_DATE='2024-05-10T00:00:00+00:00' AIRFLOW_CTX_TRY_NUMBER='1' AIRFLOW_CTX_DAG_RUN_ID='scheduled__2024-05-10T00:00:00+00:00'
[2024-05-12T17:13:58.267+0000] {taskinstance.py:430} INFO - ::endgroup::
[2024-05-12T17:13:58.268+0000] {subprocess.py:63} INFO - Tmp dir root location: /tmp
[2024-05-12T17:13:58.269+0000] {subprocess.py:75} INFO - Running command: ['/usr/bin/bash', '-c', '\ncd /opt/***/dags\npip install dvc && pip install dvc-gdrive && dvc init -f --no-scm && dvc remote add -d mygoogleDrive gdrive://1akLltC_11ZTBzZF-D4cZt_sZIf-jheJE && dvc add extracted_data.csv && dvc push -r mygoogleDrive']
[2024-05-12T17:13:58.279+0000] {subprocess.py:86} INFO - Output:
[2024-05-12T17:14:01.566+0000] {subprocess.py:93} INFO - Collecting dvc
[2024-05-12T17:14:01.729+0000] {subprocess.py:93} INFO -   Downloading dvc-3.50.1-py3-none-any.whl.metadata (17 kB)
[2024-05-12T17:14:01.830+0000] {subprocess.py:93} INFO - Requirement already satisfied: attrs>=22.2.0 in /home/***/.local/lib/python3.12/site-packages (from dvc) (23.2.0)
[2024-05-12T17:14:01.832+0000] {subprocess.py:93} INFO - Requirement already satisfied: celery in /home/***/.local/lib/python3.12/site-packages (from dvc) (5.4.0)
[2024-05-12T17:14:01.834+0000] {subprocess.py:93} INFO - Requirement already satisfied: colorama>=0.3.9 in /home/***/.local/lib/python3.12/site-packages (from dvc) (0.4.6)
[2024-05-12T17:14:02.156+0000] {subprocess.py:93} INFO - Collecting configobj>=5.0.6 (from dvc)
[2024-05-12T17:14:02.204+0000] {subprocess.py:93} INFO -   Downloading configobj-5.0.8-py2.py3-none-any.whl.metadata (3.4 kB)
[2024-05-12T17:14:02.317+0000] {subprocess.py:93} INFO - Collecting distro>=1.3 (from dvc)
[2024-05-12T17:14:02.366+0000] {subprocess.py:93} INFO -   Downloading distro-1.9.0-py3-none-any.whl.metadata (6.8 kB)
[2024-05-12T17:14:02.784+0000] {subprocess.py:93} INFO - Collecting dpath<3,>=2.1.0 (from dvc)
[2024-05-12T17:14:02.837+0000] {subprocess.py:93} INFO -   Downloading dpath-2.1.6-py3-none-any.whl.metadata (15 kB)
[2024-05-12T17:14:03.152+0000] {subprocess.py:93} INFO - Collecting dulwich (from dvc)
[2024-05-12T17:14:03.197+0000] {subprocess.py:93} INFO -   Downloading dulwich-0.22.1-cp312-cp312-manylinux_2_17_x86_64.manylinux2014_x86_64.whl.metadata (4.4 kB)
[2024-05-12T17:14:03.704+0000] {subprocess.py:93} INFO - Collecting dvc-data<3.16,>=3.15 (from dvc)
[2024-05-12T17:14:03.749+0000] {subprocess.py:93} INFO -   Downloading dvc_data-3.15.1-py3-none-any.whl.metadata (5.0 kB)
[2024-05-12T17:14:04.092+0000] {subprocess.py:93} INFO - Collecting dvc-http>=2.29.0 (from dvc)
[2024-05-12T17:14:04.139+0000] {subprocess.py:93} INFO -   Downloading dvc_http-2.32.0-py3-none-any.whl.metadata (1.3 kB)
[2024-05-12T17:14:04.617+0000] {subprocess.py:93} INFO - Collecting dvc-objects (from dvc)
[2024-05-12T17:14:04.661+0000] {subprocess.py:93} INFO -   Downloading dvc_objects-5.1.0-py3-none-any.whl.metadata (3.7 kB)
[2024-05-12T17:14:05.071+0000] {subprocess.py:93} INFO - Collecting dvc-render<2,>=1.0.1 (from dvc)
[2024-05-12T17:14:05.136+0000] {subprocess.py:93} INFO -   Downloading dvc_render-1.0.2-py3-none-any.whl.metadata (5.4 kB)
[2024-05-12T17:14:05.567+0000] {subprocess.py:93} INFO - Collecting dvc-studio-client<1,>=0.20 (from dvc)
[2024-05-12T17:14:05.614+0000] {subprocess.py:93} INFO -   Downloading dvc_studio_client-0.20.0-py3-none-any.whl.metadata (4.3 kB)
[2024-05-12T17:14:05.938+0000] {subprocess.py:93} INFO - Collecting dvc-task<1,>=0.3.0 (from dvc)
[2024-05-12T17:14:05.985+0000] {subprocess.py:93} INFO -   Downloading dvc_task-0.4.0-py3-none-any.whl.metadata (9.9 kB)
[2024-05-12T17:14:06.309+0000] {subprocess.py:93} INFO - Collecting flatten-dict<1,>=0.4.1 (from dvc)
[2024-05-12T17:14:06.356+0000] {subprocess.py:93} INFO -   Downloading flatten_dict-0.4.2-py2.py3-none-any.whl.metadata (9.2 kB)
[2024-05-12T17:14:06.768+0000] {subprocess.py:93} INFO - Collecting flufl.lock<8,>=5 (from dvc)
[2024-05-12T17:14:06.818+0000] {subprocess.py:93} INFO -   Downloading flufl.lock-7.1.1-py3-none-any.whl.metadata (3.3 kB)
[2024-05-12T17:14:06.852+0000] {subprocess.py:93} INFO - Requirement already satisfied: fsspec in /home/***/.local/lib/python3.12/site-packages (from dvc) (2023.12.2)
[2024-05-12T17:14:07.265+0000] {subprocess.py:93} INFO - Collecting funcy>=1.14 (from dvc)
[2024-05-12T17:14:07.315+0000] {subprocess.py:93} INFO -   Downloading funcy-2.0-py2.py3-none-any.whl.metadata (5.9 kB)
[2024-05-12T17:14:07.745+0000] {subprocess.py:93} INFO - Collecting grandalf<1,>=0.7 (from dvc)
[2024-05-12T17:14:07.794+0000] {subprocess.py:93} INFO -   Downloading grandalf-0.8-py3-none-any.whl.metadata (1.7 kB)
[2024-05-12T17:14:08.247+0000] {subprocess.py:93} INFO - Collecting gto<2,>=1.6.0 (from dvc)
[2024-05-12T17:14:08.296+0000] {subprocess.py:93} INFO -   Downloading gto-1.7.1-py3-none-any.whl.metadata (4.2 kB)
[2024-05-12T17:14:08.721+0000] {subprocess.py:93} INFO - Collecting hydra-core>=1.1 (from dvc)
[2024-05-12T17:14:08.766+0000] {subprocess.py:93} INFO -   Downloading hydra_core-1.3.2-py3-none-any.whl.metadata (5.5 kB)
[2024-05-12T17:14:09.081+0000] {subprocess.py:93} INFO - Collecting iterative-telemetry>=0.0.7 (from dvc)
[2024-05-12T17:14:09.125+0000] {subprocess.py:93} INFO -   Downloading iterative_telemetry-0.0.8-py3-none-any.whl.metadata (4.1 kB)
[2024-05-12T17:14:09.135+0000] {subprocess.py:93} INFO - Requirement already satisfied: kombu in /home/***/.local/lib/python3.12/site-packages (from dvc) (5.3.7)
[2024-05-12T17:14:09.223+0000] {subprocess.py:93} INFO - Collecting networkx>=2.5 (from dvc)
[2024-05-12T17:14:09.266+0000] {subprocess.py:93} INFO -   Downloading networkx-3.3-py3-none-any.whl.metadata (5.1 kB)
[2024-05-12T17:14:09.428+0000] {subprocess.py:93} INFO - Collecting omegaconf (from dvc)
[2024-05-12T17:14:09.476+0000] {subprocess.py:93} INFO -   Downloading omegaconf-2.3.0-py3-none-any.whl.metadata (3.9 kB)
[2024-05-12T17:14:09.488+0000] {subprocess.py:93} INFO - Requirement already satisfied: packaging>=19 in /home/***/.local/lib/python3.12/site-packages (from dvc) (24.0)
[2024-05-12T17:14:09.491+0000] {subprocess.py:93} INFO - Requirement already satisfied: pathspec>=0.10.3 in /home/***/.local/lib/python3.12/site-packages (from dvc) (0.12.1)
[2024-05-12T17:14:09.620+0000] {subprocess.py:93} INFO - Collecting platformdirs<4,>=3.1.1 (from dvc)
[2024-05-12T17:14:09.669+0000] {subprocess.py:93} INFO -   Downloading platformdirs-3.11.0-py3-none-any.whl.metadata (11 kB)
[2024-05-12T17:14:09.698+0000] {subprocess.py:93} INFO - Requirement already satisfied: psutil>=5.8 in /home/***/.local/lib/python3.12/site-packages (from dvc) (5.9.8)
[2024-05-12T17:14:10.065+0000] {subprocess.py:93} INFO - Collecting pydot>=1.2.4 (from dvc)
[2024-05-12T17:14:10.110+0000] {subprocess.py:93} INFO -   Downloading pydot-2.0.0-py3-none-any.whl.metadata (9.6 kB)
[2024-05-12T17:14:10.435+0000] {subprocess.py:93} INFO - Collecting pygtrie>=2.3.2 (from dvc)
[2024-05-12T17:14:10.480+0000] {subprocess.py:93} INFO -   Downloading pygtrie-2.5.0-py3-none-any.whl.metadata (7.5 kB)
[2024-05-12T17:14:10.496+0000] {subprocess.py:93} INFO - Requirement already satisfied: pyparsing>=2.4.7 in /home/***/.local/lib/python3.12/site-packages (from dvc) (3.1.2)
[2024-05-12T17:14:10.498+0000] {subprocess.py:93} INFO - Requirement already satisfied: requests>=2.22 in /home/***/.local/lib/python3.12/site-packages (from dvc) (2.31.0)
[2024-05-12T17:14:10.505+0000] {subprocess.py:93} INFO - Requirement already satisfied: rich>=12 in /home/***/.local/lib/python3.12/site-packages (from dvc) (13.7.1)
[2024-05-12T17:14:10.908+0000] {subprocess.py:93} INFO - Collecting ruamel.yaml>=0.17.11 (from dvc)
[2024-05-12T17:14:10.952+0000] {subprocess.py:93} INFO -   Downloading ruamel.yaml-0.18.6-py3-none-any.whl.metadata (23 kB)
[2024-05-12T17:14:11.296+0000] {subprocess.py:93} INFO - Collecting scmrepo<4,>=3.3.2 (from dvc)
[2024-05-12T17:14:11.345+0000] {subprocess.py:93} INFO -   Downloading scmrepo-3.3.2-py3-none-any.whl.metadata (4.7 kB)
[2024-05-12T17:14:11.707+0000] {subprocess.py:93} INFO - Collecting shortuuid>=0.5 (from dvc)
[2024-05-12T17:14:11.750+0000] {subprocess.py:93} INFO -   Downloading shortuuid-1.0.13-py3-none-any.whl.metadata (5.8 kB)
[2024-05-12T17:14:12.190+0000] {subprocess.py:93} INFO - Collecting shtab<2,>=1.3.4 (from dvc)
[2024-05-12T17:14:12.240+0000] {subprocess.py:93} INFO -   Downloading shtab-1.7.1-py3-none-any.whl.metadata (7.3 kB)
[2024-05-12T17:14:12.275+0000] {subprocess.py:93} INFO - Requirement already satisfied: tabulate>=0.8.7 in /home/***/.local/lib/python3.12/site-packages (from dvc) (0.9.0)
[2024-05-12T17:14:12.278+0000] {subprocess.py:93} INFO - Requirement already satisfied: tomlkit>=0.11.1 in /home/***/.local/lib/python3.12/site-packages (from dvc) (0.12.4)
[2024-05-12T17:14:12.423+0000] {subprocess.py:93} INFO - Collecting tqdm<5,>=4.63.1 (from dvc)
[2024-05-12T17:14:12.471+0000] {subprocess.py:93} INFO -   Downloading tqdm-4.66.4-py3-none-any.whl.metadata (57 kB)
[2024-05-12T17:14:12.513+0000] {subprocess.py:93} INFO -      ━━━━━━━━━━━━━━━━━━━━━━━━━━━━━━━━━━━━━━━━ 57.6/57.6 kB 1.4 MB/s eta 0:00:00
[2024-05-12T17:14:12.839+0000] {subprocess.py:93} INFO - Collecting voluptuous>=0.11.7 (from dvc)
[2024-05-12T17:14:12.885+0000] {subprocess.py:93} INFO -   Downloading voluptuous-0.14.2-py3-none-any.whl.metadata (20 kB)
[2024-05-12T17:14:13.224+0000] {subprocess.py:93} INFO - Collecting zc.lockfile>=1.2.1 (from dvc)
[2024-05-12T17:14:13.270+0000] {subprocess.py:93} INFO -   Downloading zc.lockfile-3.0.post1-py3-none-any.whl.metadata (6.2 kB)
[2024-05-12T17:14:13.310+0000] {subprocess.py:93} INFO - Requirement already satisfied: six in /home/***/.local/lib/python3.12/site-packages (from configobj>=5.0.6->dvc) (1.16.0)
[2024-05-12T17:14:13.659+0000] {subprocess.py:93} INFO - Collecting dictdiffer>=0.8.1 (from dvc-data<3.16,>=3.15->dvc)
[2024-05-12T17:14:13.707+0000] {subprocess.py:93} INFO -   Downloading dictdiffer-0.9.0-py2.py3-none-any.whl.metadata (4.8 kB)
[2024-05-12T17:14:13.832+0000] {subprocess.py:93} INFO - Collecting fsspec (from dvc)
[2024-05-12T17:14:13.877+0000] {subprocess.py:93} INFO -   Downloading fsspec-2024.3.1-py3-none-any.whl.metadata (6.8 kB)
[2024-05-12T17:14:13.978+0000] {subprocess.py:93} INFO - Collecting diskcache>=5.2.1 (from dvc-data<3.16,>=3.15->dvc)
[2024-05-12T17:14:14.022+0000] {subprocess.py:93} INFO -   Downloading diskcache-5.6.3-py3-none-any.whl.metadata (20 kB)
[2024-05-12T17:14:14.334+0000] {subprocess.py:93} INFO - Collecting sqltrie<1,>=0.11.0 (from dvc-data<3.16,>=3.15->dvc)
[2024-05-12T17:14:14.382+0000] {subprocess.py:93} INFO -   Downloading sqltrie-0.11.0-py3-none-any.whl.metadata (3.3 kB)
[2024-05-12T17:14:14.760+0000] {subprocess.py:93} INFO - Collecting aiohttp-retry>=2.5.0 (from dvc-http>=2.29.0->dvc)
[2024-05-12T17:14:14.810+0000] {subprocess.py:93} INFO -   Downloading aiohttp_retry-2.8.3-py3-none-any.whl.metadata (8.9 kB)
[2024-05-12T17:14:15.005+0000] {subprocess.py:93} INFO - Requirement already satisfied: billiard<5.0,>=4.2.0 in /home/***/.local/lib/python3.12/site-packages (from celery->dvc) (4.2.0)
[2024-05-12T17:14:15.008+0000] {subprocess.py:93} INFO - Requirement already satisfied: vine<6.0,>=5.1.0 in /home/***/.local/lib/python3.12/site-packages (from celery->dvc) (5.1.0)
[2024-05-12T17:14:15.010+0000] {subprocess.py:93} INFO - Requirement already satisfied: click<9.0,>=8.1.2 in /home/***/.local/lib/python3.12/site-packages (from celery->dvc) (8.1.7)
[2024-05-12T17:14:15.011+0000] {subprocess.py:93} INFO - Requirement already satisfied: click-didyoumean>=0.3.0 in /home/***/.local/lib/python3.12/site-packages (from celery->dvc) (0.3.1)
[2024-05-12T17:14:15.013+0000] {subprocess.py:93} INFO - Requirement already satisfied: click-repl>=0.2.0 in /home/***/.local/lib/python3.12/site-packages (from celery->dvc) (0.3.0)
[2024-05-12T17:14:15.014+0000] {subprocess.py:93} INFO - Requirement already satisfied: click-plugins>=1.1.1 in /home/***/.local/lib/python3.12/site-packages (from celery->dvc) (1.1.1)
[2024-05-12T17:14:15.016+0000] {subprocess.py:93} INFO - Requirement already satisfied: tzdata>=2022.7 in /home/***/.local/lib/python3.12/site-packages (from celery->dvc) (2024.1)
[2024-05-12T17:14:15.018+0000] {subprocess.py:93} INFO - Requirement already satisfied: python-dateutil>=2.8.2 in /home/***/.local/lib/python3.12/site-packages (from celery->dvc) (2.9.0.post0)
[2024-05-12T17:14:15.412+0000] {subprocess.py:93} INFO - Collecting atpublic>=2.3 (from flufl.lock<8,>=5->dvc)
[2024-05-12T17:14:15.456+0000] {subprocess.py:93} INFO -   Downloading atpublic-4.1.0-py3-none-any.whl.metadata (1.8 kB)
[2024-05-12T17:14:15.615+0000] {subprocess.py:93} INFO - Collecting typer>=0.4.1 (from gto<2,>=1.6.0->dvc)
[2024-05-12T17:14:15.658+0000] {subprocess.py:93} INFO -   Downloading typer-0.12.3-py3-none-any.whl.metadata (15 kB)
[2024-05-12T17:14:15.676+0000] {subprocess.py:93} INFO - Requirement already satisfied: pydantic!=2.0.0,<3,>=1.9.0 in /home/***/.local/lib/python3.12/site-packages (from gto<2,>=1.6.0->dvc) (2.7.1)
[2024-05-12T17:14:15.753+0000] {subprocess.py:93} INFO - Collecting semver>=2.13.0 (from gto<2,>=1.6.0->dvc)
[2024-05-12T17:14:15.797+0000] {subprocess.py:93} INFO -   Downloading semver-3.0.2-py3-none-any.whl.metadata (5.0 kB)
[2024-05-12T17:14:15.858+0000] {subprocess.py:93} INFO - Collecting entrypoints (from gto<2,>=1.6.0->dvc)
[2024-05-12T17:14:15.900+0000] {subprocess.py:93} INFO -   Downloading entrypoints-0.4-py3-none-any.whl.metadata (2.6 kB)
[2024-05-12T17:14:15.976+0000] {subprocess.py:93} INFO - Collecting antlr4-python3-runtime==4.9.* (from hydra-core>=1.1->dvc)
[2024-05-12T17:14:16.020+0000] {subprocess.py:93} INFO -   Downloading antlr4-python3-runtime-4.9.3.tar.gz (117 kB)
[2024-05-12T17:14:16.066+0000] {subprocess.py:93} INFO -      ━━━━━━━━━━━━━━━━━━━━━━━━━━━━━━━━━━━━━━━ 117.0/117.0 kB 2.5 MB/s eta 0:00:00
[2024-05-12T17:14:16.085+0000] {subprocess.py:93} INFO -   Installing build dependencies: started
[2024-05-12T17:14:22.170+0000] {subprocess.py:93} INFO -   Installing build dependencies: finished with status 'done'
[2024-05-12T17:14:22.171+0000] {subprocess.py:93} INFO -   Getting requirements to build wheel: started
[2024-05-12T17:14:22.741+0000] {subprocess.py:93} INFO -   Getting requirements to build wheel: finished with status 'done'
[2024-05-12T17:14:22.743+0000] {subprocess.py:93} INFO -   Installing backend dependencies: started
[2024-05-12T17:14:27.393+0000] {subprocess.py:93} INFO -   Installing backend dependencies: finished with status 'done'
[2024-05-12T17:14:27.394+0000] {subprocess.py:93} INFO -   Preparing metadata (pyproject.toml): started
[2024-05-12T17:14:28.030+0000] {subprocess.py:93} INFO -   Preparing metadata (pyproject.toml): finished with status 'done'
[2024-05-12T17:14:28.113+0000] {subprocess.py:93} INFO - Collecting appdirs (from iterative-telemetry>=0.0.7->dvc)
[2024-05-12T17:14:28.156+0000] {subprocess.py:93} INFO -   Downloading appdirs-1.4.4-py2.py3-none-any.whl.metadata (9.0 kB)
[2024-05-12T17:14:28.162+0000] {subprocess.py:93} INFO - Requirement already satisfied: filelock in /home/***/.local/lib/python3.12/site-packages (from iterative-telemetry>=0.0.7->dvc) (3.14.0)
[2024-05-12T17:14:28.191+0000] {subprocess.py:93} INFO - Requirement already satisfied: amqp<6.0.0,>=5.1.1 in /home/***/.local/lib/python3.12/site-packages (from kombu->dvc) (5.2.0)
[2024-05-12T17:14:28.224+0000] {subprocess.py:93} INFO - Requirement already satisfied: PyYAML>=5.1.0 in /home/***/.local/lib/python3.12/site-packages (from omegaconf->dvc) (6.0.1)
[2024-05-12T17:14:28.305+0000] {subprocess.py:93} INFO - Requirement already satisfied: charset-normalizer<4,>=2 in /home/***/.local/lib/python3.12/site-packages (from requests>=2.22->dvc) (3.3.2)
[2024-05-12T17:14:28.306+0000] {subprocess.py:93} INFO - Requirement already satisfied: idna<4,>=2.5 in /home/***/.local/lib/python3.12/site-packages (from requests>=2.22->dvc) (3.7)
[2024-05-12T17:14:28.308+0000] {subprocess.py:93} INFO - Requirement already satisfied: urllib3<3,>=1.21.1 in /home/***/.local/lib/python3.12/site-packages (from requests>=2.22->dvc) (2.2.1)
[2024-05-12T17:14:28.309+0000] {subprocess.py:93} INFO - Requirement already satisfied: certifi>=2017.4.17 in /home/***/.local/lib/python3.12/site-packages (from requests>=2.22->dvc) (2024.2.2)
[2024-05-12T17:14:28.322+0000] {subprocess.py:93} INFO - Requirement already satisfied: markdown-it-py>=2.2.0 in /home/***/.local/lib/python3.12/site-packages (from rich>=12->dvc) (3.0.0)
[2024-05-12T17:14:28.324+0000] {subprocess.py:93} INFO - Requirement already satisfied: pygments<3.0.0,>=2.13.0 in /home/***/.local/lib/python3.12/site-packages (from rich>=12->dvc) (2.17.2)
[2024-05-12T17:14:28.409+0000] {subprocess.py:93} INFO - Collecting ruamel.yaml.clib>=0.2.7 (from ruamel.yaml>=0.17.11->dvc)
[2024-05-12T17:14:28.411+0000] {subprocess.py:93} INFO -   Using cached ruamel.yaml.clib-0.2.8-cp312-cp312-manylinux_2_17_x86_64.manylinux2014_x86_64.manylinux_2_28_x86_64.whl.metadata (2.2 kB)
[2024-05-12T17:14:28.529+0000] {subprocess.py:93} INFO - Collecting gitpython>3 (from scmrepo<4,>=3.3.2->dvc)
[2024-05-12T17:14:28.576+0000] {subprocess.py:93} INFO -   Downloading GitPython-3.1.43-py3-none-any.whl.metadata (13 kB)
[2024-05-12T17:14:29.025+0000] {subprocess.py:93} INFO - Collecting pygit2>=1.14.0 (from scmrepo<4,>=3.3.2->dvc)
[2024-05-12T17:14:29.072+0000] {subprocess.py:93} INFO -   Downloading pygit2-1.14.1-cp312-cp312-manylinux_2_17_x86_64.manylinux2014_x86_64.whl.metadata (3.4 kB)
[2024-05-12T17:14:29.081+0000] {subprocess.py:93} INFO - Requirement already satisfied: asyncssh<3,>=2.13.1 in /home/***/.local/lib/python3.12/site-packages (from scmrepo<4,>=3.3.2->dvc) (2.14.2)
[2024-05-12T17:14:29.095+0000] {subprocess.py:93} INFO - Requirement already satisfied: setuptools in /home/***/.local/lib/python3.12/site-packages (from dulwich->dvc) (66.1.1)
[2024-05-12T17:14:29.181+0000] {subprocess.py:93} INFO - Requirement already satisfied: aiohttp in /home/***/.local/lib/python3.12/site-packages (from aiohttp-retry>=2.5.0->dvc-http>=2.29.0->dvc) (3.9.5)
[2024-05-12T17:14:29.211+0000] {subprocess.py:93} INFO - Requirement already satisfied: cryptography>=39.0 in /home/***/.local/lib/python3.12/site-packages (from asyncssh<3,>=2.13.1->scmrepo<4,>=3.3.2->dvc) (41.0.7)
[2024-05-12T17:14:29.212+0000] {subprocess.py:93} INFO - Requirement already satisfied: typing-extensions>=3.6 in /home/***/.local/lib/python3.12/site-packages (from asyncssh<3,>=2.13.1->scmrepo<4,>=3.3.2->dvc) (4.11.0)
[2024-05-12T17:14:29.283+0000] {subprocess.py:93} INFO - Requirement already satisfied: prompt-toolkit>=3.0.36 in /home/***/.local/lib/python3.12/site-packages (from click-repl>=0.2.0->celery->dvc) (3.0.43)
[2024-05-12T17:14:29.470+0000] {subprocess.py:93} INFO - Collecting gitdb<5,>=4.0.1 (from gitpython>3->scmrepo<4,>=3.3.2->dvc)
[2024-05-12T17:14:29.515+0000] {subprocess.py:93} INFO -   Downloading gitdb-4.0.11-py3-none-any.whl.metadata (1.2 kB)
[2024-05-12T17:14:29.550+0000] {subprocess.py:93} INFO - Requirement already satisfied: mdurl~=0.1 in /home/***/.local/lib/python3.12/site-packages (from markdown-it-py>=2.2.0->rich>=12->dvc) (0.1.2)
[2024-05-12T17:14:29.562+0000] {subprocess.py:93} INFO - Requirement already satisfied: annotated-types>=0.4.0 in /home/***/.local/lib/python3.12/site-packages (from pydantic!=2.0.0,<3,>=1.9.0->gto<2,>=1.6.0->dvc) (0.6.0)
[2024-05-12T17:14:29.564+0000] {subprocess.py:93} INFO - Requirement already satisfied: pydantic-core==2.18.2 in /home/***/.local/lib/python3.12/site-packages (from pydantic!=2.0.0,<3,>=1.9.0->gto<2,>=1.6.0->dvc) (2.18.2)
[2024-05-12T17:14:29.582+0000] {subprocess.py:93} INFO - Requirement already satisfied: cffi>=1.16.0 in /home/***/.local/lib/python3.12/site-packages (from pygit2>=1.14.0->scmrepo<4,>=3.3.2->dvc) (1.16.0)
[2024-05-12T17:14:30.129+0000] {subprocess.py:93} INFO - Collecting orjson (from sqltrie<1,>=0.11.0->dvc-data<3.16,>=3.15->dvc)
[2024-05-12T17:14:30.130+0000] {subprocess.py:93} INFO -   Using cached orjson-3.10.3-cp312-cp312-manylinux_2_17_x86_64.manylinux2014_x86_64.whl.metadata (49 kB)
[2024-05-12T17:14:30.210+0000] {subprocess.py:93} INFO - Collecting shellingham>=1.3.0 (from typer>=0.4.1->gto<2,>=1.6.0->dvc)
[2024-05-12T17:14:30.211+0000] {subprocess.py:93} INFO -   Using cached shellingham-1.5.4-py2.py3-none-any.whl.metadata (3.5 kB)
[2024-05-12T17:14:30.403+0000] {subprocess.py:93} INFO - Requirement already satisfied: aiosignal>=1.1.2 in /home/***/.local/lib/python3.12/site-packages (from aiohttp->aiohttp-retry>=2.5.0->dvc-http>=2.29.0->dvc) (1.3.1)
[2024-05-12T17:14:30.407+0000] {subprocess.py:93} INFO - Requirement already satisfied: frozenlist>=1.1.1 in /home/***/.local/lib/python3.12/site-packages (from aiohttp->aiohttp-retry>=2.5.0->dvc-http>=2.29.0->dvc) (1.4.1)
[2024-05-12T17:14:30.408+0000] {subprocess.py:93} INFO - Requirement already satisfied: multidict<7.0,>=4.5 in /home/***/.local/lib/python3.12/site-packages (from aiohttp->aiohttp-retry>=2.5.0->dvc-http>=2.29.0->dvc) (6.0.5)
[2024-05-12T17:14:30.411+0000] {subprocess.py:93} INFO - Requirement already satisfied: yarl<2.0,>=1.0 in /home/***/.local/lib/python3.12/site-packages (from aiohttp->aiohttp-retry>=2.5.0->dvc-http>=2.29.0->dvc) (1.9.4)
[2024-05-12T17:14:30.437+0000] {subprocess.py:93} INFO - Requirement already satisfied: pycparser in /home/***/.local/lib/python3.12/site-packages (from cffi>=1.16.0->pygit2>=1.14.0->scmrepo<4,>=3.3.2->dvc) (2.22)
[2024-05-12T17:14:30.549+0000] {subprocess.py:93} INFO - Collecting smmap<6,>=3.0.1 (from gitdb<5,>=4.0.1->gitpython>3->scmrepo<4,>=3.3.2->dvc)
[2024-05-12T17:14:30.592+0000] {subprocess.py:93} INFO -   Downloading smmap-5.0.1-py3-none-any.whl.metadata (4.3 kB)
[2024-05-12T17:14:30.619+0000] {subprocess.py:93} INFO - Requirement already satisfied: wcwidth in /home/***/.local/lib/python3.12/site-packages (from prompt-toolkit>=3.0.36->click-repl>=0.2.0->celery->dvc) (0.2.13)
[2024-05-12T17:14:30.810+0000] {subprocess.py:93} INFO - Downloading dvc-3.50.1-py3-none-any.whl (451 kB)
[2024-05-12T17:14:30.998+0000] {subprocess.py:93} INFO -    ━━━━━━━━━━━━━━━━━━━━━━━━━━━━━━━━━━━━━━━━ 451.6/451.6 kB 2.4 MB/s eta 0:00:00
[2024-05-12T17:14:30.999+0000] {subprocess.py:93} INFO - Using cached configobj-5.0.8-py2.py3-none-any.whl (36 kB)
[2024-05-12T17:14:31.042+0000] {subprocess.py:93} INFO - Downloading distro-1.9.0-py3-none-any.whl (20 kB)
[2024-05-12T17:14:31.093+0000] {subprocess.py:93} INFO - Downloading dpath-2.1.6-py3-none-any.whl (17 kB)
[2024-05-12T17:14:31.148+0000] {subprocess.py:93} INFO - Downloading dvc_data-3.15.1-py3-none-any.whl (71 kB)
[2024-05-12T17:14:31.161+0000] {subprocess.py:93} INFO -    ━━━━━━━━━━━━━━━━━━━━━━━━━━━━━━━━━━━━━━━━ 71.6/71.6 kB 7.4 MB/s eta 0:00:00
[2024-05-12T17:14:31.205+0000] {subprocess.py:93} INFO - Downloading dvc_http-2.32.0-py3-none-any.whl (12 kB)
[2024-05-12T17:14:31.255+0000] {subprocess.py:93} INFO - Downloading dvc_objects-5.1.0-py3-none-any.whl (33 kB)
[2024-05-12T17:14:31.318+0000] {subprocess.py:93} INFO - Downloading dvc_render-1.0.2-py3-none-any.whl (22 kB)
[2024-05-12T17:14:31.369+0000] {subprocess.py:93} INFO - Downloading dvc_studio_client-0.20.0-py3-none-any.whl (16 kB)
[2024-05-12T17:14:31.426+0000] {subprocess.py:93} INFO - Downloading dvc_task-0.4.0-py3-none-any.whl (21 kB)
[2024-05-12T17:14:31.478+0000] {subprocess.py:93} INFO - Downloading flatten_dict-0.4.2-py2.py3-none-any.whl (9.7 kB)
[2024-05-12T17:14:31.527+0000] {subprocess.py:93} INFO - Downloading flufl.lock-7.1.1-py3-none-any.whl (11 kB)
[2024-05-12T17:14:31.575+0000] {subprocess.py:93} INFO - Downloading fsspec-2024.3.1-py3-none-any.whl (171 kB)
[2024-05-12T17:14:31.689+0000] {subprocess.py:93} INFO -    ━━━━━━━━━━━━━━━━━━━━━━━━━━━━━━━━━━━━━━━━ 172.0/172.0 kB 1.5 MB/s eta 0:00:00
[2024-05-12T17:14:31.690+0000] {subprocess.py:93} INFO - Using cached funcy-2.0-py2.py3-none-any.whl (30 kB)
[2024-05-12T17:14:31.735+0000] {subprocess.py:93} INFO - Downloading grandalf-0.8-py3-none-any.whl (41 kB)
[2024-05-12T17:14:31.770+0000] {subprocess.py:93} INFO -    ━━━━━━━━━━━━━━━━━━━━━━━━━━━━━━━━━━━━━━━━ 41.8/41.8 kB 1.3 MB/s eta 0:00:00
[2024-05-12T17:14:31.771+0000] {subprocess.py:93} INFO - Using cached gto-1.7.1-py3-none-any.whl (46 kB)
[2024-05-12T17:14:31.830+0000] {subprocess.py:93} INFO - Downloading hydra_core-1.3.2-py3-none-any.whl (154 kB)
[2024-05-12T17:14:31.938+0000] {subprocess.py:93} INFO -    ━━━━━━━━━━━━━━━━━━━━━━━━━━━━━━━━━━━━━━━━ 154.5/154.5 kB 1.4 MB/s eta 0:00:00
[2024-05-12T17:14:31.940+0000] {subprocess.py:93} INFO - Using cached iterative_telemetry-0.0.8-py3-none-any.whl (10 kB)
[2024-05-12T17:14:31.984+0000] {subprocess.py:93} INFO - Downloading networkx-3.3-py3-none-any.whl (1.7 MB)
[2024-05-12T17:14:33.642+0000] {subprocess.py:93} INFO -    ━━━━━━━━━━━━━━━━━━━━━━━━━━━━━━━━━━━━━━━━ 1.7/1.7 MB 1.0 MB/s eta 0:00:00
[2024-05-12T17:14:33.643+0000] {subprocess.py:93} INFO - Using cached omegaconf-2.3.0-py3-none-any.whl (79 kB)
[2024-05-12T17:14:33.646+0000] {subprocess.py:93} INFO - Using cached platformdirs-3.11.0-py3-none-any.whl (17 kB)
[2024-05-12T17:14:33.648+0000] {subprocess.py:93} INFO - Using cached pydot-2.0.0-py3-none-any.whl (22 kB)
[2024-05-12T17:14:33.650+0000] {subprocess.py:93} INFO - Using cached pygtrie-2.5.0-py3-none-any.whl (25 kB)
[2024-05-12T17:14:33.652+0000] {subprocess.py:93} INFO - Using cached ruamel.yaml-0.18.6-py3-none-any.whl (117 kB)
[2024-05-12T17:14:33.653+0000] {subprocess.py:93} INFO - Using cached scmrepo-3.3.2-py3-none-any.whl (73 kB)
[2024-05-12T17:14:33.655+0000] {subprocess.py:93} INFO - Using cached dulwich-0.22.1-cp312-cp312-manylinux_2_17_x86_64.manylinux2014_x86_64.whl (978 kB)
[2024-05-12T17:14:33.659+0000] {subprocess.py:93} INFO - Using cached shortuuid-1.0.13-py3-none-any.whl (10 kB)
[2024-05-12T17:14:33.660+0000] {subprocess.py:93} INFO - Using cached shtab-1.7.1-py3-none-any.whl (14 kB)
[2024-05-12T17:14:33.662+0000] {subprocess.py:93} INFO - Using cached tqdm-4.66.4-py3-none-any.whl (78 kB)
[2024-05-12T17:14:33.664+0000] {subprocess.py:93} INFO - Using cached voluptuous-0.14.2-py3-none-any.whl (31 kB)
[2024-05-12T17:14:33.666+0000] {subprocess.py:93} INFO - Using cached zc.lockfile-3.0.post1-py3-none-any.whl (9.8 kB)
[2024-05-12T17:14:33.667+0000] {subprocess.py:93} INFO - Using cached aiohttp_retry-2.8.3-py3-none-any.whl (9.8 kB)
[2024-05-12T17:14:33.669+0000] {subprocess.py:93} INFO - Using cached atpublic-4.1.0-py3-none-any.whl (5.0 kB)
[2024-05-12T17:14:33.671+0000] {subprocess.py:93} INFO - Using cached dictdiffer-0.9.0-py2.py3-none-any.whl (16 kB)
[2024-05-12T17:14:33.673+0000] {subprocess.py:93} INFO - Using cached diskcache-5.6.3-py3-none-any.whl (45 kB)
[2024-05-12T17:14:33.674+0000] {subprocess.py:93} INFO - Using cached GitPython-3.1.43-py3-none-any.whl (207 kB)
[2024-05-12T17:14:33.720+0000] {subprocess.py:93} INFO - Downloading pygit2-1.14.1-cp312-cp312-manylinux_2_17_x86_64.manylinux2014_x86_64.whl (5.1 MB)
[2024-05-12T17:14:36.463+0000] {subprocess.py:93} INFO -    ━━━━━━━━━━━━━━━━━━━━━━━━━━━━━━━━━━━━━━━━ 5.1/5.1 MB 1.9 MB/s eta 0:00:00
[2024-05-12T17:14:36.465+0000] {subprocess.py:93} INFO - Using cached ruamel.yaml.clib-0.2.8-cp312-cp312-manylinux_2_17_x86_64.manylinux2014_x86_64.manylinux_2_28_x86_64.whl (734 kB)
[2024-05-12T17:14:36.472+0000] {subprocess.py:93} INFO - Using cached semver-3.0.2-py3-none-any.whl (17 kB)
[2024-05-12T17:14:36.476+0000] {subprocess.py:93} INFO - Using cached sqltrie-0.11.0-py3-none-any.whl (17 kB)
[2024-05-12T17:14:36.478+0000] {subprocess.py:93} INFO - Using cached typer-0.12.3-py3-none-any.whl (47 kB)
[2024-05-12T17:14:36.480+0000] {subprocess.py:93} INFO - Using cached appdirs-1.4.4-py2.py3-none-any.whl (9.6 kB)
[2024-05-12T17:14:36.482+0000] {subprocess.py:93} INFO - Using cached entrypoints-0.4-py3-none-any.whl (5.3 kB)
[2024-05-12T17:14:36.483+0000] {subprocess.py:93} INFO - Using cached gitdb-4.0.11-py3-none-any.whl (62 kB)
[2024-05-12T17:14:36.489+0000] {subprocess.py:93} INFO - Using cached shellingham-1.5.4-py2.py3-none-any.whl (9.8 kB)
[2024-05-12T17:14:36.495+0000] {subprocess.py:93} INFO - Using cached orjson-3.10.3-cp312-cp312-manylinux_2_17_x86_64.manylinux2014_x86_64.whl (142 kB)
[2024-05-12T17:14:36.498+0000] {subprocess.py:93} INFO - Using cached smmap-5.0.1-py3-none-any.whl (24 kB)
[2024-05-12T17:14:36.598+0000] {subprocess.py:93} INFO - Building wheels for collected packages: antlr4-python3-runtime
[2024-05-12T17:14:36.600+0000] {subprocess.py:93} INFO -   Building wheel for antlr4-python3-runtime (pyproject.toml): started
[2024-05-12T17:14:37.348+0000] {subprocess.py:93} INFO -   Building wheel for antlr4-python3-runtime (pyproject.toml): finished with status 'done'
[2024-05-12T17:14:37.348+0000] {subprocess.py:93} INFO -   Created wheel for antlr4-python3-runtime: filename=antlr4_python3_runtime-4.9.3-py3-none-any.whl size=144554 sha256=282d6521e2057467a824802b570620c8cac5823e0d8cee22146e61860f408bc5
[2024-05-12T17:14:37.349+0000] {subprocess.py:93} INFO -   Stored in directory: /home/***/.cache/pip/wheels/1f/be/48/13754633f1d08d1fbfc60d5e80ae1e5d7329500477685286cd
[2024-05-12T17:14:37.349+0000] {subprocess.py:93} INFO - Successfully built antlr4-python3-runtime
[2024-05-12T17:14:40.585+0000] {subprocess.py:93} INFO - Installing collected packages: pygtrie, funcy, dictdiffer, appdirs, antlr4-python3-runtime, zc.lockfile, voluptuous, tqdm, smmap, shtab, shortuuid, shellingham, semver, ruamel.yaml.clib, pydot, platformdirs, orjson, omegaconf, networkx, grandalf, fsspec, flatten-dict, entrypoints, dvc-render, dulwich, dpath, distro, diskcache, configobj, atpublic, sqltrie, ruamel.yaml, pygit2, iterative-telemetry, hydra-core, gitdb, flufl.lock, dvc-studio-client, dvc-objects, typer, gitpython, dvc-data, aiohttp-retry, scmrepo, dvc-task, dvc-http, gto, dvc
[2024-05-12T17:14:41.003+0000] {subprocess.py:93} INFO -   Attempting uninstall: platformdirs
[2024-05-12T17:14:41.210+0000] {subprocess.py:93} INFO -     Found existing installation: platformdirs 3.11.0
[2024-05-12T17:14:41.214+0000] {subprocess.py:93} INFO -     Uninstalling platformdirs-3.11.0:
[2024-05-12T17:14:41.216+0000] {subprocess.py:93} INFO -       Successfully uninstalled platformdirs-3.11.0
[2024-05-12T17:14:43.051+0000] {subprocess.py:93} INFO -   Attempting uninstall: fsspec
[2024-05-12T17:14:43.221+0000] {subprocess.py:93} INFO -     Found existing installation: fsspec 2024.3.1
[2024-05-12T17:14:43.228+0000] {subprocess.py:93} INFO -     Uninstalling fsspec-2024.3.1:
[2024-05-12T17:14:43.230+0000] {subprocess.py:93} INFO -       Successfully uninstalled fsspec-2024.3.1
[2024-05-12T17:14:43.337+0000] {subprocess.py:93} INFO -   Rolling back uninstall of fsspec
[2024-05-12T17:14:43.338+0000] {subprocess.py:93} INFO -   Moving to /home/***/.local/lib/python3.12/site-packages/fsspec-2024.3.1.dist-info/
[2024-05-12T17:14:43.338+0000] {subprocess.py:93} INFO -    from /home/***/.local/lib/python3.12/site-packages/~sspec-2024.3.1.dist-info
[2024-05-12T17:14:43.339+0000] {subprocess.py:93} INFO -   Moving to /home/***/.local/lib/python3.12/site-packages/fsspec/
[2024-05-12T17:14:43.339+0000] {subprocess.py:93} INFO -    from /home/***/.local/lib/python3.12/site-packages/~sspec
[2024-05-12T17:14:43.843+0000] {subprocess.py:93} INFO - ERROR: Could not install packages due to an OSError: [Errno 2] No such file or directory: '/home/***/.local/lib/python3.12/site-packages/fsspec-2024.3.1.dist-info/INSTALLERic82h115.tmp'
[2024-05-12T17:14:43.843+0000] {subprocess.py:93} INFO - 
[2024-05-12T17:14:44.501+0000] {subprocess.py:97} INFO - Command exited with return code 1
[2024-05-12T17:14:44.505+0000] {taskinstance.py:441} INFO - ::group::Post task execution logs
[2024-05-12T17:14:44.516+0000] {taskinstance.py:2905} ERROR - Task failed with exception
Traceback (most recent call last):
  File "/home/airflow/.local/lib/python3.12/site-packages/airflow/models/taskinstance.py", line 465, in _execute_task
    result = _execute_callable(context=context, **execute_callable_kwargs)
             ^^^^^^^^^^^^^^^^^^^^^^^^^^^^^^^^^^^^^^^^^^^^^^^^^^^^^^^^^^^^^
  File "/home/airflow/.local/lib/python3.12/site-packages/airflow/models/taskinstance.py", line 432, in _execute_callable
    return execute_callable(context=context, **execute_callable_kwargs)
           ^^^^^^^^^^^^^^^^^^^^^^^^^^^^^^^^^^^^^^^^^^^^^^^^^^^^^^^^^^^^
  File "/home/airflow/.local/lib/python3.12/site-packages/airflow/models/baseoperator.py", line 400, in wrapper
    return func(self, *args, **kwargs)
           ^^^^^^^^^^^^^^^^^^^^^^^^^^^
  File "/home/airflow/.local/lib/python3.12/site-packages/airflow/operators/bash.py", line 243, in execute
    raise AirflowException(
airflow.exceptions.AirflowException: Bash command failed. The command returned a non-zero exit code 1.
[2024-05-12T17:14:44.522+0000] {taskinstance.py:1206} INFO - Marking task as FAILED. dag_id=web_article_scraping, task_id=dvc_add_and_push, run_id=scheduled__2024-05-10T00:00:00+00:00, execution_date=20240510T000000, start_date=20240512T171358, end_date=20240512T171444
[2024-05-12T17:14:44.540+0000] {standard_task_runner.py:110} ERROR - Failed to execute job 28 for task dvc_add_and_push (Bash command failed. The command returned a non-zero exit code 1.; 5554)
[2024-05-12T17:14:44.574+0000] {local_task_job_runner.py:240} INFO - Task exited with return code 1
[2024-05-12T17:14:44.592+0000] {taskinstance.py:3498} INFO - 0 downstream tasks scheduled from follow-on schedule check
[2024-05-12T17:14:44.593+0000] {local_task_job_runner.py:222} INFO - ::endgroup::
