[2024-05-12T17:13:58.050+0000] {local_task_job_runner.py:120} INFO - ::group::Pre task execution logs
[2024-05-12T17:13:58.072+0000] {taskinstance.py:2076} INFO - Dependencies all met for dep_context=non-requeueable deps ti=<TaskInstance: web_article_scraping.dvc_add_and_push scheduled__2024-05-08T00:00:00+00:00 [queued]>
[2024-05-12T17:13:58.080+0000] {taskinstance.py:2076} INFO - Dependencies all met for dep_context=requeueable deps ti=<TaskInstance: web_article_scraping.dvc_add_and_push scheduled__2024-05-08T00:00:00+00:00 [queued]>
[2024-05-12T17:13:58.080+0000] {taskinstance.py:2306} INFO - Starting attempt 1 of 1
[2024-05-12T17:13:58.095+0000] {taskinstance.py:2330} INFO - Executing <Task(BashOperator): dvc_add_and_push> on 2024-05-08 00:00:00+00:00
[2024-05-12T17:13:58.102+0000] {warnings.py:110} WARNING - /home/***/.local/lib/python3.12/site-packages/***/task/task_runner/standard_task_runner.py:61: DeprecationWarning: This process (pid=5541) is multi-threaded, use of fork() may lead to deadlocks in the child.
  pid = os.fork()

[2024-05-12T17:13:58.103+0000] {standard_task_runner.py:63} INFO - Started process 5550 to run task
[2024-05-12T17:13:58.104+0000] {standard_task_runner.py:90} INFO - Running: ['***', 'tasks', 'run', 'web_article_scraping', 'dvc_add_and_push', 'scheduled__2024-05-08T00:00:00+00:00', '--job-id', '23', '--raw', '--subdir', 'DAGS_FOLDER/dag.py', '--cfg-path', '/tmp/tmpc44tga5c']
[2024-05-12T17:13:58.104+0000] {standard_task_runner.py:91} INFO - Job 23: Subtask dvc_add_and_push
[2024-05-12T17:13:58.164+0000] {task_command.py:426} INFO - Running <TaskInstance: web_article_scraping.dvc_add_and_push scheduled__2024-05-08T00:00:00+00:00 [running]> on host 4d491b913ee9
[2024-05-12T17:13:58.244+0000] {taskinstance.py:2648} INFO - Exporting env vars: AIRFLOW_CTX_DAG_OWNER='***' AIRFLOW_CTX_DAG_ID='web_article_scraping' AIRFLOW_CTX_TASK_ID='dvc_add_and_push' AIRFLOW_CTX_EXECUTION_DATE='2024-05-08T00:00:00+00:00' AIRFLOW_CTX_TRY_NUMBER='1' AIRFLOW_CTX_DAG_RUN_ID='scheduled__2024-05-08T00:00:00+00:00'
[2024-05-12T17:13:58.246+0000] {taskinstance.py:430} INFO - ::endgroup::
[2024-05-12T17:13:58.247+0000] {subprocess.py:63} INFO - Tmp dir root location: /tmp
[2024-05-12T17:13:58.248+0000] {subprocess.py:75} INFO - Running command: ['/usr/bin/bash', '-c', '\ncd /opt/***/dags\npip install dvc && pip install dvc-gdrive && dvc init -f --no-scm && dvc remote add -d mygoogleDrive gdrive://1akLltC_11ZTBzZF-D4cZt_sZIf-jheJE && dvc add extracted_data.csv && dvc push -r mygoogleDrive']
[2024-05-12T17:13:58.260+0000] {subprocess.py:86} INFO - Output:
[2024-05-12T17:14:01.566+0000] {subprocess.py:93} INFO - Collecting dvc
[2024-05-12T17:14:01.748+0000] {subprocess.py:93} INFO -   Downloading dvc-3.50.1-py3-none-any.whl.metadata (17 kB)
[2024-05-12T17:14:01.834+0000] {subprocess.py:93} INFO - Requirement already satisfied: attrs>=22.2.0 in /home/***/.local/lib/python3.12/site-packages (from dvc) (23.2.0)
[2024-05-12T17:14:01.836+0000] {subprocess.py:93} INFO - Requirement already satisfied: celery in /home/***/.local/lib/python3.12/site-packages (from dvc) (5.4.0)
[2024-05-12T17:14:01.837+0000] {subprocess.py:93} INFO - Requirement already satisfied: colorama>=0.3.9 in /home/***/.local/lib/python3.12/site-packages (from dvc) (0.4.6)
[2024-05-12T17:14:02.152+0000] {subprocess.py:93} INFO - Collecting configobj>=5.0.6 (from dvc)
[2024-05-12T17:14:02.200+0000] {subprocess.py:93} INFO -   Downloading configobj-5.0.8-py2.py3-none-any.whl.metadata (3.4 kB)
[2024-05-12T17:14:02.317+0000] {subprocess.py:93} INFO - Collecting distro>=1.3 (from dvc)
[2024-05-12T17:14:02.366+0000] {subprocess.py:93} INFO -   Downloading distro-1.9.0-py3-none-any.whl.metadata (6.8 kB)
[2024-05-12T17:14:02.782+0000] {subprocess.py:93} INFO - Collecting dpath<3,>=2.1.0 (from dvc)
[2024-05-12T17:14:02.827+0000] {subprocess.py:93} INFO -   Downloading dpath-2.1.6-py3-none-any.whl.metadata (15 kB)
[2024-05-12T17:14:03.190+0000] {subprocess.py:93} INFO - Collecting dulwich (from dvc)
[2024-05-12T17:14:03.234+0000] {subprocess.py:93} INFO -   Downloading dulwich-0.22.1-cp312-cp312-manylinux_2_17_x86_64.manylinux2014_x86_64.whl.metadata (4.4 kB)
[2024-05-12T17:14:03.691+0000] {subprocess.py:93} INFO - Collecting dvc-data<3.16,>=3.15 (from dvc)
[2024-05-12T17:14:03.736+0000] {subprocess.py:93} INFO -   Downloading dvc_data-3.15.1-py3-none-any.whl.metadata (5.0 kB)
[2024-05-12T17:14:04.090+0000] {subprocess.py:93} INFO - Collecting dvc-http>=2.29.0 (from dvc)
[2024-05-12T17:14:04.139+0000] {subprocess.py:93} INFO -   Downloading dvc_http-2.32.0-py3-none-any.whl.metadata (1.3 kB)
[2024-05-12T17:14:04.608+0000] {subprocess.py:93} INFO - Collecting dvc-objects (from dvc)
[2024-05-12T17:14:04.651+0000] {subprocess.py:93} INFO -   Downloading dvc_objects-5.1.0-py3-none-any.whl.metadata (3.7 kB)
[2024-05-12T17:14:05.072+0000] {subprocess.py:93} INFO - Collecting dvc-render<2,>=1.0.1 (from dvc)
[2024-05-12T17:14:05.121+0000] {subprocess.py:93} INFO -   Downloading dvc_render-1.0.2-py3-none-any.whl.metadata (5.4 kB)
[2024-05-12T17:14:05.565+0000] {subprocess.py:93} INFO - Collecting dvc-studio-client<1,>=0.20 (from dvc)
[2024-05-12T17:14:05.611+0000] {subprocess.py:93} INFO -   Downloading dvc_studio_client-0.20.0-py3-none-any.whl.metadata (4.3 kB)
[2024-05-12T17:14:05.938+0000] {subprocess.py:93} INFO - Collecting dvc-task<1,>=0.3.0 (from dvc)
[2024-05-12T17:14:05.985+0000] {subprocess.py:93} INFO -   Downloading dvc_task-0.4.0-py3-none-any.whl.metadata (9.9 kB)
[2024-05-12T17:14:06.309+0000] {subprocess.py:93} INFO - Collecting flatten-dict<1,>=0.4.1 (from dvc)
[2024-05-12T17:14:06.352+0000] {subprocess.py:93} INFO -   Downloading flatten_dict-0.4.2-py2.py3-none-any.whl.metadata (9.2 kB)
[2024-05-12T17:14:06.771+0000] {subprocess.py:93} INFO - Collecting flufl.lock<8,>=5 (from dvc)
[2024-05-12T17:14:06.820+0000] {subprocess.py:93} INFO -   Downloading flufl.lock-7.1.1-py3-none-any.whl.metadata (3.3 kB)
[2024-05-12T17:14:06.850+0000] {subprocess.py:93} INFO - Requirement already satisfied: fsspec in /home/***/.local/lib/python3.12/site-packages (from dvc) (2023.12.2)
[2024-05-12T17:14:07.262+0000] {subprocess.py:93} INFO - Collecting funcy>=1.14 (from dvc)
[2024-05-12T17:14:07.318+0000] {subprocess.py:93} INFO -   Downloading funcy-2.0-py2.py3-none-any.whl.metadata (5.9 kB)
[2024-05-12T17:14:07.741+0000] {subprocess.py:93} INFO - Collecting grandalf<1,>=0.7 (from dvc)
[2024-05-12T17:14:07.790+0000] {subprocess.py:93} INFO -   Downloading grandalf-0.8-py3-none-any.whl.metadata (1.7 kB)
[2024-05-12T17:14:08.246+0000] {subprocess.py:93} INFO - Collecting gto<2,>=1.6.0 (from dvc)
[2024-05-12T17:14:08.296+0000] {subprocess.py:93} INFO -   Downloading gto-1.7.1-py3-none-any.whl.metadata (4.2 kB)
[2024-05-12T17:14:08.720+0000] {subprocess.py:93} INFO - Collecting hydra-core>=1.1 (from dvc)
[2024-05-12T17:14:08.762+0000] {subprocess.py:93} INFO -   Downloading hydra_core-1.3.2-py3-none-any.whl.metadata (5.5 kB)
[2024-05-12T17:14:09.086+0000] {subprocess.py:93} INFO - Collecting iterative-telemetry>=0.0.7 (from dvc)
[2024-05-12T17:14:09.130+0000] {subprocess.py:93} INFO -   Downloading iterative_telemetry-0.0.8-py3-none-any.whl.metadata (4.1 kB)
[2024-05-12T17:14:09.139+0000] {subprocess.py:93} INFO - Requirement already satisfied: kombu in /home/***/.local/lib/python3.12/site-packages (from dvc) (5.3.7)
[2024-05-12T17:14:09.235+0000] {subprocess.py:93} INFO - Collecting networkx>=2.5 (from dvc)
[2024-05-12T17:14:09.277+0000] {subprocess.py:93} INFO -   Downloading networkx-3.3-py3-none-any.whl.metadata (5.1 kB)
[2024-05-12T17:14:09.418+0000] {subprocess.py:93} INFO - Collecting omegaconf (from dvc)
[2024-05-12T17:14:09.464+0000] {subprocess.py:93} INFO -   Downloading omegaconf-2.3.0-py3-none-any.whl.metadata (3.9 kB)
[2024-05-12T17:14:09.482+0000] {subprocess.py:93} INFO - Requirement already satisfied: packaging>=19 in /home/***/.local/lib/python3.12/site-packages (from dvc) (24.0)
[2024-05-12T17:14:09.485+0000] {subprocess.py:93} INFO - Requirement already satisfied: pathspec>=0.10.3 in /home/***/.local/lib/python3.12/site-packages (from dvc) (0.12.1)
[2024-05-12T17:14:09.621+0000] {subprocess.py:93} INFO - Collecting platformdirs<4,>=3.1.1 (from dvc)
[2024-05-12T17:14:09.669+0000] {subprocess.py:93} INFO -   Downloading platformdirs-3.11.0-py3-none-any.whl.metadata (11 kB)
[2024-05-12T17:14:09.701+0000] {subprocess.py:93} INFO - Requirement already satisfied: psutil>=5.8 in /home/***/.local/lib/python3.12/site-packages (from dvc) (5.9.8)
[2024-05-12T17:14:10.065+0000] {subprocess.py:93} INFO - Collecting pydot>=1.2.4 (from dvc)
[2024-05-12T17:14:10.109+0000] {subprocess.py:93} INFO -   Downloading pydot-2.0.0-py3-none-any.whl.metadata (9.6 kB)
[2024-05-12T17:14:10.438+0000] {subprocess.py:93} INFO - Collecting pygtrie>=2.3.2 (from dvc)
[2024-05-12T17:14:10.483+0000] {subprocess.py:93} INFO -   Downloading pygtrie-2.5.0-py3-none-any.whl.metadata (7.5 kB)
[2024-05-12T17:14:10.496+0000] {subprocess.py:93} INFO - Requirement already satisfied: pyparsing>=2.4.7 in /home/***/.local/lib/python3.12/site-packages (from dvc) (3.1.2)
[2024-05-12T17:14:10.498+0000] {subprocess.py:93} INFO - Requirement already satisfied: requests>=2.22 in /home/***/.local/lib/python3.12/site-packages (from dvc) (2.31.0)
[2024-05-12T17:14:10.501+0000] {subprocess.py:93} INFO - Requirement already satisfied: rich>=12 in /home/***/.local/lib/python3.12/site-packages (from dvc) (13.7.1)
[2024-05-12T17:14:10.888+0000] {subprocess.py:93} INFO - Collecting ruamel.yaml>=0.17.11 (from dvc)
[2024-05-12T17:14:10.931+0000] {subprocess.py:93} INFO -   Downloading ruamel.yaml-0.18.6-py3-none-any.whl.metadata (23 kB)
[2024-05-12T17:14:11.292+0000] {subprocess.py:93} INFO - Collecting scmrepo<4,>=3.3.2 (from dvc)
[2024-05-12T17:14:11.340+0000] {subprocess.py:93} INFO -   Downloading scmrepo-3.3.2-py3-none-any.whl.metadata (4.7 kB)
[2024-05-12T17:14:11.704+0000] {subprocess.py:93} INFO - Collecting shortuuid>=0.5 (from dvc)
[2024-05-12T17:14:11.749+0000] {subprocess.py:93} INFO -   Downloading shortuuid-1.0.13-py3-none-any.whl.metadata (5.8 kB)
[2024-05-12T17:14:12.193+0000] {subprocess.py:93} INFO - Collecting shtab<2,>=1.3.4 (from dvc)
[2024-05-12T17:14:12.240+0000] {subprocess.py:93} INFO -   Downloading shtab-1.7.1-py3-none-any.whl.metadata (7.3 kB)
[2024-05-12T17:14:12.277+0000] {subprocess.py:93} INFO - Requirement already satisfied: tabulate>=0.8.7 in /home/***/.local/lib/python3.12/site-packages (from dvc) (0.9.0)
[2024-05-12T17:14:12.279+0000] {subprocess.py:93} INFO - Requirement already satisfied: tomlkit>=0.11.1 in /home/***/.local/lib/python3.12/site-packages (from dvc) (0.12.4)
[2024-05-12T17:14:12.430+0000] {subprocess.py:93} INFO - Collecting tqdm<5,>=4.63.1 (from dvc)
[2024-05-12T17:14:12.481+0000] {subprocess.py:93} INFO -   Downloading tqdm-4.66.4-py3-none-any.whl.metadata (57 kB)
[2024-05-12T17:14:12.520+0000] {subprocess.py:93} INFO -      ━━━━━━━━━━━━━━━━━━━━━━━━━━━━━━━━━━━━━━━━ 57.6/57.6 kB 1.3 MB/s eta 0:00:00
[2024-05-12T17:14:12.840+0000] {subprocess.py:93} INFO - Collecting voluptuous>=0.11.7 (from dvc)
[2024-05-12T17:14:12.895+0000] {subprocess.py:93} INFO -   Downloading voluptuous-0.14.2-py3-none-any.whl.metadata (20 kB)
[2024-05-12T17:14:13.221+0000] {subprocess.py:93} INFO - Collecting zc.lockfile>=1.2.1 (from dvc)
[2024-05-12T17:14:13.268+0000] {subprocess.py:93} INFO -   Downloading zc.lockfile-3.0.post1-py3-none-any.whl.metadata (6.2 kB)
[2024-05-12T17:14:13.308+0000] {subprocess.py:93} INFO - Requirement already satisfied: six in /home/***/.local/lib/python3.12/site-packages (from configobj>=5.0.6->dvc) (1.16.0)
[2024-05-12T17:14:13.658+0000] {subprocess.py:93} INFO - Collecting dictdiffer>=0.8.1 (from dvc-data<3.16,>=3.15->dvc)
[2024-05-12T17:14:13.706+0000] {subprocess.py:93} INFO -   Downloading dictdiffer-0.9.0-py2.py3-none-any.whl.metadata (4.8 kB)
[2024-05-12T17:14:13.836+0000] {subprocess.py:93} INFO - Collecting fsspec (from dvc)
[2024-05-12T17:14:13.879+0000] {subprocess.py:93} INFO -   Downloading fsspec-2024.3.1-py3-none-any.whl.metadata (6.8 kB)
[2024-05-12T17:14:13.972+0000] {subprocess.py:93} INFO - Collecting diskcache>=5.2.1 (from dvc-data<3.16,>=3.15->dvc)
[2024-05-12T17:14:14.016+0000] {subprocess.py:93} INFO -   Downloading diskcache-5.6.3-py3-none-any.whl.metadata (20 kB)
[2024-05-12T17:14:14.337+0000] {subprocess.py:93} INFO - Collecting sqltrie<1,>=0.11.0 (from dvc-data<3.16,>=3.15->dvc)
[2024-05-12T17:14:14.384+0000] {subprocess.py:93} INFO -   Downloading sqltrie-0.11.0-py3-none-any.whl.metadata (3.3 kB)
[2024-05-12T17:14:14.761+0000] {subprocess.py:93} INFO - Collecting aiohttp-retry>=2.5.0 (from dvc-http>=2.29.0->dvc)
[2024-05-12T17:14:14.811+0000] {subprocess.py:93} INFO -   Downloading aiohttp_retry-2.8.3-py3-none-any.whl.metadata (8.9 kB)
[2024-05-12T17:14:15.016+0000] {subprocess.py:93} INFO - Requirement already satisfied: billiard<5.0,>=4.2.0 in /home/***/.local/lib/python3.12/site-packages (from celery->dvc) (4.2.0)
[2024-05-12T17:14:15.019+0000] {subprocess.py:93} INFO - Requirement already satisfied: vine<6.0,>=5.1.0 in /home/***/.local/lib/python3.12/site-packages (from celery->dvc) (5.1.0)
[2024-05-12T17:14:15.020+0000] {subprocess.py:93} INFO - Requirement already satisfied: click<9.0,>=8.1.2 in /home/***/.local/lib/python3.12/site-packages (from celery->dvc) (8.1.7)
[2024-05-12T17:14:15.022+0000] {subprocess.py:93} INFO - Requirement already satisfied: click-didyoumean>=0.3.0 in /home/***/.local/lib/python3.12/site-packages (from celery->dvc) (0.3.1)
[2024-05-12T17:14:15.024+0000] {subprocess.py:93} INFO - Requirement already satisfied: click-repl>=0.2.0 in /home/***/.local/lib/python3.12/site-packages (from celery->dvc) (0.3.0)
[2024-05-12T17:14:15.026+0000] {subprocess.py:93} INFO - Requirement already satisfied: click-plugins>=1.1.1 in /home/***/.local/lib/python3.12/site-packages (from celery->dvc) (1.1.1)
[2024-05-12T17:14:15.028+0000] {subprocess.py:93} INFO - Requirement already satisfied: tzdata>=2022.7 in /home/***/.local/lib/python3.12/site-packages (from celery->dvc) (2024.1)
[2024-05-12T17:14:15.030+0000] {subprocess.py:93} INFO - Requirement already satisfied: python-dateutil>=2.8.2 in /home/***/.local/lib/python3.12/site-packages (from celery->dvc) (2.9.0.post0)
[2024-05-12T17:14:15.421+0000] {subprocess.py:93} INFO - Collecting atpublic>=2.3 (from flufl.lock<8,>=5->dvc)
[2024-05-12T17:14:15.465+0000] {subprocess.py:93} INFO -   Downloading atpublic-4.1.0-py3-none-any.whl.metadata (1.8 kB)
[2024-05-12T17:14:15.628+0000] {subprocess.py:93} INFO - Collecting typer>=0.4.1 (from gto<2,>=1.6.0->dvc)
[2024-05-12T17:14:15.679+0000] {subprocess.py:93} INFO -   Downloading typer-0.12.3-py3-none-any.whl.metadata (15 kB)
[2024-05-12T17:14:15.700+0000] {subprocess.py:93} INFO - Requirement already satisfied: pydantic!=2.0.0,<3,>=1.9.0 in /home/***/.local/lib/python3.12/site-packages (from gto<2,>=1.6.0->dvc) (2.7.1)
[2024-05-12T17:14:15.779+0000] {subprocess.py:93} INFO - Collecting semver>=2.13.0 (from gto<2,>=1.6.0->dvc)
[2024-05-12T17:14:15.822+0000] {subprocess.py:93} INFO -   Downloading semver-3.0.2-py3-none-any.whl.metadata (5.0 kB)
[2024-05-12T17:14:15.888+0000] {subprocess.py:93} INFO - Collecting entrypoints (from gto<2,>=1.6.0->dvc)
[2024-05-12T17:14:15.931+0000] {subprocess.py:93} INFO -   Downloading entrypoints-0.4-py3-none-any.whl.metadata (2.6 kB)
[2024-05-12T17:14:16.010+0000] {subprocess.py:93} INFO - Collecting antlr4-python3-runtime==4.9.* (from hydra-core>=1.1->dvc)
[2024-05-12T17:14:16.053+0000] {subprocess.py:93} INFO -   Downloading antlr4-python3-runtime-4.9.3.tar.gz (117 kB)
[2024-05-12T17:14:16.099+0000] {subprocess.py:93} INFO -      ━━━━━━━━━━━━━━━━━━━━━━━━━━━━━━━━━━━━━━━ 117.0/117.0 kB 2.6 MB/s eta 0:00:00
[2024-05-12T17:14:16.122+0000] {subprocess.py:93} INFO -   Installing build dependencies: started
[2024-05-12T17:14:22.165+0000] {subprocess.py:93} INFO -   Installing build dependencies: finished with status 'done'
[2024-05-12T17:14:22.166+0000] {subprocess.py:93} INFO -   Getting requirements to build wheel: started
[2024-05-12T17:14:22.772+0000] {subprocess.py:93} INFO -   Getting requirements to build wheel: finished with status 'done'
[2024-05-12T17:14:22.774+0000] {subprocess.py:93} INFO -   Installing backend dependencies: started
[2024-05-12T17:14:27.474+0000] {subprocess.py:93} INFO -   Installing backend dependencies: finished with status 'done'
[2024-05-12T17:14:27.475+0000] {subprocess.py:93} INFO -   Preparing metadata (pyproject.toml): started
[2024-05-12T17:14:28.088+0000] {subprocess.py:93} INFO -   Preparing metadata (pyproject.toml): finished with status 'done'
[2024-05-12T17:14:28.174+0000] {subprocess.py:93} INFO - Collecting appdirs (from iterative-telemetry>=0.0.7->dvc)
[2024-05-12T17:14:28.175+0000] {subprocess.py:93} INFO -   Using cached appdirs-1.4.4-py2.py3-none-any.whl.metadata (9.0 kB)
[2024-05-12T17:14:28.179+0000] {subprocess.py:93} INFO - Requirement already satisfied: filelock in /home/***/.local/lib/python3.12/site-packages (from iterative-telemetry>=0.0.7->dvc) (3.14.0)
[2024-05-12T17:14:28.208+0000] {subprocess.py:93} INFO - Requirement already satisfied: amqp<6.0.0,>=5.1.1 in /home/***/.local/lib/python3.12/site-packages (from kombu->dvc) (5.2.0)
[2024-05-12T17:14:28.234+0000] {subprocess.py:93} INFO - Requirement already satisfied: PyYAML>=5.1.0 in /home/***/.local/lib/python3.12/site-packages (from omegaconf->dvc) (6.0.1)
[2024-05-12T17:14:28.303+0000] {subprocess.py:93} INFO - Requirement already satisfied: charset-normalizer<4,>=2 in /home/***/.local/lib/python3.12/site-packages (from requests>=2.22->dvc) (3.3.2)
[2024-05-12T17:14:28.305+0000] {subprocess.py:93} INFO - Requirement already satisfied: idna<4,>=2.5 in /home/***/.local/lib/python3.12/site-packages (from requests>=2.22->dvc) (3.7)
[2024-05-12T17:14:28.306+0000] {subprocess.py:93} INFO - Requirement already satisfied: urllib3<3,>=1.21.1 in /home/***/.local/lib/python3.12/site-packages (from requests>=2.22->dvc) (2.2.1)
[2024-05-12T17:14:28.308+0000] {subprocess.py:93} INFO - Requirement already satisfied: certifi>=2017.4.17 in /home/***/.local/lib/python3.12/site-packages (from requests>=2.22->dvc) (2024.2.2)
[2024-05-12T17:14:28.320+0000] {subprocess.py:93} INFO - Requirement already satisfied: markdown-it-py>=2.2.0 in /home/***/.local/lib/python3.12/site-packages (from rich>=12->dvc) (3.0.0)
[2024-05-12T17:14:28.322+0000] {subprocess.py:93} INFO - Requirement already satisfied: pygments<3.0.0,>=2.13.0 in /home/***/.local/lib/python3.12/site-packages (from rich>=12->dvc) (2.17.2)
[2024-05-12T17:14:28.409+0000] {subprocess.py:93} INFO - Collecting ruamel.yaml.clib>=0.2.7 (from ruamel.yaml>=0.17.11->dvc)
[2024-05-12T17:14:28.411+0000] {subprocess.py:93} INFO -   Using cached ruamel.yaml.clib-0.2.8-cp312-cp312-manylinux_2_17_x86_64.manylinux2014_x86_64.manylinux_2_28_x86_64.whl.metadata (2.2 kB)
[2024-05-12T17:14:28.527+0000] {subprocess.py:93} INFO - Collecting gitpython>3 (from scmrepo<4,>=3.3.2->dvc)
[2024-05-12T17:14:28.573+0000] {subprocess.py:93} INFO -   Downloading GitPython-3.1.43-py3-none-any.whl.metadata (13 kB)
[2024-05-12T17:14:29.025+0000] {subprocess.py:93} INFO - Collecting pygit2>=1.14.0 (from scmrepo<4,>=3.3.2->dvc)
[2024-05-12T17:14:29.069+0000] {subprocess.py:93} INFO -   Downloading pygit2-1.14.1-cp312-cp312-manylinux_2_17_x86_64.manylinux2014_x86_64.whl.metadata (3.4 kB)
[2024-05-12T17:14:29.077+0000] {subprocess.py:93} INFO - Requirement already satisfied: asyncssh<3,>=2.13.1 in /home/***/.local/lib/python3.12/site-packages (from scmrepo<4,>=3.3.2->dvc) (2.14.2)
[2024-05-12T17:14:29.095+0000] {subprocess.py:93} INFO - Requirement already satisfied: setuptools in /home/***/.local/lib/python3.12/site-packages (from dulwich->dvc) (66.1.1)
[2024-05-12T17:14:29.174+0000] {subprocess.py:93} INFO - Requirement already satisfied: aiohttp in /home/***/.local/lib/python3.12/site-packages (from aiohttp-retry>=2.5.0->dvc-http>=2.29.0->dvc) (3.9.5)
[2024-05-12T17:14:29.204+0000] {subprocess.py:93} INFO - Requirement already satisfied: cryptography>=39.0 in /home/***/.local/lib/python3.12/site-packages (from asyncssh<3,>=2.13.1->scmrepo<4,>=3.3.2->dvc) (41.0.7)
[2024-05-12T17:14:29.206+0000] {subprocess.py:93} INFO - Requirement already satisfied: typing-extensions>=3.6 in /home/***/.local/lib/python3.12/site-packages (from asyncssh<3,>=2.13.1->scmrepo<4,>=3.3.2->dvc) (4.11.0)
[2024-05-12T17:14:29.289+0000] {subprocess.py:93} INFO - Requirement already satisfied: prompt-toolkit>=3.0.36 in /home/***/.local/lib/python3.12/site-packages (from click-repl>=0.2.0->celery->dvc) (3.0.43)
[2024-05-12T17:14:29.471+0000] {subprocess.py:93} INFO - Collecting gitdb<5,>=4.0.1 (from gitpython>3->scmrepo<4,>=3.3.2->dvc)
[2024-05-12T17:14:29.514+0000] {subprocess.py:93} INFO -   Downloading gitdb-4.0.11-py3-none-any.whl.metadata (1.2 kB)
[2024-05-12T17:14:29.554+0000] {subprocess.py:93} INFO - Requirement already satisfied: mdurl~=0.1 in /home/***/.local/lib/python3.12/site-packages (from markdown-it-py>=2.2.0->rich>=12->dvc) (0.1.2)
[2024-05-12T17:14:29.565+0000] {subprocess.py:93} INFO - Requirement already satisfied: annotated-types>=0.4.0 in /home/***/.local/lib/python3.12/site-packages (from pydantic!=2.0.0,<3,>=1.9.0->gto<2,>=1.6.0->dvc) (0.6.0)
[2024-05-12T17:14:29.567+0000] {subprocess.py:93} INFO - Requirement already satisfied: pydantic-core==2.18.2 in /home/***/.local/lib/python3.12/site-packages (from pydantic!=2.0.0,<3,>=1.9.0->gto<2,>=1.6.0->dvc) (2.18.2)
[2024-05-12T17:14:29.584+0000] {subprocess.py:93} INFO - Requirement already satisfied: cffi>=1.16.0 in /home/***/.local/lib/python3.12/site-packages (from pygit2>=1.14.0->scmrepo<4,>=3.3.2->dvc) (1.16.0)
[2024-05-12T17:14:30.110+0000] {subprocess.py:93} INFO - Collecting orjson (from sqltrie<1,>=0.11.0->dvc-data<3.16,>=3.15->dvc)
[2024-05-12T17:14:30.111+0000] {subprocess.py:93} INFO -   Using cached orjson-3.10.3-cp312-cp312-manylinux_2_17_x86_64.manylinux2014_x86_64.whl.metadata (49 kB)
[2024-05-12T17:14:30.192+0000] {subprocess.py:93} INFO - Collecting shellingham>=1.3.0 (from typer>=0.4.1->gto<2,>=1.6.0->dvc)
[2024-05-12T17:14:30.235+0000] {subprocess.py:93} INFO -   Downloading shellingham-1.5.4-py2.py3-none-any.whl.metadata (3.5 kB)
[2024-05-12T17:14:30.410+0000] {subprocess.py:93} INFO - Requirement already satisfied: aiosignal>=1.1.2 in /home/***/.local/lib/python3.12/site-packages (from aiohttp->aiohttp-retry>=2.5.0->dvc-http>=2.29.0->dvc) (1.3.1)
[2024-05-12T17:14:30.413+0000] {subprocess.py:93} INFO - Requirement already satisfied: frozenlist>=1.1.1 in /home/***/.local/lib/python3.12/site-packages (from aiohttp->aiohttp-retry>=2.5.0->dvc-http>=2.29.0->dvc) (1.4.1)
[2024-05-12T17:14:30.414+0000] {subprocess.py:93} INFO - Requirement already satisfied: multidict<7.0,>=4.5 in /home/***/.local/lib/python3.12/site-packages (from aiohttp->aiohttp-retry>=2.5.0->dvc-http>=2.29.0->dvc) (6.0.5)
[2024-05-12T17:14:30.417+0000] {subprocess.py:93} INFO - Requirement already satisfied: yarl<2.0,>=1.0 in /home/***/.local/lib/python3.12/site-packages (from aiohttp->aiohttp-retry>=2.5.0->dvc-http>=2.29.0->dvc) (1.9.4)
[2024-05-12T17:14:30.435+0000] {subprocess.py:93} INFO - Requirement already satisfied: pycparser in /home/***/.local/lib/python3.12/site-packages (from cffi>=1.16.0->pygit2>=1.14.0->scmrepo<4,>=3.3.2->dvc) (2.22)
[2024-05-12T17:14:30.543+0000] {subprocess.py:93} INFO - Collecting smmap<6,>=3.0.1 (from gitdb<5,>=4.0.1->gitpython>3->scmrepo<4,>=3.3.2->dvc)
[2024-05-12T17:14:30.587+0000] {subprocess.py:93} INFO -   Downloading smmap-5.0.1-py3-none-any.whl.metadata (4.3 kB)
[2024-05-12T17:14:30.620+0000] {subprocess.py:93} INFO - Requirement already satisfied: wcwidth in /home/***/.local/lib/python3.12/site-packages (from prompt-toolkit>=3.0.36->click-repl>=0.2.0->celery->dvc) (0.2.13)
[2024-05-12T17:14:30.806+0000] {subprocess.py:93} INFO - Downloading dvc-3.50.1-py3-none-any.whl (451 kB)
[2024-05-12T17:14:30.977+0000] {subprocess.py:93} INFO -    ━━━━━━━━━━━━━━━━━━━━━━━━━━━━━━━━━━━━━━━━ 451.6/451.6 kB 2.7 MB/s eta 0:00:00
[2024-05-12T17:14:31.021+0000] {subprocess.py:93} INFO - Downloading configobj-5.0.8-py2.py3-none-any.whl (36 kB)
[2024-05-12T17:14:31.075+0000] {subprocess.py:93} INFO - Downloading distro-1.9.0-py3-none-any.whl (20 kB)
[2024-05-12T17:14:31.126+0000] {subprocess.py:93} INFO - Downloading dpath-2.1.6-py3-none-any.whl (17 kB)
[2024-05-12T17:14:31.198+0000] {subprocess.py:93} INFO - Downloading dvc_data-3.15.1-py3-none-any.whl (71 kB)
[2024-05-12T17:14:31.214+0000] {subprocess.py:93} INFO -    ━━━━━━━━━━━━━━━━━━━━━━━━━━━━━━━━━━━━━━━━ 71.6/71.6 kB 4.7 MB/s eta 0:00:00
[2024-05-12T17:14:31.215+0000] {subprocess.py:93} INFO - Using cached dvc_http-2.32.0-py3-none-any.whl (12 kB)
[2024-05-12T17:14:31.260+0000] {subprocess.py:93} INFO - Downloading dvc_objects-5.1.0-py3-none-any.whl (33 kB)
[2024-05-12T17:14:31.317+0000] {subprocess.py:93} INFO - Downloading dvc_render-1.0.2-py3-none-any.whl (22 kB)
[2024-05-12T17:14:31.372+0000] {subprocess.py:93} INFO - Downloading dvc_studio_client-0.20.0-py3-none-any.whl (16 kB)
[2024-05-12T17:14:31.426+0000] {subprocess.py:93} INFO - Downloading dvc_task-0.4.0-py3-none-any.whl (21 kB)
[2024-05-12T17:14:31.477+0000] {subprocess.py:93} INFO - Downloading flatten_dict-0.4.2-py2.py3-none-any.whl (9.7 kB)
[2024-05-12T17:14:31.527+0000] {subprocess.py:93} INFO - Downloading flufl.lock-7.1.1-py3-none-any.whl (11 kB)
[2024-05-12T17:14:31.575+0000] {subprocess.py:93} INFO - Downloading fsspec-2024.3.1-py3-none-any.whl (171 kB)
[2024-05-12T17:14:31.661+0000] {subprocess.py:93} INFO -    ━━━━━━━━━━━━━━━━━━━━━━━━━━━━━━━━━━━━━━━━ 172.0/172.0 kB 1.9 MB/s eta 0:00:00
[2024-05-12T17:14:31.663+0000] {subprocess.py:93} INFO - Using cached funcy-2.0-py2.py3-none-any.whl (30 kB)
[2024-05-12T17:14:31.707+0000] {subprocess.py:93} INFO - Downloading grandalf-0.8-py3-none-any.whl (41 kB)
[2024-05-12T17:14:31.754+0000] {subprocess.py:93} INFO -    ━━━━━━━━━━━━━━━━━━━━━━━━━━━━━━━━━━━━━━━━ 41.8/41.8 kB 966.0 kB/s eta 0:00:00
[2024-05-12T17:14:31.798+0000] {subprocess.py:93} INFO - Downloading gto-1.7.1-py3-none-any.whl (46 kB)
[2024-05-12T17:14:31.861+0000] {subprocess.py:93} INFO -    ━━━━━━━━━━━━━━━━━━━━━━━━━━━━━━━━━━━━━━━━ 46.6/46.6 kB 723.1 kB/s eta 0:00:00
[2024-05-12T17:14:31.865+0000] {subprocess.py:93} INFO - Using cached hydra_core-1.3.2-py3-none-any.whl (154 kB)
[2024-05-12T17:14:31.911+0000] {subprocess.py:93} INFO - Downloading iterative_telemetry-0.0.8-py3-none-any.whl (10 kB)
[2024-05-12T17:14:31.979+0000] {subprocess.py:93} INFO - Downloading networkx-3.3-py3-none-any.whl (1.7 MB)
[2024-05-12T17:14:33.869+0000] {subprocess.py:93} INFO -    ━━━━━━━━━━━━━━━━━━━━━━━━━━━━━━━━━━━━━━━━ 1.7/1.7 MB 900.7 kB/s eta 0:00:00
[2024-05-12T17:14:33.870+0000] {subprocess.py:93} INFO - Using cached omegaconf-2.3.0-py3-none-any.whl (79 kB)
[2024-05-12T17:14:33.872+0000] {subprocess.py:93} INFO - Using cached platformdirs-3.11.0-py3-none-any.whl (17 kB)
[2024-05-12T17:14:33.874+0000] {subprocess.py:93} INFO - Using cached pydot-2.0.0-py3-none-any.whl (22 kB)
[2024-05-12T17:14:33.876+0000] {subprocess.py:93} INFO - Using cached pygtrie-2.5.0-py3-none-any.whl (25 kB)
[2024-05-12T17:14:33.877+0000] {subprocess.py:93} INFO - Using cached ruamel.yaml-0.18.6-py3-none-any.whl (117 kB)
[2024-05-12T17:14:33.879+0000] {subprocess.py:93} INFO - Using cached scmrepo-3.3.2-py3-none-any.whl (73 kB)
[2024-05-12T17:14:33.880+0000] {subprocess.py:93} INFO - Using cached dulwich-0.22.1-cp312-cp312-manylinux_2_17_x86_64.manylinux2014_x86_64.whl (978 kB)
[2024-05-12T17:14:33.885+0000] {subprocess.py:93} INFO - Using cached shortuuid-1.0.13-py3-none-any.whl (10 kB)
[2024-05-12T17:14:33.886+0000] {subprocess.py:93} INFO - Using cached shtab-1.7.1-py3-none-any.whl (14 kB)
[2024-05-12T17:14:33.888+0000] {subprocess.py:93} INFO - Using cached tqdm-4.66.4-py3-none-any.whl (78 kB)
[2024-05-12T17:14:33.890+0000] {subprocess.py:93} INFO - Using cached voluptuous-0.14.2-py3-none-any.whl (31 kB)
[2024-05-12T17:14:33.892+0000] {subprocess.py:93} INFO - Using cached zc.lockfile-3.0.post1-py3-none-any.whl (9.8 kB)
[2024-05-12T17:14:33.893+0000] {subprocess.py:93} INFO - Using cached aiohttp_retry-2.8.3-py3-none-any.whl (9.8 kB)
[2024-05-12T17:14:33.895+0000] {subprocess.py:93} INFO - Using cached atpublic-4.1.0-py3-none-any.whl (5.0 kB)
[2024-05-12T17:14:33.896+0000] {subprocess.py:93} INFO - Using cached dictdiffer-0.9.0-py2.py3-none-any.whl (16 kB)
[2024-05-12T17:14:33.898+0000] {subprocess.py:93} INFO - Using cached diskcache-5.6.3-py3-none-any.whl (45 kB)
[2024-05-12T17:14:33.899+0000] {subprocess.py:93} INFO - Using cached GitPython-3.1.43-py3-none-any.whl (207 kB)
[2024-05-12T17:14:33.949+0000] {subprocess.py:93} INFO - Downloading pygit2-1.14.1-cp312-cp312-manylinux_2_17_x86_64.manylinux2014_x86_64.whl (5.1 MB)
[2024-05-12T17:14:36.723+0000] {subprocess.py:93} INFO -    ━━━━━━━━━━━━━━━━━━━━━━━━━━━━━━━━━━━━━━━━ 5.1/5.1 MB 1.8 MB/s eta 0:00:00
[2024-05-12T17:14:36.725+0000] {subprocess.py:93} INFO - Using cached ruamel.yaml.clib-0.2.8-cp312-cp312-manylinux_2_17_x86_64.manylinux2014_x86_64.manylinux_2_28_x86_64.whl (734 kB)
[2024-05-12T17:14:36.727+0000] {subprocess.py:93} INFO - Using cached semver-3.0.2-py3-none-any.whl (17 kB)
[2024-05-12T17:14:36.729+0000] {subprocess.py:93} INFO - Using cached sqltrie-0.11.0-py3-none-any.whl (17 kB)
[2024-05-12T17:14:36.730+0000] {subprocess.py:93} INFO - Using cached typer-0.12.3-py3-none-any.whl (47 kB)
[2024-05-12T17:14:36.731+0000] {subprocess.py:93} INFO - Using cached appdirs-1.4.4-py2.py3-none-any.whl (9.6 kB)
[2024-05-12T17:14:36.733+0000] {subprocess.py:93} INFO - Using cached entrypoints-0.4-py3-none-any.whl (5.3 kB)
[2024-05-12T17:14:36.734+0000] {subprocess.py:93} INFO - Using cached gitdb-4.0.11-py3-none-any.whl (62 kB)
[2024-05-12T17:14:36.735+0000] {subprocess.py:93} INFO - Using cached shellingham-1.5.4-py2.py3-none-any.whl (9.8 kB)
[2024-05-12T17:14:36.737+0000] {subprocess.py:93} INFO - Using cached orjson-3.10.3-cp312-cp312-manylinux_2_17_x86_64.manylinux2014_x86_64.whl (142 kB)
[2024-05-12T17:14:36.739+0000] {subprocess.py:93} INFO - Using cached smmap-5.0.1-py3-none-any.whl (24 kB)
[2024-05-12T17:14:36.806+0000] {subprocess.py:93} INFO - Building wheels for collected packages: antlr4-python3-runtime
[2024-05-12T17:14:36.808+0000] {subprocess.py:93} INFO -   Building wheel for antlr4-python3-runtime (pyproject.toml): started
[2024-05-12T17:14:37.515+0000] {subprocess.py:93} INFO -   Building wheel for antlr4-python3-runtime (pyproject.toml): finished with status 'done'
[2024-05-12T17:14:37.516+0000] {subprocess.py:93} INFO -   Created wheel for antlr4-python3-runtime: filename=antlr4_python3_runtime-4.9.3-py3-none-any.whl size=144554 sha256=282d6521e2057467a824802b570620c8cac5823e0d8cee22146e61860f408bc5
[2024-05-12T17:14:37.516+0000] {subprocess.py:93} INFO -   Stored in directory: /home/***/.cache/pip/wheels/1f/be/48/13754633f1d08d1fbfc60d5e80ae1e5d7329500477685286cd
[2024-05-12T17:14:37.519+0000] {subprocess.py:93} INFO - Successfully built antlr4-python3-runtime
[2024-05-12T17:14:40.680+0000] {subprocess.py:93} INFO - Installing collected packages: pygtrie, funcy, dictdiffer, appdirs, antlr4-python3-runtime, zc.lockfile, voluptuous, tqdm, smmap, shtab, shortuuid, shellingham, semver, ruamel.yaml.clib, pydot, platformdirs, orjson, omegaconf, networkx, grandalf, fsspec, flatten-dict, entrypoints, dvc-render, dulwich, dpath, distro, diskcache, configobj, atpublic, sqltrie, ruamel.yaml, pygit2, iterative-telemetry, hydra-core, gitdb, flufl.lock, dvc-studio-client, dvc-objects, typer, gitpython, dvc-data, aiohttp-retry, scmrepo, dvc-task, dvc-http, gto, dvc
[2024-05-12T17:14:41.151+0000] {subprocess.py:93} INFO -   Attempting uninstall: platformdirs
[2024-05-12T17:14:41.347+0000] {subprocess.py:93} INFO -     Found existing installation: platformdirs 3.11.0
[2024-05-12T17:14:41.351+0000] {subprocess.py:93} INFO -     Uninstalling platformdirs-3.11.0:
[2024-05-12T17:14:41.353+0000] {subprocess.py:93} INFO -       Successfully uninstalled platformdirs-3.11.0
[2024-05-12T17:14:43.177+0000] {subprocess.py:93} INFO -   Attempting uninstall: fsspec
[2024-05-12T17:14:43.346+0000] {subprocess.py:93} INFO -     Found existing installation: fsspec 2024.3.1
[2024-05-12T17:14:43.351+0000] {subprocess.py:93} INFO -     Uninstalling fsspec-2024.3.1:
[2024-05-12T17:14:43.354+0000] {subprocess.py:93} INFO -       Successfully uninstalled fsspec-2024.3.1
[2024-05-12T17:14:51.640+0000] {subprocess.py:93} INFO - ERROR: pip's dependency resolver does not currently take into account all the packages that are installed. This behaviour is the source of the following dependency conflicts.
[2024-05-12T17:14:51.640+0000] {subprocess.py:93} INFO - gcsfs 2023.12.2.post1 requires fsspec==2023.12.2, but you have fsspec 2024.3.1 which is incompatible.
[2024-05-12T17:14:51.641+0000] {subprocess.py:93} INFO - Successfully installed aiohttp-retry-2.8.3 antlr4-python3-runtime-4.9.3 appdirs-1.4.4 atpublic-4.1.0 configobj-5.0.8 dictdiffer-0.9.0 diskcache-5.6.3 distro-1.9.0 dpath-2.1.6 dulwich-0.22.1 dvc-3.50.1 dvc-data-3.15.1 dvc-http-2.32.0 dvc-objects-5.1.0 dvc-render-1.0.2 dvc-studio-client-0.20.0 dvc-task-0.4.0 entrypoints-0.4 flatten-dict-0.4.2 flufl.lock-7.1.1 fsspec-2024.3.1 funcy-2.0 gitdb-4.0.11 gitpython-3.1.43 grandalf-0.8 gto-1.7.1 hydra-core-1.3.2 iterative-telemetry-0.0.8 networkx-3.3 omegaconf-2.3.0 orjson-3.10.3 platformdirs-3.11.0 pydot-2.0.0 pygit2-1.14.1 pygtrie-2.5.0 ruamel.yaml-0.18.6 ruamel.yaml.clib-0.2.8 scmrepo-3.3.2 semver-3.0.2 shellingham-1.5.4 shortuuid-1.0.13 shtab-1.7.1 smmap-5.0.1 sqltrie-0.11.0 tqdm-4.66.4 typer-0.12.3 voluptuous-0.14.2 zc.lockfile-3.0.post1
[2024-05-12T17:14:53.283+0000] {subprocess.py:93} INFO - Collecting dvc-gdrive
[2024-05-12T17:14:53.285+0000] {subprocess.py:93} INFO -   Using cached dvc_gdrive-3.0.1-py3-none-any.whl.metadata (2.1 kB)
[2024-05-12T17:14:53.318+0000] {subprocess.py:93} INFO - Requirement already satisfied: dvc in /home/***/.local/lib/python3.12/site-packages (from dvc-gdrive) (3.50.1)
[2024-05-12T17:14:53.382+0000] {subprocess.py:93} INFO - Collecting pydrive2>=1.19.0 (from pydrive2[fsspec]>=1.19.0->dvc-gdrive)
[2024-05-12T17:14:53.384+0000] {subprocess.py:93} INFO -   Using cached PyDrive2-1.19.0-py3-none-any.whl.metadata (6.7 kB)
[2024-05-12T17:14:53.397+0000] {subprocess.py:93} INFO - Requirement already satisfied: google-api-python-client>=1.12.5 in /home/***/.local/lib/python3.12/site-packages (from pydrive2>=1.19.0->pydrive2[fsspec]>=1.19.0->dvc-gdrive) (2.127.0)
[2024-05-12T17:14:53.461+0000] {subprocess.py:93} INFO - Collecting oauth2client>=4.0.0 (from pydrive2>=1.19.0->pydrive2[fsspec]>=1.19.0->dvc-gdrive)
[2024-05-12T17:14:53.462+0000] {subprocess.py:93} INFO -   Using cached oauth2client-4.1.3-py2.py3-none-any.whl.metadata (1.2 kB)
[2024-05-12T17:14:53.464+0000] {subprocess.py:93} INFO - Requirement already satisfied: PyYAML>=3.0 in /home/***/.local/lib/python3.12/site-packages (from pydrive2>=1.19.0->pydrive2[fsspec]>=1.19.0->dvc-gdrive) (6.0.1)
[2024-05-12T17:14:53.465+0000] {subprocess.py:93} INFO - Requirement already satisfied: pyOpenSSL>=19.1.0 in /home/***/.local/lib/python3.12/site-packages (from pydrive2>=1.19.0->pydrive2[fsspec]>=1.19.0->dvc-gdrive) (24.1.0)
[2024-05-12T17:14:53.479+0000] {subprocess.py:93} INFO - Requirement already satisfied: fsspec>=2021.07.0 in /home/***/.local/lib/python3.12/site-packages (from pydrive2[fsspec]>=1.19.0->dvc-gdrive) (2024.3.1)
[2024-05-12T17:14:53.482+0000] {subprocess.py:93} INFO - Requirement already satisfied: tqdm>=4.0.0 in /home/***/.local/lib/python3.12/site-packages (from pydrive2[fsspec]>=1.19.0->dvc-gdrive) (4.66.4)
[2024-05-12T17:14:53.484+0000] {subprocess.py:93} INFO - Requirement already satisfied: funcy>=1.14 in /home/***/.local/lib/python3.12/site-packages (from pydrive2[fsspec]>=1.19.0->dvc-gdrive) (2.0)
[2024-05-12T17:14:53.485+0000] {subprocess.py:93} INFO - Requirement already satisfied: appdirs>=1.4.3 in /home/***/.local/lib/python3.12/site-packages (from pydrive2[fsspec]>=1.19.0->dvc-gdrive) (1.4.4)
[2024-05-12T17:14:53.547+0000] {subprocess.py:93} INFO - Requirement already satisfied: attrs>=22.2.0 in /home/***/.local/lib/python3.12/site-packages (from dvc->dvc-gdrive) (23.2.0)
[2024-05-12T17:14:53.550+0000] {subprocess.py:93} INFO - Requirement already satisfied: celery in /home/***/.local/lib/python3.12/site-packages (from dvc->dvc-gdrive) (5.4.0)
[2024-05-12T17:14:53.551+0000] {subprocess.py:93} INFO - Requirement already satisfied: colorama>=0.3.9 in /home/***/.local/lib/python3.12/site-packages (from dvc->dvc-gdrive) (0.4.6)
[2024-05-12T17:14:53.552+0000] {subprocess.py:93} INFO - Requirement already satisfied: configobj>=5.0.6 in /home/***/.local/lib/python3.12/site-packages (from dvc->dvc-gdrive) (5.0.8)
[2024-05-12T17:14:53.553+0000] {subprocess.py:93} INFO - Requirement already satisfied: distro>=1.3 in /home/***/.local/lib/python3.12/site-packages (from dvc->dvc-gdrive) (1.9.0)
[2024-05-12T17:14:53.555+0000] {subprocess.py:93} INFO - Requirement already satisfied: dpath<3,>=2.1.0 in /home/***/.local/lib/python3.12/site-packages (from dvc->dvc-gdrive) (2.1.6)
[2024-05-12T17:14:53.556+0000] {subprocess.py:93} INFO - Requirement already satisfied: dulwich in /home/***/.local/lib/python3.12/site-packages (from dvc->dvc-gdrive) (0.22.1)
[2024-05-12T17:14:53.557+0000] {subprocess.py:93} INFO - Requirement already satisfied: dvc-data<3.16,>=3.15 in /home/***/.local/lib/python3.12/site-packages (from dvc->dvc-gdrive) (3.15.1)
[2024-05-12T17:14:53.558+0000] {subprocess.py:93} INFO - Requirement already satisfied: dvc-http>=2.29.0 in /home/***/.local/lib/python3.12/site-packages (from dvc->dvc-gdrive) (2.32.0)
[2024-05-12T17:14:53.559+0000] {subprocess.py:93} INFO - Requirement already satisfied: dvc-objects in /home/***/.local/lib/python3.12/site-packages (from dvc->dvc-gdrive) (5.1.0)
[2024-05-12T17:14:53.560+0000] {subprocess.py:93} INFO - Requirement already satisfied: dvc-render<2,>=1.0.1 in /home/***/.local/lib/python3.12/site-packages (from dvc->dvc-gdrive) (1.0.2)
[2024-05-12T17:14:53.561+0000] {subprocess.py:93} INFO - Requirement already satisfied: dvc-studio-client<1,>=0.20 in /home/***/.local/lib/python3.12/site-packages (from dvc->dvc-gdrive) (0.20.0)
[2024-05-12T17:14:53.562+0000] {subprocess.py:93} INFO - Requirement already satisfied: dvc-task<1,>=0.3.0 in /home/***/.local/lib/python3.12/site-packages (from dvc->dvc-gdrive) (0.4.0)
[2024-05-12T17:14:53.564+0000] {subprocess.py:93} INFO - Requirement already satisfied: flatten-dict<1,>=0.4.1 in /home/***/.local/lib/python3.12/site-packages (from dvc->dvc-gdrive) (0.4.2)
[2024-05-12T17:14:53.564+0000] {subprocess.py:93} INFO - Requirement already satisfied: flufl.lock<8,>=5 in /home/***/.local/lib/python3.12/site-packages (from dvc->dvc-gdrive) (7.1.1)
[2024-05-12T17:14:53.567+0000] {subprocess.py:93} INFO - Requirement already satisfied: grandalf<1,>=0.7 in /home/***/.local/lib/python3.12/site-packages (from dvc->dvc-gdrive) (0.8)
[2024-05-12T17:14:53.568+0000] {subprocess.py:93} INFO - Requirement already satisfied: gto<2,>=1.6.0 in /home/***/.local/lib/python3.12/site-packages (from dvc->dvc-gdrive) (1.7.1)
[2024-05-12T17:14:53.569+0000] {subprocess.py:93} INFO - Requirement already satisfied: hydra-core>=1.1 in /home/***/.local/lib/python3.12/site-packages (from dvc->dvc-gdrive) (1.3.2)
[2024-05-12T17:14:53.570+0000] {subprocess.py:93} INFO - Requirement already satisfied: iterative-telemetry>=0.0.7 in /home/***/.local/lib/python3.12/site-packages (from dvc->dvc-gdrive) (0.0.8)
[2024-05-12T17:14:53.571+0000] {subprocess.py:93} INFO - Requirement already satisfied: kombu in /home/***/.local/lib/python3.12/site-packages (from dvc->dvc-gdrive) (5.3.7)
[2024-05-12T17:14:53.572+0000] {subprocess.py:93} INFO - Requirement already satisfied: networkx>=2.5 in /home/***/.local/lib/python3.12/site-packages (from dvc->dvc-gdrive) (3.3)
[2024-05-12T17:14:53.573+0000] {subprocess.py:93} INFO - Requirement already satisfied: omegaconf in /home/***/.local/lib/python3.12/site-packages (from dvc->dvc-gdrive) (2.3.0)
[2024-05-12T17:14:53.574+0000] {subprocess.py:93} INFO - Requirement already satisfied: packaging>=19 in /home/***/.local/lib/python3.12/site-packages (from dvc->dvc-gdrive) (24.0)
[2024-05-12T17:14:53.575+0000] {subprocess.py:93} INFO - Requirement already satisfied: pathspec>=0.10.3 in /home/***/.local/lib/python3.12/site-packages (from dvc->dvc-gdrive) (0.12.1)
[2024-05-12T17:14:53.577+0000] {subprocess.py:93} INFO - Requirement already satisfied: platformdirs<4,>=3.1.1 in /home/***/.local/lib/python3.12/site-packages (from dvc->dvc-gdrive) (3.11.0)
[2024-05-12T17:14:53.580+0000] {subprocess.py:93} INFO - Requirement already satisfied: psutil>=5.8 in /home/***/.local/lib/python3.12/site-packages (from dvc->dvc-gdrive) (5.9.8)
[2024-05-12T17:14:53.582+0000] {subprocess.py:93} INFO - Requirement already satisfied: pydot>=1.2.4 in /home/***/.local/lib/python3.12/site-packages (from dvc->dvc-gdrive) (2.0.0)
[2024-05-12T17:14:53.583+0000] {subprocess.py:93} INFO - Requirement already satisfied: pygtrie>=2.3.2 in /home/***/.local/lib/python3.12/site-packages (from dvc->dvc-gdrive) (2.5.0)
[2024-05-12T17:14:53.585+0000] {subprocess.py:93} INFO - Requirement already satisfied: pyparsing>=2.4.7 in /home/***/.local/lib/python3.12/site-packages (from dvc->dvc-gdrive) (3.1.2)
[2024-05-12T17:14:53.586+0000] {subprocess.py:93} INFO - Requirement already satisfied: requests>=2.22 in /home/***/.local/lib/python3.12/site-packages (from dvc->dvc-gdrive) (2.31.0)
[2024-05-12T17:14:53.588+0000] {subprocess.py:93} INFO - Requirement already satisfied: rich>=12 in /home/***/.local/lib/python3.12/site-packages (from dvc->dvc-gdrive) (13.7.1)
[2024-05-12T17:14:53.591+0000] {subprocess.py:93} INFO - Requirement already satisfied: ruamel.yaml>=0.17.11 in /home/***/.local/lib/python3.12/site-packages (from dvc->dvc-gdrive) (0.18.6)
[2024-05-12T17:14:53.592+0000] {subprocess.py:93} INFO - Requirement already satisfied: scmrepo<4,>=3.3.2 in /home/***/.local/lib/python3.12/site-packages (from dvc->dvc-gdrive) (3.3.2)
[2024-05-12T17:14:53.594+0000] {subprocess.py:93} INFO - Requirement already satisfied: shortuuid>=0.5 in /home/***/.local/lib/python3.12/site-packages (from dvc->dvc-gdrive) (1.0.13)
[2024-05-12T17:14:53.595+0000] {subprocess.py:93} INFO - Requirement already satisfied: shtab<2,>=1.3.4 in /home/***/.local/lib/python3.12/site-packages (from dvc->dvc-gdrive) (1.7.1)
[2024-05-12T17:14:53.598+0000] {subprocess.py:93} INFO - Requirement already satisfied: tabulate>=0.8.7 in /home/***/.local/lib/python3.12/site-packages (from dvc->dvc-gdrive) (0.9.0)
[2024-05-12T17:14:53.599+0000] {subprocess.py:93} INFO - Requirement already satisfied: tomlkit>=0.11.1 in /home/***/.local/lib/python3.12/site-packages (from dvc->dvc-gdrive) (0.12.4)
[2024-05-12T17:14:53.604+0000] {subprocess.py:93} INFO - Requirement already satisfied: voluptuous>=0.11.7 in /home/***/.local/lib/python3.12/site-packages (from dvc->dvc-gdrive) (0.14.2)
[2024-05-12T17:14:53.605+0000] {subprocess.py:93} INFO - Requirement already satisfied: zc.lockfile>=1.2.1 in /home/***/.local/lib/python3.12/site-packages (from dvc->dvc-gdrive) (3.0.post1)
[2024-05-12T17:14:53.635+0000] {subprocess.py:93} INFO - Requirement already satisfied: six in /home/***/.local/lib/python3.12/site-packages (from configobj>=5.0.6->dvc->dvc-gdrive) (1.16.0)
[2024-05-12T17:14:53.653+0000] {subprocess.py:93} INFO - Requirement already satisfied: dictdiffer>=0.8.1 in /home/***/.local/lib/python3.12/site-packages (from dvc-data<3.16,>=3.15->dvc->dvc-gdrive) (0.9.0)
[2024-05-12T17:14:53.655+0000] {subprocess.py:93} INFO - Requirement already satisfied: diskcache>=5.2.1 in /home/***/.local/lib/python3.12/site-packages (from dvc-data<3.16,>=3.15->dvc->dvc-gdrive) (5.6.3)
[2024-05-12T17:14:53.657+0000] {subprocess.py:93} INFO - Requirement already satisfied: sqltrie<1,>=0.11.0 in /home/***/.local/lib/python3.12/site-packages (from dvc-data<3.16,>=3.15->dvc->dvc-gdrive) (0.11.0)
[2024-05-12T17:14:53.674+0000] {subprocess.py:93} INFO - Requirement already satisfied: aiohttp-retry>=2.5.0 in /home/***/.local/lib/python3.12/site-packages (from dvc-http>=2.29.0->dvc->dvc-gdrive) (2.8.3)
[2024-05-12T17:14:53.771+0000] {subprocess.py:93} INFO - Requirement already satisfied: billiard<5.0,>=4.2.0 in /home/***/.local/lib/python3.12/site-packages (from celery->dvc->dvc-gdrive) (4.2.0)
[2024-05-12T17:14:53.773+0000] {subprocess.py:93} INFO - Requirement already satisfied: vine<6.0,>=5.1.0 in /home/***/.local/lib/python3.12/site-packages (from celery->dvc->dvc-gdrive) (5.1.0)
[2024-05-12T17:14:53.774+0000] {subprocess.py:93} INFO - Requirement already satisfied: click<9.0,>=8.1.2 in /home/***/.local/lib/python3.12/site-packages (from celery->dvc->dvc-gdrive) (8.1.7)
[2024-05-12T17:14:53.775+0000] {subprocess.py:93} INFO - Requirement already satisfied: click-didyoumean>=0.3.0 in /home/***/.local/lib/python3.12/site-packages (from celery->dvc->dvc-gdrive) (0.3.1)
[2024-05-12T17:14:53.776+0000] {subprocess.py:93} INFO - Requirement already satisfied: click-repl>=0.2.0 in /home/***/.local/lib/python3.12/site-packages (from celery->dvc->dvc-gdrive) (0.3.0)
[2024-05-12T17:14:53.777+0000] {subprocess.py:93} INFO - Requirement already satisfied: click-plugins>=1.1.1 in /home/***/.local/lib/python3.12/site-packages (from celery->dvc->dvc-gdrive) (1.1.1)
[2024-05-12T17:14:53.778+0000] {subprocess.py:93} INFO - Requirement already satisfied: tzdata>=2022.7 in /home/***/.local/lib/python3.12/site-packages (from celery->dvc->dvc-gdrive) (2024.1)
[2024-05-12T17:14:53.779+0000] {subprocess.py:93} INFO - Requirement already satisfied: python-dateutil>=2.8.2 in /home/***/.local/lib/python3.12/site-packages (from celery->dvc->dvc-gdrive) (2.9.0.post0)
[2024-05-12T17:14:53.788+0000] {subprocess.py:93} INFO - Requirement already satisfied: atpublic>=2.3 in /home/***/.local/lib/python3.12/site-packages (from flufl.lock<8,>=5->dvc->dvc-gdrive) (4.1.0)
[2024-05-12T17:14:53.822+0000] {subprocess.py:93} INFO - Requirement already satisfied: httplib2<1.dev0,>=0.19.0 in /home/***/.local/lib/python3.12/site-packages (from google-api-python-client>=1.12.5->pydrive2>=1.19.0->pydrive2[fsspec]>=1.19.0->dvc-gdrive) (0.22.0)
[2024-05-12T17:14:53.823+0000] {subprocess.py:93} INFO - Requirement already satisfied: google-auth!=2.24.0,!=2.25.0,<3.0.0.dev0,>=1.32.0 in /home/***/.local/lib/python3.12/site-packages (from google-api-python-client>=1.12.5->pydrive2>=1.19.0->pydrive2[fsspec]>=1.19.0->dvc-gdrive) (2.29.0)
[2024-05-12T17:14:53.824+0000] {subprocess.py:93} INFO - Requirement already satisfied: google-auth-httplib2<1.0.0,>=0.2.0 in /home/***/.local/lib/python3.12/site-packages (from google-api-python-client>=1.12.5->pydrive2>=1.19.0->pydrive2[fsspec]>=1.19.0->dvc-gdrive) (0.2.0)
[2024-05-12T17:14:53.825+0000] {subprocess.py:93} INFO - Requirement already satisfied: google-api-core!=2.0.*,!=2.1.*,!=2.2.*,!=2.3.0,<3.0.0.dev0,>=1.31.5 in /home/***/.local/lib/python3.12/site-packages (from google-api-python-client>=1.12.5->pydrive2>=1.19.0->pydrive2[fsspec]>=1.19.0->dvc-gdrive) (2.19.0)
[2024-05-12T17:14:53.826+0000] {subprocess.py:93} INFO - Requirement already satisfied: uritemplate<5,>=3.0.1 in /home/***/.local/lib/python3.12/site-packages (from google-api-python-client>=1.12.5->pydrive2>=1.19.0->pydrive2[fsspec]>=1.19.0->dvc-gdrive) (4.1.1)
[2024-05-12T17:14:53.842+0000] {subprocess.py:93} INFO - Requirement already satisfied: typer>=0.4.1 in /home/***/.local/lib/python3.12/site-packages (from gto<2,>=1.6.0->dvc->dvc-gdrive) (0.12.3)
[2024-05-12T17:14:53.846+0000] {subprocess.py:93} INFO - Requirement already satisfied: pydantic!=2.0.0,<3,>=1.9.0 in /home/***/.local/lib/python3.12/site-packages (from gto<2,>=1.6.0->dvc->dvc-gdrive) (2.7.1)
[2024-05-12T17:14:53.847+0000] {subprocess.py:93} INFO - Requirement already satisfied: semver>=2.13.0 in /home/***/.local/lib/python3.12/site-packages (from gto<2,>=1.6.0->dvc->dvc-gdrive) (3.0.2)
[2024-05-12T17:14:53.848+0000] {subprocess.py:93} INFO - Requirement already satisfied: entrypoints in /home/***/.local/lib/python3.12/site-packages (from gto<2,>=1.6.0->dvc->dvc-gdrive) (0.4)
[2024-05-12T17:14:53.855+0000] {subprocess.py:93} INFO - Requirement already satisfied: antlr4-python3-runtime==4.9.* in /home/***/.local/lib/python3.12/site-packages (from hydra-core>=1.1->dvc->dvc-gdrive) (4.9.3)
[2024-05-12T17:14:53.877+0000] {subprocess.py:93} INFO - Requirement already satisfied: filelock in /home/***/.local/lib/python3.12/site-packages (from iterative-telemetry>=0.0.7->dvc->dvc-gdrive) (3.14.0)
[2024-05-12T17:14:53.898+0000] {subprocess.py:93} INFO - Requirement already satisfied: amqp<6.0.0,>=5.1.1 in /home/***/.local/lib/python3.12/site-packages (from kombu->dvc->dvc-gdrive) (5.2.0)
[2024-05-12T17:14:53.923+0000] {subprocess.py:93} INFO - Requirement already satisfied: pyasn1>=0.1.7 in /home/***/.local/lib/python3.12/site-packages (from oauth2client>=4.0.0->pydrive2>=1.19.0->pydrive2[fsspec]>=1.19.0->dvc-gdrive) (0.5.1)
[2024-05-12T17:14:53.925+0000] {subprocess.py:93} INFO - Requirement already satisfied: pyasn1-modules>=0.0.5 in /home/***/.local/lib/python3.12/site-packages (from oauth2client>=4.0.0->pydrive2>=1.19.0->pydrive2[fsspec]>=1.19.0->dvc-gdrive) (0.3.0)
[2024-05-12T17:14:53.926+0000] {subprocess.py:93} INFO - Requirement already satisfied: rsa>=3.1.4 in /home/***/.local/lib/python3.12/site-packages (from oauth2client>=4.0.0->pydrive2>=1.19.0->pydrive2[fsspec]>=1.19.0->dvc-gdrive) (4.9)
[2024-05-12T17:14:54.000+0000] {subprocess.py:93} INFO - Requirement already satisfied: cryptography<43,>=41.0.5 in /home/***/.local/lib/python3.12/site-packages (from pyOpenSSL>=19.1.0->pydrive2>=1.19.0->pydrive2[fsspec]>=1.19.0->dvc-gdrive) (41.0.7)
[2024-05-12T17:14:54.019+0000] {subprocess.py:93} INFO - Requirement already satisfied: charset-normalizer<4,>=2 in /home/***/.local/lib/python3.12/site-packages (from requests>=2.22->dvc->dvc-gdrive) (3.3.2)
[2024-05-12T17:14:54.021+0000] {subprocess.py:93} INFO - Requirement already satisfied: idna<4,>=2.5 in /home/***/.local/lib/python3.12/site-packages (from requests>=2.22->dvc->dvc-gdrive) (3.7)
[2024-05-12T17:14:54.022+0000] {subprocess.py:93} INFO - Requirement already satisfied: urllib3<3,>=1.21.1 in /home/***/.local/lib/python3.12/site-packages (from requests>=2.22->dvc->dvc-gdrive) (2.2.1)
[2024-05-12T17:14:54.023+0000] {subprocess.py:93} INFO - Requirement already satisfied: certifi>=2017.4.17 in /home/***/.local/lib/python3.12/site-packages (from requests>=2.22->dvc->dvc-gdrive) (2024.2.2)
[2024-05-12T17:14:54.031+0000] {subprocess.py:93} INFO - Requirement already satisfied: markdown-it-py>=2.2.0 in /home/***/.local/lib/python3.12/site-packages (from rich>=12->dvc->dvc-gdrive) (3.0.0)
[2024-05-12T17:14:54.032+0000] {subprocess.py:93} INFO - Requirement already satisfied: pygments<3.0.0,>=2.13.0 in /home/***/.local/lib/python3.12/site-packages (from rich>=12->dvc->dvc-gdrive) (2.17.2)
[2024-05-12T17:14:54.042+0000] {subprocess.py:93} INFO - Requirement already satisfied: ruamel.yaml.clib>=0.2.7 in /home/***/.local/lib/python3.12/site-packages (from ruamel.yaml>=0.17.11->dvc->dvc-gdrive) (0.2.8)
[2024-05-12T17:14:54.070+0000] {subprocess.py:93} INFO - Requirement already satisfied: gitpython>3 in /home/***/.local/lib/python3.12/site-packages (from scmrepo<4,>=3.3.2->dvc->dvc-gdrive) (3.1.43)
[2024-05-12T17:14:54.072+0000] {subprocess.py:93} INFO - Requirement already satisfied: pygit2>=1.14.0 in /home/***/.local/lib/python3.12/site-packages (from scmrepo<4,>=3.3.2->dvc->dvc-gdrive) (1.14.1)
[2024-05-12T17:14:54.076+0000] {subprocess.py:93} INFO - Requirement already satisfied: asyncssh<3,>=2.13.1 in /home/***/.local/lib/python3.12/site-packages (from scmrepo<4,>=3.3.2->dvc->dvc-gdrive) (2.14.2)
[2024-05-12T17:14:54.094+0000] {subprocess.py:93} INFO - Requirement already satisfied: setuptools in /home/***/.local/lib/python3.12/site-packages (from dulwich->dvc->dvc-gdrive) (66.1.1)
[2024-05-12T17:14:54.153+0000] {subprocess.py:93} INFO - Requirement already satisfied: aiohttp in /home/***/.local/lib/python3.12/site-packages (from aiohttp-retry>=2.5.0->dvc-http>=2.29.0->dvc->dvc-gdrive) (3.9.5)
[2024-05-12T17:14:54.171+0000] {subprocess.py:93} INFO - Requirement already satisfied: typing-extensions>=3.6 in /home/***/.local/lib/python3.12/site-packages (from asyncssh<3,>=2.13.1->scmrepo<4,>=3.3.2->dvc->dvc-gdrive) (4.11.0)
[2024-05-12T17:14:54.226+0000] {subprocess.py:93} INFO - Requirement already satisfied: prompt-toolkit>=3.0.36 in /home/***/.local/lib/python3.12/site-packages (from click-repl>=0.2.0->celery->dvc->dvc-gdrive) (3.0.43)
[2024-05-12T17:14:54.246+0000] {subprocess.py:93} INFO - Requirement already satisfied: cffi>=1.12 in /home/***/.local/lib/python3.12/site-packages (from cryptography<43,>=41.0.5->pyOpenSSL>=19.1.0->pydrive2>=1.19.0->pydrive2[fsspec]>=1.19.0->dvc-gdrive) (1.16.0)
[2024-05-12T17:14:54.340+0000] {subprocess.py:93} INFO - Requirement already satisfied: gitdb<5,>=4.0.1 in /home/***/.local/lib/python3.12/site-packages (from gitpython>3->scmrepo<4,>=3.3.2->dvc->dvc-gdrive) (4.0.11)
[2024-05-12T17:14:54.356+0000] {subprocess.py:93} INFO - Requirement already satisfied: googleapis-common-protos<2.0.dev0,>=1.56.2 in /home/***/.local/lib/python3.12/site-packages (from google-api-core!=2.0.*,!=2.1.*,!=2.2.*,!=2.3.0,<3.0.0.dev0,>=1.31.5->google-api-python-client>=1.12.5->pydrive2>=1.19.0->pydrive2[fsspec]>=1.19.0->dvc-gdrive) (1.63.0)
[2024-05-12T17:14:54.357+0000] {subprocess.py:93} INFO - Requirement already satisfied: protobuf!=3.20.0,!=3.20.1,!=4.21.0,!=4.21.1,!=4.21.2,!=4.21.3,!=4.21.4,!=4.21.5,<5.0.0.dev0,>=3.19.5 in /home/***/.local/lib/python3.12/site-packages (from google-api-core!=2.0.*,!=2.1.*,!=2.2.*,!=2.3.0,<3.0.0.dev0,>=1.31.5->google-api-python-client>=1.12.5->pydrive2>=1.19.0->pydrive2[fsspec]>=1.19.0->dvc-gdrive) (4.25.3)
[2024-05-12T17:14:54.358+0000] {subprocess.py:93} INFO - Requirement already satisfied: proto-plus<2.0.0dev,>=1.22.3 in /home/***/.local/lib/python3.12/site-packages (from google-api-core!=2.0.*,!=2.1.*,!=2.2.*,!=2.3.0,<3.0.0.dev0,>=1.31.5->google-api-python-client>=1.12.5->pydrive2>=1.19.0->pydrive2[fsspec]>=1.19.0->dvc-gdrive) (1.23.0)
[2024-05-12T17:14:54.372+0000] {subprocess.py:93} INFO - Requirement already satisfied: cachetools<6.0,>=2.0.0 in /home/***/.local/lib/python3.12/site-packages (from google-auth!=2.24.0,!=2.25.0,<3.0.0.dev0,>=1.32.0->google-api-python-client>=1.12.5->pydrive2>=1.19.0->pydrive2[fsspec]>=1.19.0->dvc-gdrive) (5.3.3)
[2024-05-12T17:14:54.432+0000] {subprocess.py:93} INFO - Requirement already satisfied: mdurl~=0.1 in /home/***/.local/lib/python3.12/site-packages (from markdown-it-py>=2.2.0->rich>=12->dvc->dvc-gdrive) (0.1.2)
[2024-05-12T17:14:54.465+0000] {subprocess.py:93} INFO - Requirement already satisfied: annotated-types>=0.4.0 in /home/***/.local/lib/python3.12/site-packages (from pydantic!=2.0.0,<3,>=1.9.0->gto<2,>=1.6.0->dvc->dvc-gdrive) (0.6.0)
[2024-05-12T17:14:54.466+0000] {subprocess.py:93} INFO - Requirement already satisfied: pydantic-core==2.18.2 in /home/***/.local/lib/python3.12/site-packages (from pydantic!=2.0.0,<3,>=1.9.0->gto<2,>=1.6.0->dvc->dvc-gdrive) (2.18.2)
[2024-05-12T17:14:54.555+0000] {subprocess.py:93} INFO - Requirement already satisfied: orjson in /home/***/.local/lib/python3.12/site-packages (from sqltrie<1,>=0.11.0->dvc-data<3.16,>=3.15->dvc->dvc-gdrive) (3.10.3)
[2024-05-12T17:14:54.566+0000] {subprocess.py:93} INFO - Requirement already satisfied: shellingham>=1.3.0 in /home/***/.local/lib/python3.12/site-packages (from typer>=0.4.1->gto<2,>=1.6.0->dvc->dvc-gdrive) (1.5.4)
[2024-05-12T17:14:54.759+0000] {subprocess.py:93} INFO - Requirement already satisfied: aiosignal>=1.1.2 in /home/***/.local/lib/python3.12/site-packages (from aiohttp->aiohttp-retry>=2.5.0->dvc-http>=2.29.0->dvc->dvc-gdrive) (1.3.1)
[2024-05-12T17:14:54.760+0000] {subprocess.py:93} INFO - Requirement already satisfied: frozenlist>=1.1.1 in /home/***/.local/lib/python3.12/site-packages (from aiohttp->aiohttp-retry>=2.5.0->dvc-http>=2.29.0->dvc->dvc-gdrive) (1.4.1)
[2024-05-12T17:14:54.761+0000] {subprocess.py:93} INFO - Requirement already satisfied: multidict<7.0,>=4.5 in /home/***/.local/lib/python3.12/site-packages (from aiohttp->aiohttp-retry>=2.5.0->dvc-http>=2.29.0->dvc->dvc-gdrive) (6.0.5)
[2024-05-12T17:14:54.763+0000] {subprocess.py:93} INFO - Requirement already satisfied: yarl<2.0,>=1.0 in /home/***/.local/lib/python3.12/site-packages (from aiohttp->aiohttp-retry>=2.5.0->dvc-http>=2.29.0->dvc->dvc-gdrive) (1.9.4)
[2024-05-12T17:14:54.793+0000] {subprocess.py:93} INFO - Requirement already satisfied: pycparser in /home/***/.local/lib/python3.12/site-packages (from cffi>=1.12->cryptography<43,>=41.0.5->pyOpenSSL>=19.1.0->pydrive2>=1.19.0->pydrive2[fsspec]>=1.19.0->dvc-gdrive) (2.22)
[2024-05-12T17:14:54.803+0000] {subprocess.py:93} INFO - Requirement already satisfied: smmap<6,>=3.0.1 in /home/***/.local/lib/python3.12/site-packages (from gitdb<5,>=4.0.1->gitpython>3->scmrepo<4,>=3.3.2->dvc->dvc-gdrive) (5.0.1)
[2024-05-12T17:14:54.830+0000] {subprocess.py:93} INFO - Requirement already satisfied: wcwidth in /home/***/.local/lib/python3.12/site-packages (from prompt-toolkit>=3.0.36->click-repl>=0.2.0->celery->dvc->dvc-gdrive) (0.2.13)
[2024-05-12T17:14:54.971+0000] {subprocess.py:93} INFO - Using cached dvc_gdrive-3.0.1-py3-none-any.whl (11 kB)
[2024-05-12T17:14:54.972+0000] {subprocess.py:93} INFO - Using cached PyDrive2-1.19.0-py3-none-any.whl (46 kB)
[2024-05-12T17:14:54.973+0000] {subprocess.py:93} INFO - Using cached oauth2client-4.1.3-py2.py3-none-any.whl (98 kB)
[2024-05-12T17:14:57.560+0000] {subprocess.py:93} INFO - Installing collected packages: oauth2client, pydrive2, dvc-gdrive
[2024-05-12T17:14:58.117+0000] {subprocess.py:93} INFO - Successfully installed dvc-gdrive-3.0.1 oauth2client-4.1.3 pydrive2-1.19.0
[2024-05-12T17:14:59.222+0000] {subprocess.py:93} INFO - Initialized DVC repository.
[2024-05-12T17:14:59.223+0000] {subprocess.py:93} INFO - 
[2024-05-12T17:14:59.227+0000] {subprocess.py:93} INFO - +---------------------------------------------------------------------+
[2024-05-12T17:14:59.227+0000] {subprocess.py:93} INFO - |                                                                     |
[2024-05-12T17:14:59.228+0000] {subprocess.py:93} INFO - |        DVC has enabled anonymous aggregate usage analytics.         |
[2024-05-12T17:14:59.228+0000] {subprocess.py:93} INFO - |     Read the analytics documentation (and how to opt-out) here:     |
[2024-05-12T17:14:59.228+0000] {subprocess.py:93} INFO - |             <https://dvc.org/doc/user-guide/analytics>              |
[2024-05-12T17:14:59.229+0000] {subprocess.py:93} INFO - |                                                                     |
[2024-05-12T17:14:59.229+0000] {subprocess.py:93} INFO - +---------------------------------------------------------------------+
[2024-05-12T17:14:59.229+0000] {subprocess.py:93} INFO - 
[2024-05-12T17:14:59.230+0000] {subprocess.py:93} INFO - What's next?
[2024-05-12T17:14:59.230+0000] {subprocess.py:93} INFO - ------------
[2024-05-12T17:14:59.230+0000] {subprocess.py:93} INFO - - Check out the documentation: <https://dvc.org/doc>
[2024-05-12T17:14:59.231+0000] {subprocess.py:93} INFO - - Get help and share ideas: <https://dvc.org/chat>
[2024-05-12T17:14:59.231+0000] {subprocess.py:93} INFO - - Star us on GitHub: <https://github.com/iterative/dvc>
[2024-05-12T17:15:00.251+0000] {subprocess.py:93} INFO - Setting 'mygoogledrive' as a default remote.
[2024-05-12T17:15:00.254+0000] {subprocess.py:93} INFO - ERROR: configuration error - config file error: remote 'mygoogledrive' already exists. Use `-f|--force` to overwrite it.
[2024-05-12T17:15:00.432+0000] {subprocess.py:97} INFO - Command exited with return code 251
[2024-05-12T17:15:00.433+0000] {taskinstance.py:441} INFO - ::group::Post task execution logs
[2024-05-12T17:15:00.443+0000] {taskinstance.py:2905} ERROR - Task failed with exception
Traceback (most recent call last):
  File "/home/airflow/.local/lib/python3.12/site-packages/airflow/models/taskinstance.py", line 465, in _execute_task
    result = _execute_callable(context=context, **execute_callable_kwargs)
             ^^^^^^^^^^^^^^^^^^^^^^^^^^^^^^^^^^^^^^^^^^^^^^^^^^^^^^^^^^^^^
  File "/home/airflow/.local/lib/python3.12/site-packages/airflow/models/taskinstance.py", line 432, in _execute_callable
    return execute_callable(context=context, **execute_callable_kwargs)
           ^^^^^^^^^^^^^^^^^^^^^^^^^^^^^^^^^^^^^^^^^^^^^^^^^^^^^^^^^^^^
  File "/home/airflow/.local/lib/python3.12/site-packages/airflow/models/baseoperator.py", line 400, in wrapper
    return func(self, *args, **kwargs)
           ^^^^^^^^^^^^^^^^^^^^^^^^^^^
  File "/home/airflow/.local/lib/python3.12/site-packages/airflow/operators/bash.py", line 243, in execute
    raise AirflowException(
airflow.exceptions.AirflowException: Bash command failed. The command returned a non-zero exit code 251.
[2024-05-12T17:15:00.447+0000] {taskinstance.py:1206} INFO - Marking task as FAILED. dag_id=web_article_scraping, task_id=dvc_add_and_push, run_id=scheduled__2024-05-08T00:00:00+00:00, execution_date=20240508T000000, start_date=20240512T171358, end_date=20240512T171500
[2024-05-12T17:15:00.462+0000] {standard_task_runner.py:110} ERROR - Failed to execute job 23 for task dvc_add_and_push (Bash command failed. The command returned a non-zero exit code 251.; 5550)
[2024-05-12T17:15:00.500+0000] {local_task_job_runner.py:240} INFO - Task exited with return code 1
[2024-05-12T17:15:00.513+0000] {taskinstance.py:3498} INFO - 0 downstream tasks scheduled from follow-on schedule check
[2024-05-12T17:15:00.515+0000] {local_task_job_runner.py:222} INFO - ::endgroup::
