[2024-05-12T17:11:41.960+0000] {processor.py:161} INFO - Started process (PID=46657) to work on /opt/airflow/dags/dag.py
[2024-05-12T17:11:41.961+0000] {processor.py:830} INFO - Processing file /opt/airflow/dags/dag.py for tasks to queue
[2024-05-12T17:11:41.961+0000] {logging_mixin.py:188} INFO - [2024-05-12T17:11:41.961+0000] {dagbag.py:545} INFO - Filling up the DagBag from /opt/airflow/dags/dag.py
[2024-05-12T17:11:42.319+0000] {processor.py:840} INFO - DAG(s) 'web_article_scraping' retrieved from /opt/airflow/dags/dag.py
[2024-05-12T17:11:42.394+0000] {logging_mixin.py:188} INFO - [2024-05-12T17:11:42.393+0000] {override.py:1829} INFO - Created Permission View: can read on DAG:web_article_scraping
[2024-05-12T17:11:42.402+0000] {logging_mixin.py:188} INFO - [2024-05-12T17:11:42.402+0000] {override.py:1829} INFO - Created Permission View: can edit on DAG:web_article_scraping
[2024-05-12T17:11:42.406+0000] {logging_mixin.py:188} INFO - [2024-05-12T17:11:42.406+0000] {override.py:1829} INFO - Created Permission View: can delete on DAG:web_article_scraping
[2024-05-12T17:11:42.407+0000] {logging_mixin.py:188} INFO - [2024-05-12T17:11:42.407+0000] {dag.py:3096} INFO - Sync 1 DAGs
[2024-05-12T17:11:42.417+0000] {logging_mixin.py:188} INFO - [2024-05-12T17:11:42.416+0000] {dag.py:3118} INFO - Creating ORM DAG for web_article_scraping
[2024-05-12T17:11:42.429+0000] {logging_mixin.py:188} INFO - [2024-05-12T17:11:42.429+0000] {dag.py:3954} INFO - Setting next_dagrun for web_article_scraping to 2024-05-07 00:00:00+00:00, run_after=2024-05-08 00:00:00+00:00
[2024-05-12T17:11:42.446+0000] {processor.py:183} INFO - Processing /opt/airflow/dags/dag.py took 0.490 seconds
[2024-05-12T17:12:12.537+0000] {processor.py:161} INFO - Started process (PID=46722) to work on /opt/airflow/dags/dag.py
[2024-05-12T17:12:12.538+0000] {processor.py:830} INFO - Processing file /opt/airflow/dags/dag.py for tasks to queue
[2024-05-12T17:12:12.538+0000] {logging_mixin.py:188} INFO - [2024-05-12T17:12:12.538+0000] {dagbag.py:545} INFO - Filling up the DagBag from /opt/airflow/dags/dag.py
[2024-05-12T17:12:12.807+0000] {processor.py:840} INFO - DAG(s) 'web_article_scraping' retrieved from /opt/airflow/dags/dag.py
[2024-05-12T17:12:12.819+0000] {logging_mixin.py:188} INFO - [2024-05-12T17:12:12.819+0000] {dag.py:3096} INFO - Sync 1 DAGs
[2024-05-12T17:12:12.834+0000] {logging_mixin.py:188} INFO - [2024-05-12T17:12:12.834+0000] {dag.py:3954} INFO - Setting next_dagrun for web_article_scraping to 2024-05-07 00:00:00+00:00, run_after=2024-05-08 00:00:00+00:00
[2024-05-12T17:12:12.846+0000] {processor.py:183} INFO - Processing /opt/airflow/dags/dag.py took 0.313 seconds
[2024-05-12T17:12:35.472+0000] {processor.py:161} INFO - Started process (PID=46751) to work on /opt/airflow/dags/dag.py
[2024-05-12T17:12:35.473+0000] {processor.py:830} INFO - Processing file /opt/airflow/dags/dag.py for tasks to queue
[2024-05-12T17:12:35.474+0000] {logging_mixin.py:188} INFO - [2024-05-12T17:12:35.474+0000] {dagbag.py:545} INFO - Filling up the DagBag from /opt/airflow/dags/dag.py
[2024-05-12T17:12:35.765+0000] {processor.py:840} INFO - DAG(s) 'web_article_scraping' retrieved from /opt/airflow/dags/dag.py
[2024-05-12T17:12:35.831+0000] {logging_mixin.py:188} INFO - [2024-05-12T17:12:35.830+0000] {dag.py:3096} INFO - Sync 1 DAGs
[2024-05-12T17:12:35.844+0000] {logging_mixin.py:188} INFO - [2024-05-12T17:12:35.844+0000] {dag.py:3954} INFO - Setting next_dagrun for web_article_scraping to 2024-05-07 00:00:00+00:00, run_after=2024-05-08 00:00:00+00:00
[2024-05-12T17:12:35.859+0000] {processor.py:183} INFO - Processing /opt/airflow/dags/dag.py took 0.391 seconds
[2024-05-12T17:12:50.049+0000] {processor.py:161} INFO - Started process (PID=46791) to work on /opt/airflow/dags/dag.py
[2024-05-12T17:12:50.050+0000] {processor.py:830} INFO - Processing file /opt/airflow/dags/dag.py for tasks to queue
[2024-05-12T17:12:50.051+0000] {logging_mixin.py:188} INFO - [2024-05-12T17:12:50.050+0000] {dagbag.py:545} INFO - Filling up the DagBag from /opt/airflow/dags/dag.py
[2024-05-12T17:12:50.323+0000] {processor.py:840} INFO - DAG(s) 'web_article_scraping' retrieved from /opt/airflow/dags/dag.py
[2024-05-12T17:12:50.331+0000] {logging_mixin.py:188} INFO - [2024-05-12T17:12:50.331+0000] {dag.py:3096} INFO - Sync 1 DAGs
[2024-05-12T17:12:50.347+0000] {logging_mixin.py:188} INFO - [2024-05-12T17:12:50.347+0000] {dag.py:3954} INFO - Setting next_dagrun for web_article_scraping to 2024-05-07 00:00:00+00:00, run_after=2024-05-08 00:00:00+00:00
[2024-05-12T17:12:50.359+0000] {processor.py:183} INFO - Processing /opt/airflow/dags/dag.py took 0.314 seconds
[2024-05-12T17:13:08.925+0000] {processor.py:161} INFO - Started process (PID=46820) to work on /opt/airflow/dags/dag.py
[2024-05-12T17:13:08.927+0000] {processor.py:830} INFO - Processing file /opt/airflow/dags/dag.py for tasks to queue
[2024-05-12T17:13:08.928+0000] {logging_mixin.py:188} INFO - [2024-05-12T17:13:08.927+0000] {dagbag.py:545} INFO - Filling up the DagBag from /opt/airflow/dags/dag.py
[2024-05-12T17:13:09.215+0000] {processor.py:840} INFO - DAG(s) 'web_article_scraping' retrieved from /opt/airflow/dags/dag.py
[2024-05-12T17:13:09.229+0000] {logging_mixin.py:188} INFO - [2024-05-12T17:13:09.229+0000] {dag.py:3096} INFO - Sync 1 DAGs
[2024-05-12T17:13:09.245+0000] {logging_mixin.py:188} INFO - [2024-05-12T17:13:09.245+0000] {dag.py:3954} INFO - Setting next_dagrun for web_article_scraping to 2024-05-07 00:00:00+00:00, run_after=2024-05-08 00:00:00+00:00
[2024-05-12T17:13:09.261+0000] {processor.py:183} INFO - Processing /opt/airflow/dags/dag.py took 0.342 seconds
[2024-05-12T17:13:14.094+0000] {processor.py:161} INFO - Started process (PID=46847) to work on /opt/airflow/dags/dag.py
[2024-05-12T17:13:14.096+0000] {processor.py:830} INFO - Processing file /opt/airflow/dags/dag.py for tasks to queue
[2024-05-12T17:13:14.098+0000] {logging_mixin.py:188} INFO - [2024-05-12T17:13:14.097+0000] {dagbag.py:545} INFO - Filling up the DagBag from /opt/airflow/dags/dag.py
[2024-05-12T17:13:14.417+0000] {processor.py:840} INFO - DAG(s) 'web_article_scraping' retrieved from /opt/airflow/dags/dag.py
[2024-05-12T17:13:14.435+0000] {logging_mixin.py:188} INFO - [2024-05-12T17:13:14.435+0000] {dag.py:3096} INFO - Sync 1 DAGs
[2024-05-12T17:13:14.455+0000] {logging_mixin.py:188} INFO - [2024-05-12T17:13:14.454+0000] {dag.py:3954} INFO - Setting next_dagrun for web_article_scraping to 2024-05-07 00:00:00+00:00, run_after=2024-05-08 00:00:00+00:00
[2024-05-12T17:13:14.473+0000] {processor.py:183} INFO - Processing /opt/airflow/dags/dag.py took 0.388 seconds
[2024-05-12T17:13:44.622+0000] {processor.py:161} INFO - Started process (PID=46911) to work on /opt/airflow/dags/dag.py
[2024-05-12T17:13:44.628+0000] {processor.py:830} INFO - Processing file /opt/airflow/dags/dag.py for tasks to queue
[2024-05-12T17:13:44.634+0000] {logging_mixin.py:188} INFO - [2024-05-12T17:13:44.631+0000] {dagbag.py:545} INFO - Filling up the DagBag from /opt/airflow/dags/dag.py
[2024-05-12T17:13:45.163+0000] {processor.py:840} INFO - DAG(s) 'web_article_scraping' retrieved from /opt/airflow/dags/dag.py
[2024-05-12T17:13:45.179+0000] {logging_mixin.py:188} INFO - [2024-05-12T17:13:45.179+0000] {dag.py:3096} INFO - Sync 1 DAGs
[2024-05-12T17:13:45.205+0000] {logging_mixin.py:188} INFO - [2024-05-12T17:13:45.204+0000] {dag.py:3954} INFO - Setting next_dagrun for web_article_scraping to 2024-05-12 00:00:00+00:00, run_after=2024-05-13 00:00:00+00:00
[2024-05-12T17:13:45.238+0000] {processor.py:183} INFO - Processing /opt/airflow/dags/dag.py took 0.653 seconds
[2024-05-12T17:14:15.315+0000] {processor.py:161} INFO - Started process (PID=46995) to work on /opt/airflow/dags/dag.py
[2024-05-12T17:14:15.316+0000] {processor.py:830} INFO - Processing file /opt/airflow/dags/dag.py for tasks to queue
[2024-05-12T17:14:15.316+0000] {logging_mixin.py:188} INFO - [2024-05-12T17:14:15.316+0000] {dagbag.py:545} INFO - Filling up the DagBag from /opt/airflow/dags/dag.py
[2024-05-12T17:14:15.651+0000] {processor.py:840} INFO - DAG(s) 'web_article_scraping' retrieved from /opt/airflow/dags/dag.py
[2024-05-12T17:14:15.672+0000] {logging_mixin.py:188} INFO - [2024-05-12T17:14:15.671+0000] {dag.py:3096} INFO - Sync 1 DAGs
[2024-05-12T17:14:15.700+0000] {logging_mixin.py:188} INFO - [2024-05-12T17:14:15.700+0000] {dag.py:3954} INFO - Setting next_dagrun for web_article_scraping to 2024-05-12 00:00:00+00:00, run_after=2024-05-13 00:00:00+00:00
[2024-05-12T17:14:15.717+0000] {processor.py:183} INFO - Processing /opt/airflow/dags/dag.py took 0.407 seconds
[2024-05-12T17:14:46.005+0000] {processor.py:161} INFO - Started process (PID=47054) to work on /opt/airflow/dags/dag.py
[2024-05-12T17:14:46.006+0000] {processor.py:830} INFO - Processing file /opt/airflow/dags/dag.py for tasks to queue
[2024-05-12T17:14:46.007+0000] {logging_mixin.py:188} INFO - [2024-05-12T17:14:46.007+0000] {dagbag.py:545} INFO - Filling up the DagBag from /opt/airflow/dags/dag.py
[2024-05-12T17:14:46.368+0000] {processor.py:840} INFO - DAG(s) 'web_article_scraping' retrieved from /opt/airflow/dags/dag.py
[2024-05-12T17:14:46.383+0000] {logging_mixin.py:188} INFO - [2024-05-12T17:14:46.383+0000] {dag.py:3096} INFO - Sync 1 DAGs
[2024-05-12T17:14:46.402+0000] {logging_mixin.py:188} INFO - [2024-05-12T17:14:46.402+0000] {dag.py:3954} INFO - Setting next_dagrun for web_article_scraping to 2024-05-12 00:00:00+00:00, run_after=2024-05-13 00:00:00+00:00
[2024-05-12T17:14:46.417+0000] {processor.py:183} INFO - Processing /opt/airflow/dags/dag.py took 0.417 seconds
[2024-05-12T17:15:16.544+0000] {processor.py:161} INFO - Started process (PID=47120) to work on /opt/airflow/dags/dag.py
[2024-05-12T17:15:16.544+0000] {processor.py:830} INFO - Processing file /opt/airflow/dags/dag.py for tasks to queue
[2024-05-12T17:15:16.545+0000] {logging_mixin.py:188} INFO - [2024-05-12T17:15:16.545+0000] {dagbag.py:545} INFO - Filling up the DagBag from /opt/airflow/dags/dag.py
[2024-05-12T17:15:16.822+0000] {processor.py:840} INFO - DAG(s) 'web_article_scraping' retrieved from /opt/airflow/dags/dag.py
[2024-05-12T17:15:16.835+0000] {logging_mixin.py:188} INFO - [2024-05-12T17:15:16.835+0000] {dag.py:3096} INFO - Sync 1 DAGs
[2024-05-12T17:15:16.850+0000] {logging_mixin.py:188} INFO - [2024-05-12T17:15:16.850+0000] {dag.py:3954} INFO - Setting next_dagrun for web_article_scraping to 2024-05-12 00:00:00+00:00, run_after=2024-05-13 00:00:00+00:00
[2024-05-12T17:15:16.862+0000] {processor.py:183} INFO - Processing /opt/airflow/dags/dag.py took 0.323 seconds
[2024-05-12T17:15:46.915+0000] {processor.py:161} INFO - Started process (PID=47180) to work on /opt/airflow/dags/dag.py
[2024-05-12T17:15:46.916+0000] {processor.py:830} INFO - Processing file /opt/airflow/dags/dag.py for tasks to queue
[2024-05-12T17:15:46.917+0000] {logging_mixin.py:188} INFO - [2024-05-12T17:15:46.917+0000] {dagbag.py:545} INFO - Filling up the DagBag from /opt/airflow/dags/dag.py
[2024-05-12T17:15:47.208+0000] {processor.py:840} INFO - DAG(s) 'web_article_scraping' retrieved from /opt/airflow/dags/dag.py
[2024-05-12T17:15:47.222+0000] {logging_mixin.py:188} INFO - [2024-05-12T17:15:47.222+0000] {dag.py:3096} INFO - Sync 1 DAGs
[2024-05-12T17:15:47.238+0000] {logging_mixin.py:188} INFO - [2024-05-12T17:15:47.237+0000] {dag.py:3954} INFO - Setting next_dagrun for web_article_scraping to 2024-05-12 00:00:00+00:00, run_after=2024-05-13 00:00:00+00:00
[2024-05-12T17:15:47.251+0000] {processor.py:183} INFO - Processing /opt/airflow/dags/dag.py took 0.341 seconds
[2024-05-12T17:16:18.030+0000] {processor.py:161} INFO - Started process (PID=47240) to work on /opt/airflow/dags/dag.py
[2024-05-12T17:16:18.030+0000] {processor.py:830} INFO - Processing file /opt/airflow/dags/dag.py for tasks to queue
[2024-05-12T17:16:18.031+0000] {logging_mixin.py:188} INFO - [2024-05-12T17:16:18.031+0000] {dagbag.py:545} INFO - Filling up the DagBag from /opt/airflow/dags/dag.py
[2024-05-12T17:16:18.312+0000] {processor.py:840} INFO - DAG(s) 'web_article_scraping' retrieved from /opt/airflow/dags/dag.py
[2024-05-12T17:16:18.325+0000] {logging_mixin.py:188} INFO - [2024-05-12T17:16:18.325+0000] {dag.py:3096} INFO - Sync 1 DAGs
[2024-05-12T17:16:18.342+0000] {logging_mixin.py:188} INFO - [2024-05-12T17:16:18.342+0000] {dag.py:3954} INFO - Setting next_dagrun for web_article_scraping to 2024-05-12 00:00:00+00:00, run_after=2024-05-13 00:00:00+00:00
[2024-05-12T17:16:18.354+0000] {processor.py:183} INFO - Processing /opt/airflow/dags/dag.py took 0.328 seconds
[2024-05-12T17:16:49.309+0000] {processor.py:161} INFO - Started process (PID=47300) to work on /opt/airflow/dags/dag.py
[2024-05-12T17:16:49.310+0000] {processor.py:830} INFO - Processing file /opt/airflow/dags/dag.py for tasks to queue
[2024-05-12T17:16:49.311+0000] {logging_mixin.py:188} INFO - [2024-05-12T17:16:49.311+0000] {dagbag.py:545} INFO - Filling up the DagBag from /opt/airflow/dags/dag.py
[2024-05-12T17:16:49.589+0000] {processor.py:840} INFO - DAG(s) 'web_article_scraping' retrieved from /opt/airflow/dags/dag.py
[2024-05-12T17:16:49.602+0000] {logging_mixin.py:188} INFO - [2024-05-12T17:16:49.601+0000] {dag.py:3096} INFO - Sync 1 DAGs
[2024-05-12T17:16:49.618+0000] {logging_mixin.py:188} INFO - [2024-05-12T17:16:49.617+0000] {dag.py:3954} INFO - Setting next_dagrun for web_article_scraping to 2024-05-12 00:00:00+00:00, run_after=2024-05-13 00:00:00+00:00
[2024-05-12T17:16:49.630+0000] {processor.py:183} INFO - Processing /opt/airflow/dags/dag.py took 0.326 seconds
[2024-05-12T17:17:19.769+0000] {processor.py:161} INFO - Started process (PID=47360) to work on /opt/airflow/dags/dag.py
[2024-05-12T17:17:19.770+0000] {processor.py:830} INFO - Processing file /opt/airflow/dags/dag.py for tasks to queue
[2024-05-12T17:17:19.771+0000] {logging_mixin.py:188} INFO - [2024-05-12T17:17:19.770+0000] {dagbag.py:545} INFO - Filling up the DagBag from /opt/airflow/dags/dag.py
[2024-05-12T17:17:20.085+0000] {processor.py:840} INFO - DAG(s) 'web_article_scraping' retrieved from /opt/airflow/dags/dag.py
[2024-05-12T17:17:20.099+0000] {logging_mixin.py:188} INFO - [2024-05-12T17:17:20.099+0000] {dag.py:3096} INFO - Sync 1 DAGs
[2024-05-12T17:17:20.118+0000] {logging_mixin.py:188} INFO - [2024-05-12T17:17:20.118+0000] {dag.py:3954} INFO - Setting next_dagrun for web_article_scraping to 2024-05-12 00:00:00+00:00, run_after=2024-05-13 00:00:00+00:00
[2024-05-12T17:17:20.132+0000] {processor.py:183} INFO - Processing /opt/airflow/dags/dag.py took 0.368 seconds
[2024-05-12T17:17:51.053+0000] {processor.py:161} INFO - Started process (PID=47420) to work on /opt/airflow/dags/dag.py
[2024-05-12T17:17:51.054+0000] {processor.py:830} INFO - Processing file /opt/airflow/dags/dag.py for tasks to queue
[2024-05-12T17:17:51.054+0000] {logging_mixin.py:188} INFO - [2024-05-12T17:17:51.054+0000] {dagbag.py:545} INFO - Filling up the DagBag from /opt/airflow/dags/dag.py
[2024-05-12T17:17:51.316+0000] {processor.py:840} INFO - DAG(s) 'web_article_scraping' retrieved from /opt/airflow/dags/dag.py
[2024-05-12T17:17:51.329+0000] {logging_mixin.py:188} INFO - [2024-05-12T17:17:51.329+0000] {dag.py:3096} INFO - Sync 1 DAGs
[2024-05-12T17:17:51.343+0000] {logging_mixin.py:188} INFO - [2024-05-12T17:17:51.343+0000] {dag.py:3954} INFO - Setting next_dagrun for web_article_scraping to 2024-05-12 00:00:00+00:00, run_after=2024-05-13 00:00:00+00:00
[2024-05-12T17:17:51.355+0000] {processor.py:183} INFO - Processing /opt/airflow/dags/dag.py took 0.307 seconds
[2024-05-12T17:18:22.324+0000] {processor.py:161} INFO - Started process (PID=47480) to work on /opt/airflow/dags/dag.py
[2024-05-12T17:18:22.325+0000] {processor.py:830} INFO - Processing file /opt/airflow/dags/dag.py for tasks to queue
[2024-05-12T17:18:22.325+0000] {logging_mixin.py:188} INFO - [2024-05-12T17:18:22.325+0000] {dagbag.py:545} INFO - Filling up the DagBag from /opt/airflow/dags/dag.py
[2024-05-12T17:18:22.590+0000] {processor.py:840} INFO - DAG(s) 'web_article_scraping' retrieved from /opt/airflow/dags/dag.py
[2024-05-12T17:18:22.603+0000] {logging_mixin.py:188} INFO - [2024-05-12T17:18:22.602+0000] {dag.py:3096} INFO - Sync 1 DAGs
[2024-05-12T17:18:22.616+0000] {logging_mixin.py:188} INFO - [2024-05-12T17:18:22.616+0000] {dag.py:3954} INFO - Setting next_dagrun for web_article_scraping to 2024-05-12 00:00:00+00:00, run_after=2024-05-13 00:00:00+00:00
[2024-05-12T17:18:22.628+0000] {processor.py:183} INFO - Processing /opt/airflow/dags/dag.py took 0.309 seconds
[2024-05-12T17:18:52.667+0000] {processor.py:161} INFO - Started process (PID=47540) to work on /opt/airflow/dags/dag.py
[2024-05-12T17:18:52.668+0000] {processor.py:830} INFO - Processing file /opt/airflow/dags/dag.py for tasks to queue
[2024-05-12T17:18:52.668+0000] {logging_mixin.py:188} INFO - [2024-05-12T17:18:52.668+0000] {dagbag.py:545} INFO - Filling up the DagBag from /opt/airflow/dags/dag.py
[2024-05-12T17:18:52.934+0000] {processor.py:840} INFO - DAG(s) 'web_article_scraping' retrieved from /opt/airflow/dags/dag.py
[2024-05-12T17:18:52.947+0000] {logging_mixin.py:188} INFO - [2024-05-12T17:18:52.947+0000] {dag.py:3096} INFO - Sync 1 DAGs
[2024-05-12T17:18:52.961+0000] {logging_mixin.py:188} INFO - [2024-05-12T17:18:52.961+0000] {dag.py:3954} INFO - Setting next_dagrun for web_article_scraping to 2024-05-12 00:00:00+00:00, run_after=2024-05-13 00:00:00+00:00
[2024-05-12T17:18:52.973+0000] {processor.py:183} INFO - Processing /opt/airflow/dags/dag.py took 0.310 seconds
[2024-05-12T17:19:23.103+0000] {processor.py:161} INFO - Started process (PID=47600) to work on /opt/airflow/dags/dag.py
[2024-05-12T17:19:23.103+0000] {processor.py:830} INFO - Processing file /opt/airflow/dags/dag.py for tasks to queue
[2024-05-12T17:19:23.104+0000] {logging_mixin.py:188} INFO - [2024-05-12T17:19:23.104+0000] {dagbag.py:545} INFO - Filling up the DagBag from /opt/airflow/dags/dag.py
[2024-05-12T17:19:23.394+0000] {processor.py:840} INFO - DAG(s) 'web_article_scraping' retrieved from /opt/airflow/dags/dag.py
[2024-05-12T17:19:23.408+0000] {logging_mixin.py:188} INFO - [2024-05-12T17:19:23.408+0000] {dag.py:3096} INFO - Sync 1 DAGs
[2024-05-12T17:19:23.425+0000] {logging_mixin.py:188} INFO - [2024-05-12T17:19:23.424+0000] {dag.py:3954} INFO - Setting next_dagrun for web_article_scraping to 2024-05-12 00:00:00+00:00, run_after=2024-05-13 00:00:00+00:00
[2024-05-12T17:19:23.439+0000] {processor.py:183} INFO - Processing /opt/airflow/dags/dag.py took 0.342 seconds
[2024-05-12T17:19:54.308+0000] {processor.py:161} INFO - Started process (PID=47667) to work on /opt/airflow/dags/dag.py
[2024-05-12T17:19:54.309+0000] {processor.py:830} INFO - Processing file /opt/airflow/dags/dag.py for tasks to queue
[2024-05-12T17:19:54.310+0000] {logging_mixin.py:188} INFO - [2024-05-12T17:19:54.309+0000] {dagbag.py:545} INFO - Filling up the DagBag from /opt/airflow/dags/dag.py
[2024-05-12T17:19:54.570+0000] {processor.py:840} INFO - DAG(s) 'web_article_scraping' retrieved from /opt/airflow/dags/dag.py
[2024-05-12T17:19:54.584+0000] {logging_mixin.py:188} INFO - [2024-05-12T17:19:54.583+0000] {dag.py:3096} INFO - Sync 1 DAGs
[2024-05-12T17:19:54.598+0000] {logging_mixin.py:188} INFO - [2024-05-12T17:19:54.598+0000] {dag.py:3954} INFO - Setting next_dagrun for web_article_scraping to 2024-05-12 00:00:00+00:00, run_after=2024-05-13 00:00:00+00:00
[2024-05-12T17:19:54.610+0000] {processor.py:183} INFO - Processing /opt/airflow/dags/dag.py took 0.305 seconds
[2024-05-12T17:20:24.635+0000] {processor.py:161} INFO - Started process (PID=47727) to work on /opt/airflow/dags/dag.py
[2024-05-12T17:20:24.635+0000] {processor.py:830} INFO - Processing file /opt/airflow/dags/dag.py for tasks to queue
[2024-05-12T17:20:24.636+0000] {logging_mixin.py:188} INFO - [2024-05-12T17:20:24.636+0000] {dagbag.py:545} INFO - Filling up the DagBag from /opt/airflow/dags/dag.py
[2024-05-12T17:20:24.900+0000] {processor.py:840} INFO - DAG(s) 'web_article_scraping' retrieved from /opt/airflow/dags/dag.py
[2024-05-12T17:20:24.913+0000] {logging_mixin.py:188} INFO - [2024-05-12T17:20:24.913+0000] {dag.py:3096} INFO - Sync 1 DAGs
[2024-05-12T17:20:24.928+0000] {logging_mixin.py:188} INFO - [2024-05-12T17:20:24.927+0000] {dag.py:3954} INFO - Setting next_dagrun for web_article_scraping to 2024-05-12 00:00:00+00:00, run_after=2024-05-13 00:00:00+00:00
[2024-05-12T17:20:24.939+0000] {processor.py:183} INFO - Processing /opt/airflow/dags/dag.py took 0.309 seconds
[2024-05-12T17:20:55.901+0000] {processor.py:161} INFO - Started process (PID=47787) to work on /opt/airflow/dags/dag.py
[2024-05-12T17:20:55.902+0000] {processor.py:830} INFO - Processing file /opt/airflow/dags/dag.py for tasks to queue
[2024-05-12T17:20:55.903+0000] {logging_mixin.py:188} INFO - [2024-05-12T17:20:55.903+0000] {dagbag.py:545} INFO - Filling up the DagBag from /opt/airflow/dags/dag.py
[2024-05-12T17:20:56.177+0000] {processor.py:840} INFO - DAG(s) 'web_article_scraping' retrieved from /opt/airflow/dags/dag.py
[2024-05-12T17:20:56.191+0000] {logging_mixin.py:188} INFO - [2024-05-12T17:20:56.191+0000] {dag.py:3096} INFO - Sync 1 DAGs
[2024-05-12T17:20:56.205+0000] {logging_mixin.py:188} INFO - [2024-05-12T17:20:56.205+0000] {dag.py:3954} INFO - Setting next_dagrun for web_article_scraping to 2024-05-12 00:00:00+00:00, run_after=2024-05-13 00:00:00+00:00
[2024-05-12T17:20:56.217+0000] {processor.py:183} INFO - Processing /opt/airflow/dags/dag.py took 0.322 seconds
[2024-05-12T17:21:27.212+0000] {processor.py:161} INFO - Started process (PID=47847) to work on /opt/airflow/dags/dag.py
[2024-05-12T17:21:27.212+0000] {processor.py:830} INFO - Processing file /opt/airflow/dags/dag.py for tasks to queue
[2024-05-12T17:21:27.213+0000] {logging_mixin.py:188} INFO - [2024-05-12T17:21:27.213+0000] {dagbag.py:545} INFO - Filling up the DagBag from /opt/airflow/dags/dag.py
[2024-05-12T17:21:27.507+0000] {processor.py:840} INFO - DAG(s) 'web_article_scraping' retrieved from /opt/airflow/dags/dag.py
[2024-05-12T17:21:27.521+0000] {logging_mixin.py:188} INFO - [2024-05-12T17:21:27.521+0000] {dag.py:3096} INFO - Sync 1 DAGs
[2024-05-12T17:21:27.537+0000] {logging_mixin.py:188} INFO - [2024-05-12T17:21:27.537+0000] {dag.py:3954} INFO - Setting next_dagrun for web_article_scraping to 2024-05-12 00:00:00+00:00, run_after=2024-05-13 00:00:00+00:00
[2024-05-12T17:21:27.550+0000] {processor.py:183} INFO - Processing /opt/airflow/dags/dag.py took 0.343 seconds
[2024-05-12T17:21:58.408+0000] {processor.py:161} INFO - Started process (PID=47907) to work on /opt/airflow/dags/dag.py
[2024-05-12T17:21:58.409+0000] {processor.py:830} INFO - Processing file /opt/airflow/dags/dag.py for tasks to queue
[2024-05-12T17:21:58.409+0000] {logging_mixin.py:188} INFO - [2024-05-12T17:21:58.409+0000] {dagbag.py:545} INFO - Filling up the DagBag from /opt/airflow/dags/dag.py
[2024-05-12T17:21:58.702+0000] {processor.py:840} INFO - DAG(s) 'web_article_scraping' retrieved from /opt/airflow/dags/dag.py
[2024-05-12T17:21:58.716+0000] {logging_mixin.py:188} INFO - [2024-05-12T17:21:58.715+0000] {dag.py:3096} INFO - Sync 1 DAGs
[2024-05-12T17:21:58.731+0000] {logging_mixin.py:188} INFO - [2024-05-12T17:21:58.731+0000] {dag.py:3954} INFO - Setting next_dagrun for web_article_scraping to 2024-05-12 00:00:00+00:00, run_after=2024-05-13 00:00:00+00:00
[2024-05-12T17:21:58.744+0000] {processor.py:183} INFO - Processing /opt/airflow/dags/dag.py took 0.341 seconds
