[2024-05-12T17:13:52.851+0000] {local_task_job_runner.py:120} INFO - ::group::Pre task execution logs
[2024-05-12T17:13:52.875+0000] {taskinstance.py:2076} INFO - Dependencies all met for dep_context=non-requeueable deps ti=<TaskInstance: web_article_scraping.load manual__2024-05-12T17:13:39.054661+00:00 [queued]>
[2024-05-12T17:13:52.882+0000] {taskinstance.py:2076} INFO - Dependencies all met for dep_context=requeueable deps ti=<TaskInstance: web_article_scraping.load manual__2024-05-12T17:13:39.054661+00:00 [queued]>
[2024-05-12T17:13:52.883+0000] {taskinstance.py:2306} INFO - Starting attempt 1 of 1
[2024-05-12T17:13:52.899+0000] {taskinstance.py:2330} INFO - Executing <Task(PythonOperator): load> on 2024-05-12 17:13:39.054661+00:00
[2024-05-12T17:13:52.906+0000] {warnings.py:110} WARNING - /home/***/.local/lib/python3.12/site-packages/***/task/task_runner/standard_task_runner.py:61: DeprecationWarning: This process (pid=5524) is multi-threaded, use of fork() may lead to deadlocks in the child.
  pid = os.fork()

[2024-05-12T17:13:52.908+0000] {standard_task_runner.py:63} INFO - Started process 5534 to run task
[2024-05-12T17:13:52.908+0000] {standard_task_runner.py:90} INFO - Running: ['***', 'tasks', 'run', 'web_article_scraping', 'load', 'manual__2024-05-12T17:13:39.054661+00:00', '--job-id', '21', '--raw', '--subdir', 'DAGS_FOLDER/dag.py', '--cfg-path', '/tmp/tmp7rf3vq0u']
[2024-05-12T17:13:52.910+0000] {standard_task_runner.py:91} INFO - Job 21: Subtask load
[2024-05-12T17:13:52.957+0000] {task_command.py:426} INFO - Running <TaskInstance: web_article_scraping.load manual__2024-05-12T17:13:39.054661+00:00 [running]> on host 4d491b913ee9
[2024-05-12T17:13:53.032+0000] {taskinstance.py:2648} INFO - Exporting env vars: AIRFLOW_CTX_DAG_OWNER='***' AIRFLOW_CTX_DAG_ID='web_article_scraping' AIRFLOW_CTX_TASK_ID='load' AIRFLOW_CTX_EXECUTION_DATE='2024-05-12T17:13:39.054661+00:00' AIRFLOW_CTX_TRY_NUMBER='1' AIRFLOW_CTX_DAG_RUN_ID='manual__2024-05-12T17:13:39.054661+00:00'
[2024-05-12T17:13:53.033+0000] {taskinstance.py:430} INFO - ::endgroup::
[2024-05-12T17:13:54.597+0000] {dag.py:39} WARNING - No valid title or description for URL: https://www.bbc.com/news/world-europe-68998913
[2024-05-12T17:13:54.773+0000] {dag.py:39} WARNING - No valid title or description for URL: https://www.bbc.com/news/uk-politics-68999212
[2024-05-12T17:13:54.951+0000] {dag.py:39} WARNING - No valid title or description for URL: https://www.bbc.com/news/world-europe-68998913
[2024-05-12T17:13:55.150+0000] {dag.py:39} WARNING - No valid title or description for URL: https://www.bbc.com/news/uk-politics-68999212
[2024-05-12T17:13:55.327+0000] {dag.py:39} WARNING - No valid title or description for URL: https://www.bbc.com/news/articles/c72p0xx410xo
[2024-05-12T17:13:55.507+0000] {dag.py:39} WARNING - No valid title or description for URL: https://www.bbc.com/news/world-us-canada-68996066
[2024-05-12T17:13:55.709+0000] {dag.py:39} WARNING - No valid title or description for URL: https://www.bbc.com/news/world-us-canada-68991796
[2024-05-12T17:13:55.991+0000] {python.py:237} INFO - Done. Returned value was: None
[2024-05-12T17:13:55.991+0000] {taskinstance.py:441} INFO - ::group::Post task execution logs
[2024-05-12T17:13:56.008+0000] {taskinstance.py:1206} INFO - Marking task as SUCCESS. dag_id=web_article_scraping, task_id=load, run_id=manual__2024-05-12T17:13:39.054661+00:00, execution_date=20240512T171339, start_date=20240512T171352, end_date=20240512T171356
[2024-05-12T17:13:56.059+0000] {local_task_job_runner.py:240} INFO - Task exited with return code 0
[2024-05-12T17:13:56.077+0000] {taskinstance.py:3498} INFO - 1 downstream tasks scheduled from follow-on schedule check
[2024-05-12T17:13:56.079+0000] {local_task_job_runner.py:222} INFO - ::endgroup::
