[2024-05-12T17:13:58.052+0000] {local_task_job_runner.py:120} INFO - ::group::Pre task execution logs
[2024-05-12T17:13:58.071+0000] {taskinstance.py:2076} INFO - Dependencies all met for dep_context=non-requeueable deps ti=<TaskInstance: web_article_scraping.dvc_add_and_push scheduled__2024-05-09T00:00:00+00:00 [queued]>
[2024-05-12T17:13:58.079+0000] {taskinstance.py:2076} INFO - Dependencies all met for dep_context=requeueable deps ti=<TaskInstance: web_article_scraping.dvc_add_and_push scheduled__2024-05-09T00:00:00+00:00 [queued]>
[2024-05-12T17:13:58.080+0000] {taskinstance.py:2306} INFO - Starting attempt 1 of 1
[2024-05-12T17:13:58.094+0000] {taskinstance.py:2330} INFO - Executing <Task(BashOperator): dvc_add_and_push> on 2024-05-09 00:00:00+00:00
[2024-05-12T17:13:58.099+0000] {warnings.py:110} WARNING - /home/***/.local/lib/python3.12/site-packages/***/task/task_runner/standard_task_runner.py:61: DeprecationWarning: This process (pid=5539) is multi-threaded, use of fork() may lead to deadlocks in the child.
  pid = os.fork()

[2024-05-12T17:13:58.101+0000] {standard_task_runner.py:63} INFO - Started process 5549 to run task
[2024-05-12T17:13:58.105+0000] {standard_task_runner.py:90} INFO - Running: ['***', 'tasks', 'run', 'web_article_scraping', 'dvc_add_and_push', 'scheduled__2024-05-09T00:00:00+00:00', '--job-id', '24', '--raw', '--subdir', 'DAGS_FOLDER/dag.py', '--cfg-path', '/tmp/tmpqd3g8l2x']
[2024-05-12T17:13:58.106+0000] {standard_task_runner.py:91} INFO - Job 24: Subtask dvc_add_and_push
[2024-05-12T17:13:58.170+0000] {task_command.py:426} INFO - Running <TaskInstance: web_article_scraping.dvc_add_and_push scheduled__2024-05-09T00:00:00+00:00 [running]> on host 4d491b913ee9
[2024-05-12T17:13:58.251+0000] {taskinstance.py:2648} INFO - Exporting env vars: AIRFLOW_CTX_DAG_OWNER='***' AIRFLOW_CTX_DAG_ID='web_article_scraping' AIRFLOW_CTX_TASK_ID='dvc_add_and_push' AIRFLOW_CTX_EXECUTION_DATE='2024-05-09T00:00:00+00:00' AIRFLOW_CTX_TRY_NUMBER='1' AIRFLOW_CTX_DAG_RUN_ID='scheduled__2024-05-09T00:00:00+00:00'
[2024-05-12T17:13:58.252+0000] {taskinstance.py:430} INFO - ::endgroup::
[2024-05-12T17:13:58.253+0000] {subprocess.py:63} INFO - Tmp dir root location: /tmp
[2024-05-12T17:13:58.254+0000] {subprocess.py:75} INFO - Running command: ['/usr/bin/bash', '-c', '\ncd /opt/***/dags\npip install dvc && pip install dvc-gdrive && dvc init -f --no-scm && dvc remote add -d mygoogleDrive gdrive://1akLltC_11ZTBzZF-D4cZt_sZIf-jheJE && dvc add extracted_data.csv && dvc push -r mygoogleDrive']
[2024-05-12T17:13:58.264+0000] {subprocess.py:86} INFO - Output:
[2024-05-12T17:14:01.561+0000] {subprocess.py:93} INFO - Collecting dvc
[2024-05-12T17:14:01.733+0000] {subprocess.py:93} INFO -   Downloading dvc-3.50.1-py3-none-any.whl.metadata (17 kB)
[2024-05-12T17:14:01.823+0000] {subprocess.py:93} INFO - Requirement already satisfied: attrs>=22.2.0 in /home/***/.local/lib/python3.12/site-packages (from dvc) (23.2.0)
[2024-05-12T17:14:01.826+0000] {subprocess.py:93} INFO - Requirement already satisfied: celery in /home/***/.local/lib/python3.12/site-packages (from dvc) (5.4.0)
[2024-05-12T17:14:01.828+0000] {subprocess.py:93} INFO - Requirement already satisfied: colorama>=0.3.9 in /home/***/.local/lib/python3.12/site-packages (from dvc) (0.4.6)
[2024-05-12T17:14:02.156+0000] {subprocess.py:93} INFO - Collecting configobj>=5.0.6 (from dvc)
[2024-05-12T17:14:02.206+0000] {subprocess.py:93} INFO -   Downloading configobj-5.0.8-py2.py3-none-any.whl.metadata (3.4 kB)
[2024-05-12T17:14:02.315+0000] {subprocess.py:93} INFO - Collecting distro>=1.3 (from dvc)
[2024-05-12T17:14:02.363+0000] {subprocess.py:93} INFO -   Downloading distro-1.9.0-py3-none-any.whl.metadata (6.8 kB)
[2024-05-12T17:14:02.787+0000] {subprocess.py:93} INFO - Collecting dpath<3,>=2.1.0 (from dvc)
[2024-05-12T17:14:02.831+0000] {subprocess.py:93} INFO -   Downloading dpath-2.1.6-py3-none-any.whl.metadata (15 kB)
[2024-05-12T17:14:03.144+0000] {subprocess.py:93} INFO - Collecting dulwich (from dvc)
[2024-05-12T17:14:03.188+0000] {subprocess.py:93} INFO -   Downloading dulwich-0.22.1-cp312-cp312-manylinux_2_17_x86_64.manylinux2014_x86_64.whl.metadata (4.4 kB)
[2024-05-12T17:14:03.695+0000] {subprocess.py:93} INFO - Collecting dvc-data<3.16,>=3.15 (from dvc)
[2024-05-12T17:14:03.741+0000] {subprocess.py:93} INFO -   Downloading dvc_data-3.15.1-py3-none-any.whl.metadata (5.0 kB)
[2024-05-12T17:14:04.091+0000] {subprocess.py:93} INFO - Collecting dvc-http>=2.29.0 (from dvc)
[2024-05-12T17:14:04.139+0000] {subprocess.py:93} INFO -   Downloading dvc_http-2.32.0-py3-none-any.whl.metadata (1.3 kB)
[2024-05-12T17:14:04.615+0000] {subprocess.py:93} INFO - Collecting dvc-objects (from dvc)
[2024-05-12T17:14:04.659+0000] {subprocess.py:93} INFO -   Downloading dvc_objects-5.1.0-py3-none-any.whl.metadata (3.7 kB)
[2024-05-12T17:14:05.071+0000] {subprocess.py:93} INFO - Collecting dvc-render<2,>=1.0.1 (from dvc)
[2024-05-12T17:14:05.120+0000] {subprocess.py:93} INFO -   Downloading dvc_render-1.0.2-py3-none-any.whl.metadata (5.4 kB)
[2024-05-12T17:14:05.565+0000] {subprocess.py:93} INFO - Collecting dvc-studio-client<1,>=0.20 (from dvc)
[2024-05-12T17:14:05.612+0000] {subprocess.py:93} INFO -   Downloading dvc_studio_client-0.20.0-py3-none-any.whl.metadata (4.3 kB)
[2024-05-12T17:14:05.941+0000] {subprocess.py:93} INFO - Collecting dvc-task<1,>=0.3.0 (from dvc)
[2024-05-12T17:14:05.985+0000] {subprocess.py:93} INFO -   Downloading dvc_task-0.4.0-py3-none-any.whl.metadata (9.9 kB)
[2024-05-12T17:14:06.307+0000] {subprocess.py:93} INFO - Collecting flatten-dict<1,>=0.4.1 (from dvc)
[2024-05-12T17:14:06.350+0000] {subprocess.py:93} INFO -   Downloading flatten_dict-0.4.2-py2.py3-none-any.whl.metadata (9.2 kB)
[2024-05-12T17:14:06.769+0000] {subprocess.py:93} INFO - Collecting flufl.lock<8,>=5 (from dvc)
[2024-05-12T17:14:06.835+0000] {subprocess.py:93} INFO -   Downloading flufl.lock-7.1.1-py3-none-any.whl.metadata (3.3 kB)
[2024-05-12T17:14:06.854+0000] {subprocess.py:93} INFO - Requirement already satisfied: fsspec in /home/***/.local/lib/python3.12/site-packages (from dvc) (2023.12.2)
[2024-05-12T17:14:07.266+0000] {subprocess.py:93} INFO - Collecting funcy>=1.14 (from dvc)
[2024-05-12T17:14:07.319+0000] {subprocess.py:93} INFO -   Downloading funcy-2.0-py2.py3-none-any.whl.metadata (5.9 kB)
[2024-05-12T17:14:07.744+0000] {subprocess.py:93} INFO - Collecting grandalf<1,>=0.7 (from dvc)
[2024-05-12T17:14:07.793+0000] {subprocess.py:93} INFO -   Downloading grandalf-0.8-py3-none-any.whl.metadata (1.7 kB)
[2024-05-12T17:14:08.248+0000] {subprocess.py:93} INFO - Collecting gto<2,>=1.6.0 (from dvc)
[2024-05-12T17:14:08.297+0000] {subprocess.py:93} INFO -   Downloading gto-1.7.1-py3-none-any.whl.metadata (4.2 kB)
[2024-05-12T17:14:08.719+0000] {subprocess.py:93} INFO - Collecting hydra-core>=1.1 (from dvc)
[2024-05-12T17:14:08.765+0000] {subprocess.py:93} INFO -   Downloading hydra_core-1.3.2-py3-none-any.whl.metadata (5.5 kB)
[2024-05-12T17:14:09.079+0000] {subprocess.py:93} INFO - Collecting iterative-telemetry>=0.0.7 (from dvc)
[2024-05-12T17:14:09.126+0000] {subprocess.py:93} INFO -   Downloading iterative_telemetry-0.0.8-py3-none-any.whl.metadata (4.1 kB)
[2024-05-12T17:14:09.136+0000] {subprocess.py:93} INFO - Requirement already satisfied: kombu in /home/***/.local/lib/python3.12/site-packages (from dvc) (5.3.7)
[2024-05-12T17:14:09.224+0000] {subprocess.py:93} INFO - Collecting networkx>=2.5 (from dvc)
[2024-05-12T17:14:09.269+0000] {subprocess.py:93} INFO -   Downloading networkx-3.3-py3-none-any.whl.metadata (5.1 kB)
[2024-05-12T17:14:09.419+0000] {subprocess.py:93} INFO - Collecting omegaconf (from dvc)
[2024-05-12T17:14:09.466+0000] {subprocess.py:93} INFO -   Downloading omegaconf-2.3.0-py3-none-any.whl.metadata (3.9 kB)
[2024-05-12T17:14:09.483+0000] {subprocess.py:93} INFO - Requirement already satisfied: packaging>=19 in /home/***/.local/lib/python3.12/site-packages (from dvc) (24.0)
[2024-05-12T17:14:09.487+0000] {subprocess.py:93} INFO - Requirement already satisfied: pathspec>=0.10.3 in /home/***/.local/lib/python3.12/site-packages (from dvc) (0.12.1)
[2024-05-12T17:14:09.625+0000] {subprocess.py:93} INFO - Collecting platformdirs<4,>=3.1.1 (from dvc)
[2024-05-12T17:14:09.674+0000] {subprocess.py:93} INFO -   Downloading platformdirs-3.11.0-py3-none-any.whl.metadata (11 kB)
[2024-05-12T17:14:09.701+0000] {subprocess.py:93} INFO - Requirement already satisfied: psutil>=5.8 in /home/***/.local/lib/python3.12/site-packages (from dvc) (5.9.8)
[2024-05-12T17:14:10.067+0000] {subprocess.py:93} INFO - Collecting pydot>=1.2.4 (from dvc)
[2024-05-12T17:14:10.110+0000] {subprocess.py:93} INFO -   Downloading pydot-2.0.0-py3-none-any.whl.metadata (9.6 kB)
[2024-05-12T17:14:10.436+0000] {subprocess.py:93} INFO - Collecting pygtrie>=2.3.2 (from dvc)
[2024-05-12T17:14:10.483+0000] {subprocess.py:93} INFO -   Downloading pygtrie-2.5.0-py3-none-any.whl.metadata (7.5 kB)
[2024-05-12T17:14:10.505+0000] {subprocess.py:93} INFO - Requirement already satisfied: pyparsing>=2.4.7 in /home/***/.local/lib/python3.12/site-packages (from dvc) (3.1.2)
[2024-05-12T17:14:10.507+0000] {subprocess.py:93} INFO - Requirement already satisfied: requests>=2.22 in /home/***/.local/lib/python3.12/site-packages (from dvc) (2.31.0)
[2024-05-12T17:14:10.510+0000] {subprocess.py:93} INFO - Requirement already satisfied: rich>=12 in /home/***/.local/lib/python3.12/site-packages (from dvc) (13.7.1)
[2024-05-12T17:14:10.901+0000] {subprocess.py:93} INFO - Collecting ruamel.yaml>=0.17.11 (from dvc)
[2024-05-12T17:14:10.945+0000] {subprocess.py:93} INFO -   Downloading ruamel.yaml-0.18.6-py3-none-any.whl.metadata (23 kB)
[2024-05-12T17:14:11.294+0000] {subprocess.py:93} INFO - Collecting scmrepo<4,>=3.3.2 (from dvc)
[2024-05-12T17:14:11.342+0000] {subprocess.py:93} INFO -   Downloading scmrepo-3.3.2-py3-none-any.whl.metadata (4.7 kB)
[2024-05-12T17:14:11.704+0000] {subprocess.py:93} INFO - Collecting shortuuid>=0.5 (from dvc)
[2024-05-12T17:14:11.747+0000] {subprocess.py:93} INFO -   Downloading shortuuid-1.0.13-py3-none-any.whl.metadata (5.8 kB)
[2024-05-12T17:14:12.194+0000] {subprocess.py:93} INFO - Collecting shtab<2,>=1.3.4 (from dvc)
[2024-05-12T17:14:12.249+0000] {subprocess.py:93} INFO -   Downloading shtab-1.7.1-py3-none-any.whl.metadata (7.3 kB)
[2024-05-12T17:14:12.273+0000] {subprocess.py:93} INFO - Requirement already satisfied: tabulate>=0.8.7 in /home/***/.local/lib/python3.12/site-packages (from dvc) (0.9.0)
[2024-05-12T17:14:12.275+0000] {subprocess.py:93} INFO - Requirement already satisfied: tomlkit>=0.11.1 in /home/***/.local/lib/python3.12/site-packages (from dvc) (0.12.4)
[2024-05-12T17:14:12.421+0000] {subprocess.py:93} INFO - Collecting tqdm<5,>=4.63.1 (from dvc)
[2024-05-12T17:14:12.467+0000] {subprocess.py:93} INFO -   Downloading tqdm-4.66.4-py3-none-any.whl.metadata (57 kB)
[2024-05-12T17:14:12.512+0000] {subprocess.py:93} INFO -      ━━━━━━━━━━━━━━━━━━━━━━━━━━━━━━━━━━━━━━━━ 57.6/57.6 kB 1.3 MB/s eta 0:00:00
[2024-05-12T17:14:12.836+0000] {subprocess.py:93} INFO - Collecting voluptuous>=0.11.7 (from dvc)
[2024-05-12T17:14:12.882+0000] {subprocess.py:93} INFO -   Downloading voluptuous-0.14.2-py3-none-any.whl.metadata (20 kB)
[2024-05-12T17:14:13.224+0000] {subprocess.py:93} INFO - Collecting zc.lockfile>=1.2.1 (from dvc)
[2024-05-12T17:14:13.268+0000] {subprocess.py:93} INFO -   Downloading zc.lockfile-3.0.post1-py3-none-any.whl.metadata (6.2 kB)
[2024-05-12T17:14:13.308+0000] {subprocess.py:93} INFO - Requirement already satisfied: six in /home/***/.local/lib/python3.12/site-packages (from configobj>=5.0.6->dvc) (1.16.0)
[2024-05-12T17:14:13.661+0000] {subprocess.py:93} INFO - Collecting dictdiffer>=0.8.1 (from dvc-data<3.16,>=3.15->dvc)
[2024-05-12T17:14:13.709+0000] {subprocess.py:93} INFO -   Downloading dictdiffer-0.9.0-py2.py3-none-any.whl.metadata (4.8 kB)
[2024-05-12T17:14:13.829+0000] {subprocess.py:93} INFO - Collecting fsspec (from dvc)
[2024-05-12T17:14:13.873+0000] {subprocess.py:93} INFO -   Downloading fsspec-2024.3.1-py3-none-any.whl.metadata (6.8 kB)
[2024-05-12T17:14:13.964+0000] {subprocess.py:93} INFO - Collecting diskcache>=5.2.1 (from dvc-data<3.16,>=3.15->dvc)
[2024-05-12T17:14:14.009+0000] {subprocess.py:93} INFO -   Downloading diskcache-5.6.3-py3-none-any.whl.metadata (20 kB)
[2024-05-12T17:14:14.338+0000] {subprocess.py:93} INFO - Collecting sqltrie<1,>=0.11.0 (from dvc-data<3.16,>=3.15->dvc)
[2024-05-12T17:14:14.385+0000] {subprocess.py:93} INFO -   Downloading sqltrie-0.11.0-py3-none-any.whl.metadata (3.3 kB)
[2024-05-12T17:14:14.760+0000] {subprocess.py:93} INFO - Collecting aiohttp-retry>=2.5.0 (from dvc-http>=2.29.0->dvc)
[2024-05-12T17:14:14.809+0000] {subprocess.py:93} INFO -   Downloading aiohttp_retry-2.8.3-py3-none-any.whl.metadata (8.9 kB)
[2024-05-12T17:14:15.013+0000] {subprocess.py:93} INFO - Requirement already satisfied: billiard<5.0,>=4.2.0 in /home/***/.local/lib/python3.12/site-packages (from celery->dvc) (4.2.0)
[2024-05-12T17:14:15.015+0000] {subprocess.py:93} INFO - Requirement already satisfied: vine<6.0,>=5.1.0 in /home/***/.local/lib/python3.12/site-packages (from celery->dvc) (5.1.0)
[2024-05-12T17:14:15.017+0000] {subprocess.py:93} INFO - Requirement already satisfied: click<9.0,>=8.1.2 in /home/***/.local/lib/python3.12/site-packages (from celery->dvc) (8.1.7)
[2024-05-12T17:14:15.018+0000] {subprocess.py:93} INFO - Requirement already satisfied: click-didyoumean>=0.3.0 in /home/***/.local/lib/python3.12/site-packages (from celery->dvc) (0.3.1)
[2024-05-12T17:14:15.020+0000] {subprocess.py:93} INFO - Requirement already satisfied: click-repl>=0.2.0 in /home/***/.local/lib/python3.12/site-packages (from celery->dvc) (0.3.0)
[2024-05-12T17:14:15.021+0000] {subprocess.py:93} INFO - Requirement already satisfied: click-plugins>=1.1.1 in /home/***/.local/lib/python3.12/site-packages (from celery->dvc) (1.1.1)
[2024-05-12T17:14:15.023+0000] {subprocess.py:93} INFO - Requirement already satisfied: tzdata>=2022.7 in /home/***/.local/lib/python3.12/site-packages (from celery->dvc) (2024.1)
[2024-05-12T17:14:15.026+0000] {subprocess.py:93} INFO - Requirement already satisfied: python-dateutil>=2.8.2 in /home/***/.local/lib/python3.12/site-packages (from celery->dvc) (2.9.0.post0)
[2024-05-12T17:14:15.413+0000] {subprocess.py:93} INFO - Collecting atpublic>=2.3 (from flufl.lock<8,>=5->dvc)
[2024-05-12T17:14:15.458+0000] {subprocess.py:93} INFO -   Downloading atpublic-4.1.0-py3-none-any.whl.metadata (1.8 kB)
[2024-05-12T17:14:15.613+0000] {subprocess.py:93} INFO - Collecting typer>=0.4.1 (from gto<2,>=1.6.0->dvc)
[2024-05-12T17:14:15.657+0000] {subprocess.py:93} INFO -   Downloading typer-0.12.3-py3-none-any.whl.metadata (15 kB)
[2024-05-12T17:14:15.683+0000] {subprocess.py:93} INFO - Requirement already satisfied: pydantic!=2.0.0,<3,>=1.9.0 in /home/***/.local/lib/python3.12/site-packages (from gto<2,>=1.6.0->dvc) (2.7.1)
[2024-05-12T17:14:15.761+0000] {subprocess.py:93} INFO - Collecting semver>=2.13.0 (from gto<2,>=1.6.0->dvc)
[2024-05-12T17:14:15.805+0000] {subprocess.py:93} INFO -   Downloading semver-3.0.2-py3-none-any.whl.metadata (5.0 kB)
[2024-05-12T17:14:15.868+0000] {subprocess.py:93} INFO - Collecting entrypoints (from gto<2,>=1.6.0->dvc)
[2024-05-12T17:14:15.910+0000] {subprocess.py:93} INFO -   Downloading entrypoints-0.4-py3-none-any.whl.metadata (2.6 kB)
[2024-05-12T17:14:15.984+0000] {subprocess.py:93} INFO - Collecting antlr4-python3-runtime==4.9.* (from hydra-core>=1.1->dvc)
[2024-05-12T17:14:16.028+0000] {subprocess.py:93} INFO -   Downloading antlr4-python3-runtime-4.9.3.tar.gz (117 kB)
[2024-05-12T17:14:16.074+0000] {subprocess.py:93} INFO -      ━━━━━━━━━━━━━━━━━━━━━━━━━━━━━━━━━━━━━━━ 117.0/117.0 kB 2.5 MB/s eta 0:00:00
[2024-05-12T17:14:16.094+0000] {subprocess.py:93} INFO -   Installing build dependencies: started
[2024-05-12T17:14:22.036+0000] {subprocess.py:93} INFO -   Installing build dependencies: finished with status 'done'
[2024-05-12T17:14:22.038+0000] {subprocess.py:93} INFO -   Getting requirements to build wheel: started
[2024-05-12T17:14:22.670+0000] {subprocess.py:93} INFO -   Getting requirements to build wheel: finished with status 'done'
[2024-05-12T17:14:22.671+0000] {subprocess.py:93} INFO -   Installing backend dependencies: started
[2024-05-12T17:14:27.486+0000] {subprocess.py:93} INFO -   Installing backend dependencies: finished with status 'done'
[2024-05-12T17:14:27.487+0000] {subprocess.py:93} INFO -   Preparing metadata (pyproject.toml): started
[2024-05-12T17:14:28.129+0000] {subprocess.py:93} INFO -   Preparing metadata (pyproject.toml): finished with status 'done'
[2024-05-12T17:14:28.202+0000] {subprocess.py:93} INFO - Collecting appdirs (from iterative-telemetry>=0.0.7->dvc)
[2024-05-12T17:14:28.203+0000] {subprocess.py:93} INFO -   Using cached appdirs-1.4.4-py2.py3-none-any.whl.metadata (9.0 kB)
[2024-05-12T17:14:28.207+0000] {subprocess.py:93} INFO - Requirement already satisfied: filelock in /home/***/.local/lib/python3.12/site-packages (from iterative-telemetry>=0.0.7->dvc) (3.14.0)
[2024-05-12T17:14:28.236+0000] {subprocess.py:93} INFO - Requirement already satisfied: amqp<6.0.0,>=5.1.1 in /home/***/.local/lib/python3.12/site-packages (from kombu->dvc) (5.2.0)
[2024-05-12T17:14:28.259+0000] {subprocess.py:93} INFO - Requirement already satisfied: PyYAML>=5.1.0 in /home/***/.local/lib/python3.12/site-packages (from omegaconf->dvc) (6.0.1)
[2024-05-12T17:14:28.320+0000] {subprocess.py:93} INFO - Requirement already satisfied: charset-normalizer<4,>=2 in /home/***/.local/lib/python3.12/site-packages (from requests>=2.22->dvc) (3.3.2)
[2024-05-12T17:14:28.321+0000] {subprocess.py:93} INFO - Requirement already satisfied: idna<4,>=2.5 in /home/***/.local/lib/python3.12/site-packages (from requests>=2.22->dvc) (3.7)
[2024-05-12T17:14:28.323+0000] {subprocess.py:93} INFO - Requirement already satisfied: urllib3<3,>=1.21.1 in /home/***/.local/lib/python3.12/site-packages (from requests>=2.22->dvc) (2.2.1)
[2024-05-12T17:14:28.324+0000] {subprocess.py:93} INFO - Requirement already satisfied: certifi>=2017.4.17 in /home/***/.local/lib/python3.12/site-packages (from requests>=2.22->dvc) (2024.2.2)
[2024-05-12T17:14:28.333+0000] {subprocess.py:93} INFO - Requirement already satisfied: markdown-it-py>=2.2.0 in /home/***/.local/lib/python3.12/site-packages (from rich>=12->dvc) (3.0.0)
[2024-05-12T17:14:28.335+0000] {subprocess.py:93} INFO - Requirement already satisfied: pygments<3.0.0,>=2.13.0 in /home/***/.local/lib/python3.12/site-packages (from rich>=12->dvc) (2.17.2)
[2024-05-12T17:14:28.416+0000] {subprocess.py:93} INFO - Collecting ruamel.yaml.clib>=0.2.7 (from ruamel.yaml>=0.17.11->dvc)
[2024-05-12T17:14:28.417+0000] {subprocess.py:93} INFO -   Using cached ruamel.yaml.clib-0.2.8-cp312-cp312-manylinux_2_17_x86_64.manylinux2014_x86_64.manylinux_2_28_x86_64.whl.metadata (2.2 kB)
[2024-05-12T17:14:28.534+0000] {subprocess.py:93} INFO - Collecting gitpython>3 (from scmrepo<4,>=3.3.2->dvc)
[2024-05-12T17:14:28.580+0000] {subprocess.py:93} INFO -   Downloading GitPython-3.1.43-py3-none-any.whl.metadata (13 kB)
[2024-05-12T17:14:29.019+0000] {subprocess.py:93} INFO - Collecting pygit2>=1.14.0 (from scmrepo<4,>=3.3.2->dvc)
[2024-05-12T17:14:29.063+0000] {subprocess.py:93} INFO -   Downloading pygit2-1.14.1-cp312-cp312-manylinux_2_17_x86_64.manylinux2014_x86_64.whl.metadata (3.4 kB)
[2024-05-12T17:14:29.074+0000] {subprocess.py:93} INFO - Requirement already satisfied: asyncssh<3,>=2.13.1 in /home/***/.local/lib/python3.12/site-packages (from scmrepo<4,>=3.3.2->dvc) (2.14.2)
[2024-05-12T17:14:29.091+0000] {subprocess.py:93} INFO - Requirement already satisfied: setuptools in /home/***/.local/lib/python3.12/site-packages (from dulwich->dvc) (66.1.1)
[2024-05-12T17:14:29.176+0000] {subprocess.py:93} INFO - Requirement already satisfied: aiohttp in /home/***/.local/lib/python3.12/site-packages (from aiohttp-retry>=2.5.0->dvc-http>=2.29.0->dvc) (3.9.5)
[2024-05-12T17:14:29.206+0000] {subprocess.py:93} INFO - Requirement already satisfied: cryptography>=39.0 in /home/***/.local/lib/python3.12/site-packages (from asyncssh<3,>=2.13.1->scmrepo<4,>=3.3.2->dvc) (41.0.7)
[2024-05-12T17:14:29.209+0000] {subprocess.py:93} INFO - Requirement already satisfied: typing-extensions>=3.6 in /home/***/.local/lib/python3.12/site-packages (from asyncssh<3,>=2.13.1->scmrepo<4,>=3.3.2->dvc) (4.11.0)
[2024-05-12T17:14:29.286+0000] {subprocess.py:93} INFO - Requirement already satisfied: prompt-toolkit>=3.0.36 in /home/***/.local/lib/python3.12/site-packages (from click-repl>=0.2.0->celery->dvc) (3.0.43)
[2024-05-12T17:14:29.470+0000] {subprocess.py:93} INFO - Collecting gitdb<5,>=4.0.1 (from gitpython>3->scmrepo<4,>=3.3.2->dvc)
[2024-05-12T17:14:29.513+0000] {subprocess.py:93} INFO -   Downloading gitdb-4.0.11-py3-none-any.whl.metadata (1.2 kB)
[2024-05-12T17:14:29.555+0000] {subprocess.py:93} INFO - Requirement already satisfied: mdurl~=0.1 in /home/***/.local/lib/python3.12/site-packages (from markdown-it-py>=2.2.0->rich>=12->dvc) (0.1.2)
[2024-05-12T17:14:29.571+0000] {subprocess.py:93} INFO - Requirement already satisfied: annotated-types>=0.4.0 in /home/***/.local/lib/python3.12/site-packages (from pydantic!=2.0.0,<3,>=1.9.0->gto<2,>=1.6.0->dvc) (0.6.0)
[2024-05-12T17:14:29.573+0000] {subprocess.py:93} INFO - Requirement already satisfied: pydantic-core==2.18.2 in /home/***/.local/lib/python3.12/site-packages (from pydantic!=2.0.0,<3,>=1.9.0->gto<2,>=1.6.0->dvc) (2.18.2)
[2024-05-12T17:14:29.596+0000] {subprocess.py:93} INFO - Requirement already satisfied: cffi>=1.16.0 in /home/***/.local/lib/python3.12/site-packages (from pygit2>=1.14.0->scmrepo<4,>=3.3.2->dvc) (1.16.0)
[2024-05-12T17:14:30.133+0000] {subprocess.py:93} INFO - Collecting orjson (from sqltrie<1,>=0.11.0->dvc-data<3.16,>=3.15->dvc)
[2024-05-12T17:14:30.135+0000] {subprocess.py:93} INFO -   Using cached orjson-3.10.3-cp312-cp312-manylinux_2_17_x86_64.manylinux2014_x86_64.whl.metadata (49 kB)
[2024-05-12T17:14:30.213+0000] {subprocess.py:93} INFO - Collecting shellingham>=1.3.0 (from typer>=0.4.1->gto<2,>=1.6.0->dvc)
[2024-05-12T17:14:30.214+0000] {subprocess.py:93} INFO -   Using cached shellingham-1.5.4-py2.py3-none-any.whl.metadata (3.5 kB)
[2024-05-12T17:14:30.374+0000] {subprocess.py:93} INFO - Requirement already satisfied: aiosignal>=1.1.2 in /home/***/.local/lib/python3.12/site-packages (from aiohttp->aiohttp-retry>=2.5.0->dvc-http>=2.29.0->dvc) (1.3.1)
[2024-05-12T17:14:30.376+0000] {subprocess.py:93} INFO - Requirement already satisfied: frozenlist>=1.1.1 in /home/***/.local/lib/python3.12/site-packages (from aiohttp->aiohttp-retry>=2.5.0->dvc-http>=2.29.0->dvc) (1.4.1)
[2024-05-12T17:14:30.377+0000] {subprocess.py:93} INFO - Requirement already satisfied: multidict<7.0,>=4.5 in /home/***/.local/lib/python3.12/site-packages (from aiohttp->aiohttp-retry>=2.5.0->dvc-http>=2.29.0->dvc) (6.0.5)
[2024-05-12T17:14:30.380+0000] {subprocess.py:93} INFO - Requirement already satisfied: yarl<2.0,>=1.0 in /home/***/.local/lib/python3.12/site-packages (from aiohttp->aiohttp-retry>=2.5.0->dvc-http>=2.29.0->dvc) (1.9.4)
[2024-05-12T17:14:30.401+0000] {subprocess.py:93} INFO - Requirement already satisfied: pycparser in /home/***/.local/lib/python3.12/site-packages (from cffi>=1.16.0->pygit2>=1.14.0->scmrepo<4,>=3.3.2->dvc) (2.22)
[2024-05-12T17:14:30.515+0000] {subprocess.py:93} INFO - Collecting smmap<6,>=3.0.1 (from gitdb<5,>=4.0.1->gitpython>3->scmrepo<4,>=3.3.2->dvc)
[2024-05-12T17:14:30.558+0000] {subprocess.py:93} INFO -   Downloading smmap-5.0.1-py3-none-any.whl.metadata (4.3 kB)
[2024-05-12T17:14:30.583+0000] {subprocess.py:93} INFO - Requirement already satisfied: wcwidth in /home/***/.local/lib/python3.12/site-packages (from prompt-toolkit>=3.0.36->click-repl>=0.2.0->celery->dvc) (0.2.13)
[2024-05-12T17:14:30.778+0000] {subprocess.py:93} INFO - Downloading dvc-3.50.1-py3-none-any.whl (451 kB)
[2024-05-12T17:14:30.983+0000] {subprocess.py:93} INFO -    ━━━━━━━━━━━━━━━━━━━━━━━━━━━━━━━━━━━━━━━━ 451.6/451.6 kB 2.2 MB/s eta 0:00:00
[2024-05-12T17:14:31.027+0000] {subprocess.py:93} INFO - Downloading configobj-5.0.8-py2.py3-none-any.whl (36 kB)
[2024-05-12T17:14:31.035+0000] {subprocess.py:93} INFO - Using cached distro-1.9.0-py3-none-any.whl (20 kB)
[2024-05-12T17:14:31.080+0000] {subprocess.py:93} INFO - Downloading dpath-2.1.6-py3-none-any.whl (17 kB)
[2024-05-12T17:14:31.135+0000] {subprocess.py:93} INFO - Downloading dvc_data-3.15.1-py3-none-any.whl (71 kB)
[2024-05-12T17:14:31.160+0000] {subprocess.py:93} INFO -    ━━━━━━━━━━━━━━━━━━━━━━━━━━━━━━━━━━━━━━━━ 71.6/71.6 kB 3.3 MB/s eta 0:00:00
[2024-05-12T17:14:31.205+0000] {subprocess.py:93} INFO - Downloading dvc_http-2.32.0-py3-none-any.whl (12 kB)
[2024-05-12T17:14:31.255+0000] {subprocess.py:93} INFO - Downloading dvc_objects-5.1.0-py3-none-any.whl (33 kB)
[2024-05-12T17:14:31.315+0000] {subprocess.py:93} INFO - Downloading dvc_render-1.0.2-py3-none-any.whl (22 kB)
[2024-05-12T17:14:31.369+0000] {subprocess.py:93} INFO - Downloading dvc_studio_client-0.20.0-py3-none-any.whl (16 kB)
[2024-05-12T17:14:31.424+0000] {subprocess.py:93} INFO - Downloading dvc_task-0.4.0-py3-none-any.whl (21 kB)
[2024-05-12T17:14:31.477+0000] {subprocess.py:93} INFO - Downloading flatten_dict-0.4.2-py2.py3-none-any.whl (9.7 kB)
[2024-05-12T17:14:31.526+0000] {subprocess.py:93} INFO - Downloading flufl.lock-7.1.1-py3-none-any.whl (11 kB)
[2024-05-12T17:14:31.573+0000] {subprocess.py:93} INFO - Downloading fsspec-2024.3.1-py3-none-any.whl (171 kB)
[2024-05-12T17:14:31.838+0000] {subprocess.py:93} INFO -    ━━━━━━━━━━━━━━━━━━━━━━━━━━━━━━━━━━━━━━━ 172.0/172.0 kB 619.8 kB/s eta 0:00:00
[2024-05-12T17:14:31.840+0000] {subprocess.py:93} INFO - Using cached funcy-2.0-py2.py3-none-any.whl (30 kB)
[2024-05-12T17:14:31.841+0000] {subprocess.py:93} INFO - Using cached grandalf-0.8-py3-none-any.whl (41 kB)
[2024-05-12T17:14:31.843+0000] {subprocess.py:93} INFO - Using cached gto-1.7.1-py3-none-any.whl (46 kB)
[2024-05-12T17:14:31.888+0000] {subprocess.py:93} INFO - Downloading hydra_core-1.3.2-py3-none-any.whl (154 kB)
[2024-05-12T17:14:31.924+0000] {subprocess.py:93} INFO -    ━━━━━━━━━━━━━━━━━━━━━━━━━━━━━━━━━━━━━━━━ 154.5/154.5 kB 4.6 MB/s eta 0:00:00
[2024-05-12T17:14:31.926+0000] {subprocess.py:93} INFO - Using cached iterative_telemetry-0.0.8-py3-none-any.whl (10 kB)
[2024-05-12T17:14:31.971+0000] {subprocess.py:93} INFO - Downloading networkx-3.3-py3-none-any.whl (1.7 MB)
[2024-05-12T17:14:32.619+0000] {subprocess.py:93} INFO -    ━━━━━━━━━━━━━━━━━━━━━━━━━━━━━━━━━━━━━━━━ 1.7/1.7 MB 2.6 MB/s eta 0:00:00
[2024-05-12T17:14:32.620+0000] {subprocess.py:93} INFO - Using cached omegaconf-2.3.0-py3-none-any.whl (79 kB)
[2024-05-12T17:14:32.622+0000] {subprocess.py:93} INFO - Using cached platformdirs-3.11.0-py3-none-any.whl (17 kB)
[2024-05-12T17:14:32.624+0000] {subprocess.py:93} INFO - Using cached pydot-2.0.0-py3-none-any.whl (22 kB)
[2024-05-12T17:14:32.626+0000] {subprocess.py:93} INFO - Using cached pygtrie-2.5.0-py3-none-any.whl (25 kB)
[2024-05-12T17:14:32.670+0000] {subprocess.py:93} INFO - Downloading ruamel.yaml-0.18.6-py3-none-any.whl (117 kB)
[2024-05-12T17:14:32.720+0000] {subprocess.py:93} INFO -    ━━━━━━━━━━━━━━━━━━━━━━━━━━━━━━━━━━━━━━━━ 117.8/117.8 kB 2.4 MB/s eta 0:00:00
[2024-05-12T17:14:32.764+0000] {subprocess.py:93} INFO - Downloading scmrepo-3.3.2-py3-none-any.whl (73 kB)
[2024-05-12T17:14:32.792+0000] {subprocess.py:93} INFO -    ━━━━━━━━━━━━━━━━━━━━━━━━━━━━━━━━━━━━━━━━ 73.3/73.3 kB 2.8 MB/s eta 0:00:00
[2024-05-12T17:14:32.836+0000] {subprocess.py:93} INFO - Downloading dulwich-0.22.1-cp312-cp312-manylinux_2_17_x86_64.manylinux2014_x86_64.whl (978 kB)
[2024-05-12T17:14:33.204+0000] {subprocess.py:93} INFO -    ━━━━━━━━━━━━━━━━━━━━━━━━━━━━━━━━━━━━━━━━ 978.4/978.4 kB 2.7 MB/s eta 0:00:00
[2024-05-12T17:14:33.216+0000] {subprocess.py:93} INFO - Using cached shortuuid-1.0.13-py3-none-any.whl (10 kB)
[2024-05-12T17:14:33.217+0000] {subprocess.py:93} INFO - Using cached shtab-1.7.1-py3-none-any.whl (14 kB)
[2024-05-12T17:14:33.219+0000] {subprocess.py:93} INFO - Using cached tqdm-4.66.4-py3-none-any.whl (78 kB)
[2024-05-12T17:14:33.261+0000] {subprocess.py:93} INFO - Downloading voluptuous-0.14.2-py3-none-any.whl (31 kB)
[2024-05-12T17:14:33.317+0000] {subprocess.py:93} INFO - Downloading zc.lockfile-3.0.post1-py3-none-any.whl (9.8 kB)
[2024-05-12T17:14:33.366+0000] {subprocess.py:93} INFO - Downloading aiohttp_retry-2.8.3-py3-none-any.whl (9.8 kB)
[2024-05-12T17:14:33.414+0000] {subprocess.py:93} INFO - Downloading atpublic-4.1.0-py3-none-any.whl (5.0 kB)
[2024-05-12T17:14:33.461+0000] {subprocess.py:93} INFO - Downloading dictdiffer-0.9.0-py2.py3-none-any.whl (16 kB)
[2024-05-12T17:14:33.512+0000] {subprocess.py:93} INFO - Downloading diskcache-5.6.3-py3-none-any.whl (45 kB)
[2024-05-12T17:14:33.530+0000] {subprocess.py:93} INFO -    ━━━━━━━━━━━━━━━━━━━━━━━━━━━━━━━━━━━━━━━━ 45.5/45.5 kB 2.6 MB/s eta 0:00:00
[2024-05-12T17:14:33.574+0000] {subprocess.py:93} INFO - Downloading GitPython-3.1.43-py3-none-any.whl (207 kB)
[2024-05-12T17:14:33.650+0000] {subprocess.py:93} INFO -    ━━━━━━━━━━━━━━━━━━━━━━━━━━━━━━━━━━━━━━━━ 207.3/207.3 kB 2.8 MB/s eta 0:00:00
[2024-05-12T17:14:33.695+0000] {subprocess.py:93} INFO - Downloading pygit2-1.14.1-cp312-cp312-manylinux_2_17_x86_64.manylinux2014_x86_64.whl (5.1 MB)
[2024-05-12T17:14:35.886+0000] {subprocess.py:93} INFO -    ━━━━━━━━━━━━━━━━━━━━━━━━━━━━━━━━━━━━━━━━ 5.1/5.1 MB 2.3 MB/s eta 0:00:00
[2024-05-12T17:14:35.887+0000] {subprocess.py:93} INFO - Using cached ruamel.yaml.clib-0.2.8-cp312-cp312-manylinux_2_17_x86_64.manylinux2014_x86_64.manylinux_2_28_x86_64.whl (734 kB)
[2024-05-12T17:14:35.891+0000] {subprocess.py:93} INFO - Using cached semver-3.0.2-py3-none-any.whl (17 kB)
[2024-05-12T17:14:35.893+0000] {subprocess.py:93} INFO - Using cached sqltrie-0.11.0-py3-none-any.whl (17 kB)
[2024-05-12T17:14:35.894+0000] {subprocess.py:93} INFO - Using cached typer-0.12.3-py3-none-any.whl (47 kB)
[2024-05-12T17:14:35.896+0000] {subprocess.py:93} INFO - Using cached appdirs-1.4.4-py2.py3-none-any.whl (9.6 kB)
[2024-05-12T17:14:35.897+0000] {subprocess.py:93} INFO - Using cached entrypoints-0.4-py3-none-any.whl (5.3 kB)
[2024-05-12T17:14:35.940+0000] {subprocess.py:93} INFO - Downloading gitdb-4.0.11-py3-none-any.whl (62 kB)
[2024-05-12T17:14:35.972+0000] {subprocess.py:93} INFO -    ━━━━━━━━━━━━━━━━━━━━━━━━━━━━━━━━━━━━━━━━ 62.7/62.7 kB 2.0 MB/s eta 0:00:00
[2024-05-12T17:14:36.015+0000] {subprocess.py:93} INFO - Downloading shellingham-1.5.4-py2.py3-none-any.whl (9.8 kB)
[2024-05-12T17:14:36.064+0000] {subprocess.py:93} INFO - Downloading orjson-3.10.3-cp312-cp312-manylinux_2_17_x86_64.manylinux2014_x86_64.whl (142 kB)
[2024-05-12T17:14:36.134+0000] {subprocess.py:93} INFO -    ━━━━━━━━━━━━━━━━━━━━━━━━━━━━━━━━━━━━━━━━ 142.7/142.7 kB 2.1 MB/s eta 0:00:00
[2024-05-12T17:14:36.176+0000] {subprocess.py:93} INFO - Downloading smmap-5.0.1-py3-none-any.whl (24 kB)
[2024-05-12T17:14:36.253+0000] {subprocess.py:93} INFO - Building wheels for collected packages: antlr4-python3-runtime
[2024-05-12T17:14:36.254+0000] {subprocess.py:93} INFO -   Building wheel for antlr4-python3-runtime (pyproject.toml): started
[2024-05-12T17:14:37.132+0000] {subprocess.py:93} INFO -   Building wheel for antlr4-python3-runtime (pyproject.toml): finished with status 'done'
[2024-05-12T17:14:37.134+0000] {subprocess.py:93} INFO -   Created wheel for antlr4-python3-runtime: filename=antlr4_python3_runtime-4.9.3-py3-none-any.whl size=144554 sha256=282d6521e2057467a824802b570620c8cac5823e0d8cee22146e61860f408bc5
[2024-05-12T17:14:37.134+0000] {subprocess.py:93} INFO -   Stored in directory: /home/***/.cache/pip/wheels/1f/be/48/13754633f1d08d1fbfc60d5e80ae1e5d7329500477685286cd
[2024-05-12T17:14:37.136+0000] {subprocess.py:93} INFO - Successfully built antlr4-python3-runtime
[2024-05-12T17:14:40.295+0000] {subprocess.py:93} INFO - Installing collected packages: pygtrie, funcy, dictdiffer, appdirs, antlr4-python3-runtime, zc.lockfile, voluptuous, tqdm, smmap, shtab, shortuuid, shellingham, semver, ruamel.yaml.clib, pydot, platformdirs, orjson, omegaconf, networkx, grandalf, fsspec, flatten-dict, entrypoints, dvc-render, dulwich, dpath, distro, diskcache, configobj, atpublic, sqltrie, ruamel.yaml, pygit2, iterative-telemetry, hydra-core, gitdb, flufl.lock, dvc-studio-client, dvc-objects, typer, gitpython, dvc-data, aiohttp-retry, scmrepo, dvc-task, dvc-http, gto, dvc
[2024-05-12T17:14:40.701+0000] {subprocess.py:93} INFO -   Attempting uninstall: platformdirs
[2024-05-12T17:14:40.789+0000] {subprocess.py:93} INFO -     WARNING: Skipping /home/***/.local/lib/python3.12/site-packages/platformdirs-4.2.1.dist-info due to invalid metadata entry 'name'
[2024-05-12T17:14:40.878+0000] {subprocess.py:93} INFO -     WARNING: Skipping platformdirs as it is not installed.
[2024-05-12T17:14:42.647+0000] {subprocess.py:93} INFO -   Attempting uninstall: fsspec
[2024-05-12T17:14:42.798+0000] {subprocess.py:93} INFO -     WARNING: Skipping /home/***/.local/lib/python3.12/site-packages/fsspec-2023.12.2.dist-info due to invalid metadata entry 'name'
[2024-05-12T17:14:42.849+0000] {subprocess.py:93} INFO -     WARNING: Skipping fsspec as it is not installed.
[2024-05-12T17:14:51.533+0000] {subprocess.py:93} INFO - ERROR: pip's dependency resolver does not currently take into account all the packages that are installed. This behaviour is the source of the following dependency conflicts.
[2024-05-12T17:14:51.533+0000] {subprocess.py:93} INFO - gcsfs 2023.12.2.post1 requires fsspec==2023.12.2, but you have fsspec 2024.3.1 which is incompatible.
[2024-05-12T17:14:51.534+0000] {subprocess.py:93} INFO - Successfully installed aiohttp-retry-2.8.3 antlr4-python3-runtime-4.9.3 appdirs-1.4.4 atpublic-4.1.0 configobj-5.0.8 dictdiffer-0.9.0 diskcache-5.6.3 distro-1.9.0 dpath-2.1.6 dulwich-0.22.1 dvc-3.50.1 dvc-data-3.15.1 dvc-http-2.32.0 dvc-objects-5.1.0 dvc-render-1.0.2 dvc-studio-client-0.20.0 dvc-task-0.4.0 entrypoints-0.4 flatten-dict-0.4.2 flufl.lock-7.1.1 fsspec-2024.3.1 funcy-2.0 gitdb-4.0.11 gitpython-3.1.43 grandalf-0.8 gto-1.7.1 hydra-core-1.3.2 iterative-telemetry-0.0.8 networkx-3.3 omegaconf-2.3.0 orjson-3.10.3 platformdirs-3.11.0 pydot-2.0.0 pygit2-1.14.1 pygtrie-2.5.0 ruamel.yaml-0.18.6 ruamel.yaml.clib-0.2.8 scmrepo-3.3.2 semver-3.0.2 shellingham-1.5.4 shortuuid-1.0.13 shtab-1.7.1 smmap-5.0.1 sqltrie-0.11.0 tqdm-4.66.4 typer-0.12.3 voluptuous-0.14.2 zc.lockfile-3.0.post1
[2024-05-12T17:14:53.234+0000] {subprocess.py:93} INFO - Collecting dvc-gdrive
[2024-05-12T17:14:53.236+0000] {subprocess.py:93} INFO -   Using cached dvc_gdrive-3.0.1-py3-none-any.whl.metadata (2.1 kB)
[2024-05-12T17:14:53.265+0000] {subprocess.py:93} INFO - Requirement already satisfied: dvc in /home/***/.local/lib/python3.12/site-packages (from dvc-gdrive) (3.50.1)
[2024-05-12T17:14:53.341+0000] {subprocess.py:93} INFO - Collecting pydrive2>=1.19.0 (from pydrive2[fsspec]>=1.19.0->dvc-gdrive)
[2024-05-12T17:14:53.343+0000] {subprocess.py:93} INFO -   Using cached PyDrive2-1.19.0-py3-none-any.whl.metadata (6.7 kB)
[2024-05-12T17:14:53.357+0000] {subprocess.py:93} INFO - Requirement already satisfied: google-api-python-client>=1.12.5 in /home/***/.local/lib/python3.12/site-packages (from pydrive2>=1.19.0->pydrive2[fsspec]>=1.19.0->dvc-gdrive) (2.127.0)
[2024-05-12T17:14:53.416+0000] {subprocess.py:93} INFO - Collecting oauth2client>=4.0.0 (from pydrive2>=1.19.0->pydrive2[fsspec]>=1.19.0->dvc-gdrive)
[2024-05-12T17:14:53.417+0000] {subprocess.py:93} INFO -   Using cached oauth2client-4.1.3-py2.py3-none-any.whl.metadata (1.2 kB)
[2024-05-12T17:14:53.419+0000] {subprocess.py:93} INFO - Requirement already satisfied: PyYAML>=3.0 in /home/***/.local/lib/python3.12/site-packages (from pydrive2>=1.19.0->pydrive2[fsspec]>=1.19.0->dvc-gdrive) (6.0.1)
[2024-05-12T17:14:53.421+0000] {subprocess.py:93} INFO - Requirement already satisfied: pyOpenSSL>=19.1.0 in /home/***/.local/lib/python3.12/site-packages (from pydrive2>=1.19.0->pydrive2[fsspec]>=1.19.0->dvc-gdrive) (24.1.0)
[2024-05-12T17:14:53.435+0000] {subprocess.py:93} INFO - Requirement already satisfied: fsspec>=2021.07.0 in /home/***/.local/lib/python3.12/site-packages (from pydrive2[fsspec]>=1.19.0->dvc-gdrive) (2024.3.1)
[2024-05-12T17:14:53.438+0000] {subprocess.py:93} INFO - Requirement already satisfied: tqdm>=4.0.0 in /home/***/.local/lib/python3.12/site-packages (from pydrive2[fsspec]>=1.19.0->dvc-gdrive) (4.66.4)
[2024-05-12T17:14:53.440+0000] {subprocess.py:93} INFO - Requirement already satisfied: funcy>=1.14 in /home/***/.local/lib/python3.12/site-packages (from pydrive2[fsspec]>=1.19.0->dvc-gdrive) (2.0)
[2024-05-12T17:14:53.442+0000] {subprocess.py:93} INFO - Requirement already satisfied: appdirs>=1.4.3 in /home/***/.local/lib/python3.12/site-packages (from pydrive2[fsspec]>=1.19.0->dvc-gdrive) (1.4.4)
[2024-05-12T17:14:53.489+0000] {subprocess.py:93} INFO - Requirement already satisfied: attrs>=22.2.0 in /home/***/.local/lib/python3.12/site-packages (from dvc->dvc-gdrive) (23.2.0)
[2024-05-12T17:14:53.492+0000] {subprocess.py:93} INFO - Requirement already satisfied: celery in /home/***/.local/lib/python3.12/site-packages (from dvc->dvc-gdrive) (5.4.0)
[2024-05-12T17:14:53.493+0000] {subprocess.py:93} INFO - Requirement already satisfied: colorama>=0.3.9 in /home/***/.local/lib/python3.12/site-packages (from dvc->dvc-gdrive) (0.4.6)
[2024-05-12T17:14:53.494+0000] {subprocess.py:93} INFO - Requirement already satisfied: configobj>=5.0.6 in /home/***/.local/lib/python3.12/site-packages (from dvc->dvc-gdrive) (5.0.8)
[2024-05-12T17:14:53.495+0000] {subprocess.py:93} INFO - Requirement already satisfied: distro>=1.3 in /home/***/.local/lib/python3.12/site-packages (from dvc->dvc-gdrive) (1.9.0)
[2024-05-12T17:14:53.496+0000] {subprocess.py:93} INFO - Requirement already satisfied: dpath<3,>=2.1.0 in /home/***/.local/lib/python3.12/site-packages (from dvc->dvc-gdrive) (2.1.6)
[2024-05-12T17:14:53.497+0000] {subprocess.py:93} INFO - Requirement already satisfied: dulwich in /home/***/.local/lib/python3.12/site-packages (from dvc->dvc-gdrive) (0.22.1)
[2024-05-12T17:14:53.498+0000] {subprocess.py:93} INFO - Requirement already satisfied: dvc-data<3.16,>=3.15 in /home/***/.local/lib/python3.12/site-packages (from dvc->dvc-gdrive) (3.15.1)
[2024-05-12T17:14:53.499+0000] {subprocess.py:93} INFO - Requirement already satisfied: dvc-http>=2.29.0 in /home/***/.local/lib/python3.12/site-packages (from dvc->dvc-gdrive) (2.32.0)
[2024-05-12T17:14:53.500+0000] {subprocess.py:93} INFO - Requirement already satisfied: dvc-objects in /home/***/.local/lib/python3.12/site-packages (from dvc->dvc-gdrive) (5.1.0)
[2024-05-12T17:14:53.501+0000] {subprocess.py:93} INFO - Requirement already satisfied: dvc-render<2,>=1.0.1 in /home/***/.local/lib/python3.12/site-packages (from dvc->dvc-gdrive) (1.0.2)
[2024-05-12T17:14:53.502+0000] {subprocess.py:93} INFO - Requirement already satisfied: dvc-studio-client<1,>=0.20 in /home/***/.local/lib/python3.12/site-packages (from dvc->dvc-gdrive) (0.20.0)
[2024-05-12T17:14:53.504+0000] {subprocess.py:93} INFO - Requirement already satisfied: dvc-task<1,>=0.3.0 in /home/***/.local/lib/python3.12/site-packages (from dvc->dvc-gdrive) (0.4.0)
[2024-05-12T17:14:53.506+0000] {subprocess.py:93} INFO - Requirement already satisfied: flatten-dict<1,>=0.4.1 in /home/***/.local/lib/python3.12/site-packages (from dvc->dvc-gdrive) (0.4.2)
[2024-05-12T17:14:53.507+0000] {subprocess.py:93} INFO - Requirement already satisfied: flufl.lock<8,>=5 in /home/***/.local/lib/python3.12/site-packages (from dvc->dvc-gdrive) (7.1.1)
[2024-05-12T17:14:53.510+0000] {subprocess.py:93} INFO - Requirement already satisfied: grandalf<1,>=0.7 in /home/***/.local/lib/python3.12/site-packages (from dvc->dvc-gdrive) (0.8)
[2024-05-12T17:14:53.512+0000] {subprocess.py:93} INFO - Requirement already satisfied: gto<2,>=1.6.0 in /home/***/.local/lib/python3.12/site-packages (from dvc->dvc-gdrive) (1.7.1)
[2024-05-12T17:14:53.513+0000] {subprocess.py:93} INFO - Requirement already satisfied: hydra-core>=1.1 in /home/***/.local/lib/python3.12/site-packages (from dvc->dvc-gdrive) (1.3.2)
[2024-05-12T17:14:53.515+0000] {subprocess.py:93} INFO - Requirement already satisfied: iterative-telemetry>=0.0.7 in /home/***/.local/lib/python3.12/site-packages (from dvc->dvc-gdrive) (0.0.8)
[2024-05-12T17:14:53.516+0000] {subprocess.py:93} INFO - Requirement already satisfied: kombu in /home/***/.local/lib/python3.12/site-packages (from dvc->dvc-gdrive) (5.3.7)
[2024-05-12T17:14:53.518+0000] {subprocess.py:93} INFO - Requirement already satisfied: networkx>=2.5 in /home/***/.local/lib/python3.12/site-packages (from dvc->dvc-gdrive) (3.3)
[2024-05-12T17:14:53.519+0000] {subprocess.py:93} INFO - Requirement already satisfied: omegaconf in /home/***/.local/lib/python3.12/site-packages (from dvc->dvc-gdrive) (2.3.0)
[2024-05-12T17:14:53.520+0000] {subprocess.py:93} INFO - Requirement already satisfied: packaging>=19 in /home/***/.local/lib/python3.12/site-packages (from dvc->dvc-gdrive) (24.0)
[2024-05-12T17:14:53.522+0000] {subprocess.py:93} INFO - Requirement already satisfied: pathspec>=0.10.3 in /home/***/.local/lib/python3.12/site-packages (from dvc->dvc-gdrive) (0.12.1)
[2024-05-12T17:14:53.524+0000] {subprocess.py:93} INFO - Requirement already satisfied: platformdirs<4,>=3.1.1 in /home/***/.local/lib/python3.12/site-packages (from dvc->dvc-gdrive) (3.11.0)
[2024-05-12T17:14:53.527+0000] {subprocess.py:93} INFO - Requirement already satisfied: psutil>=5.8 in /home/***/.local/lib/python3.12/site-packages (from dvc->dvc-gdrive) (5.9.8)
[2024-05-12T17:14:53.529+0000] {subprocess.py:93} INFO - Requirement already satisfied: pydot>=1.2.4 in /home/***/.local/lib/python3.12/site-packages (from dvc->dvc-gdrive) (2.0.0)
[2024-05-12T17:14:53.530+0000] {subprocess.py:93} INFO - Requirement already satisfied: pygtrie>=2.3.2 in /home/***/.local/lib/python3.12/site-packages (from dvc->dvc-gdrive) (2.5.0)
[2024-05-12T17:14:53.531+0000] {subprocess.py:93} INFO - Requirement already satisfied: pyparsing>=2.4.7 in /home/***/.local/lib/python3.12/site-packages (from dvc->dvc-gdrive) (3.1.2)
[2024-05-12T17:14:53.532+0000] {subprocess.py:93} INFO - Requirement already satisfied: requests>=2.22 in /home/***/.local/lib/python3.12/site-packages (from dvc->dvc-gdrive) (2.31.0)
[2024-05-12T17:14:53.533+0000] {subprocess.py:93} INFO - Requirement already satisfied: rich>=12 in /home/***/.local/lib/python3.12/site-packages (from dvc->dvc-gdrive) (13.7.1)
[2024-05-12T17:14:53.535+0000] {subprocess.py:93} INFO - Requirement already satisfied: ruamel.yaml>=0.17.11 in /home/***/.local/lib/python3.12/site-packages (from dvc->dvc-gdrive) (0.18.6)
[2024-05-12T17:14:53.536+0000] {subprocess.py:93} INFO - Requirement already satisfied: scmrepo<4,>=3.3.2 in /home/***/.local/lib/python3.12/site-packages (from dvc->dvc-gdrive) (3.3.2)
[2024-05-12T17:14:53.537+0000] {subprocess.py:93} INFO - Requirement already satisfied: shortuuid>=0.5 in /home/***/.local/lib/python3.12/site-packages (from dvc->dvc-gdrive) (1.0.13)
[2024-05-12T17:14:53.538+0000] {subprocess.py:93} INFO - Requirement already satisfied: shtab<2,>=1.3.4 in /home/***/.local/lib/python3.12/site-packages (from dvc->dvc-gdrive) (1.7.1)
[2024-05-12T17:14:53.541+0000] {subprocess.py:93} INFO - Requirement already satisfied: tabulate>=0.8.7 in /home/***/.local/lib/python3.12/site-packages (from dvc->dvc-gdrive) (0.9.0)
[2024-05-12T17:14:53.542+0000] {subprocess.py:93} INFO - Requirement already satisfied: tomlkit>=0.11.1 in /home/***/.local/lib/python3.12/site-packages (from dvc->dvc-gdrive) (0.12.4)
[2024-05-12T17:14:53.545+0000] {subprocess.py:93} INFO - Requirement already satisfied: voluptuous>=0.11.7 in /home/***/.local/lib/python3.12/site-packages (from dvc->dvc-gdrive) (0.14.2)
[2024-05-12T17:14:53.546+0000] {subprocess.py:93} INFO - Requirement already satisfied: zc.lockfile>=1.2.1 in /home/***/.local/lib/python3.12/site-packages (from dvc->dvc-gdrive) (3.0.post1)
[2024-05-12T17:14:53.567+0000] {subprocess.py:93} INFO - Requirement already satisfied: six in /home/***/.local/lib/python3.12/site-packages (from configobj>=5.0.6->dvc->dvc-gdrive) (1.16.0)
[2024-05-12T17:14:53.590+0000] {subprocess.py:93} INFO - Requirement already satisfied: dictdiffer>=0.8.1 in /home/***/.local/lib/python3.12/site-packages (from dvc-data<3.16,>=3.15->dvc->dvc-gdrive) (0.9.0)
[2024-05-12T17:14:53.593+0000] {subprocess.py:93} INFO - Requirement already satisfied: diskcache>=5.2.1 in /home/***/.local/lib/python3.12/site-packages (from dvc-data<3.16,>=3.15->dvc->dvc-gdrive) (5.6.3)
[2024-05-12T17:14:53.594+0000] {subprocess.py:93} INFO - Requirement already satisfied: sqltrie<1,>=0.11.0 in /home/***/.local/lib/python3.12/site-packages (from dvc-data<3.16,>=3.15->dvc->dvc-gdrive) (0.11.0)
[2024-05-12T17:14:53.611+0000] {subprocess.py:93} INFO - Requirement already satisfied: aiohttp-retry>=2.5.0 in /home/***/.local/lib/python3.12/site-packages (from dvc-http>=2.29.0->dvc->dvc-gdrive) (2.8.3)
[2024-05-12T17:14:53.711+0000] {subprocess.py:93} INFO - Requirement already satisfied: billiard<5.0,>=4.2.0 in /home/***/.local/lib/python3.12/site-packages (from celery->dvc->dvc-gdrive) (4.2.0)
[2024-05-12T17:14:53.713+0000] {subprocess.py:93} INFO - Requirement already satisfied: vine<6.0,>=5.1.0 in /home/***/.local/lib/python3.12/site-packages (from celery->dvc->dvc-gdrive) (5.1.0)
[2024-05-12T17:14:53.718+0000] {subprocess.py:93} INFO - Requirement already satisfied: click<9.0,>=8.1.2 in /home/***/.local/lib/python3.12/site-packages (from celery->dvc->dvc-gdrive) (8.1.7)
[2024-05-12T17:14:53.719+0000] {subprocess.py:93} INFO - Requirement already satisfied: click-didyoumean>=0.3.0 in /home/***/.local/lib/python3.12/site-packages (from celery->dvc->dvc-gdrive) (0.3.1)
[2024-05-12T17:14:53.719+0000] {subprocess.py:93} INFO - Requirement already satisfied: click-repl>=0.2.0 in /home/***/.local/lib/python3.12/site-packages (from celery->dvc->dvc-gdrive) (0.3.0)
[2024-05-12T17:14:53.720+0000] {subprocess.py:93} INFO - Requirement already satisfied: click-plugins>=1.1.1 in /home/***/.local/lib/python3.12/site-packages (from celery->dvc->dvc-gdrive) (1.1.1)
[2024-05-12T17:14:53.721+0000] {subprocess.py:93} INFO - Requirement already satisfied: tzdata>=2022.7 in /home/***/.local/lib/python3.12/site-packages (from celery->dvc->dvc-gdrive) (2024.1)
[2024-05-12T17:14:53.723+0000] {subprocess.py:93} INFO - Requirement already satisfied: python-dateutil>=2.8.2 in /home/***/.local/lib/python3.12/site-packages (from celery->dvc->dvc-gdrive) (2.9.0.post0)
[2024-05-12T17:14:53.733+0000] {subprocess.py:93} INFO - Requirement already satisfied: atpublic>=2.3 in /home/***/.local/lib/python3.12/site-packages (from flufl.lock<8,>=5->dvc->dvc-gdrive) (4.1.0)
[2024-05-12T17:14:53.766+0000] {subprocess.py:93} INFO - Requirement already satisfied: httplib2<1.dev0,>=0.19.0 in /home/***/.local/lib/python3.12/site-packages (from google-api-python-client>=1.12.5->pydrive2>=1.19.0->pydrive2[fsspec]>=1.19.0->dvc-gdrive) (0.22.0)
[2024-05-12T17:14:53.767+0000] {subprocess.py:93} INFO - Requirement already satisfied: google-auth!=2.24.0,!=2.25.0,<3.0.0.dev0,>=1.32.0 in /home/***/.local/lib/python3.12/site-packages (from google-api-python-client>=1.12.5->pydrive2>=1.19.0->pydrive2[fsspec]>=1.19.0->dvc-gdrive) (2.29.0)
[2024-05-12T17:14:53.768+0000] {subprocess.py:93} INFO - Requirement already satisfied: google-auth-httplib2<1.0.0,>=0.2.0 in /home/***/.local/lib/python3.12/site-packages (from google-api-python-client>=1.12.5->pydrive2>=1.19.0->pydrive2[fsspec]>=1.19.0->dvc-gdrive) (0.2.0)
[2024-05-12T17:14:53.769+0000] {subprocess.py:93} INFO - Requirement already satisfied: google-api-core!=2.0.*,!=2.1.*,!=2.2.*,!=2.3.0,<3.0.0.dev0,>=1.31.5 in /home/***/.local/lib/python3.12/site-packages (from google-api-python-client>=1.12.5->pydrive2>=1.19.0->pydrive2[fsspec]>=1.19.0->dvc-gdrive) (2.19.0)
[2024-05-12T17:14:53.770+0000] {subprocess.py:93} INFO - Requirement already satisfied: uritemplate<5,>=3.0.1 in /home/***/.local/lib/python3.12/site-packages (from google-api-python-client>=1.12.5->pydrive2>=1.19.0->pydrive2[fsspec]>=1.19.0->dvc-gdrive) (4.1.1)
[2024-05-12T17:14:53.790+0000] {subprocess.py:93} INFO - Requirement already satisfied: typer>=0.4.1 in /home/***/.local/lib/python3.12/site-packages (from gto<2,>=1.6.0->dvc->dvc-gdrive) (0.12.3)
[2024-05-12T17:14:53.794+0000] {subprocess.py:93} INFO - Requirement already satisfied: pydantic!=2.0.0,<3,>=1.9.0 in /home/***/.local/lib/python3.12/site-packages (from gto<2,>=1.6.0->dvc->dvc-gdrive) (2.7.1)
[2024-05-12T17:14:53.795+0000] {subprocess.py:93} INFO - Requirement already satisfied: semver>=2.13.0 in /home/***/.local/lib/python3.12/site-packages (from gto<2,>=1.6.0->dvc->dvc-gdrive) (3.0.2)
[2024-05-12T17:14:53.796+0000] {subprocess.py:93} INFO - Requirement already satisfied: entrypoints in /home/***/.local/lib/python3.12/site-packages (from gto<2,>=1.6.0->dvc->dvc-gdrive) (0.4)
[2024-05-12T17:14:53.803+0000] {subprocess.py:93} INFO - Requirement already satisfied: antlr4-python3-runtime==4.9.* in /home/***/.local/lib/python3.12/site-packages (from hydra-core>=1.1->dvc->dvc-gdrive) (4.9.3)
[2024-05-12T17:14:53.819+0000] {subprocess.py:93} INFO - Requirement already satisfied: filelock in /home/***/.local/lib/python3.12/site-packages (from iterative-telemetry>=0.0.7->dvc->dvc-gdrive) (3.14.0)
[2024-05-12T17:14:53.837+0000] {subprocess.py:93} INFO - Requirement already satisfied: amqp<6.0.0,>=5.1.1 in /home/***/.local/lib/python3.12/site-packages (from kombu->dvc->dvc-gdrive) (5.2.0)
[2024-05-12T17:14:53.859+0000] {subprocess.py:93} INFO - Requirement already satisfied: pyasn1>=0.1.7 in /home/***/.local/lib/python3.12/site-packages (from oauth2client>=4.0.0->pydrive2>=1.19.0->pydrive2[fsspec]>=1.19.0->dvc-gdrive) (0.5.1)
[2024-05-12T17:14:53.860+0000] {subprocess.py:93} INFO - Requirement already satisfied: pyasn1-modules>=0.0.5 in /home/***/.local/lib/python3.12/site-packages (from oauth2client>=4.0.0->pydrive2>=1.19.0->pydrive2[fsspec]>=1.19.0->dvc-gdrive) (0.3.0)
[2024-05-12T17:14:53.861+0000] {subprocess.py:93} INFO - Requirement already satisfied: rsa>=3.1.4 in /home/***/.local/lib/python3.12/site-packages (from oauth2client>=4.0.0->pydrive2>=1.19.0->pydrive2[fsspec]>=1.19.0->dvc-gdrive) (4.9)
[2024-05-12T17:14:53.925+0000] {subprocess.py:93} INFO - Requirement already satisfied: cryptography<43,>=41.0.5 in /home/***/.local/lib/python3.12/site-packages (from pyOpenSSL>=19.1.0->pydrive2>=1.19.0->pydrive2[fsspec]>=1.19.0->dvc-gdrive) (41.0.7)
[2024-05-12T17:14:53.944+0000] {subprocess.py:93} INFO - Requirement already satisfied: charset-normalizer<4,>=2 in /home/***/.local/lib/python3.12/site-packages (from requests>=2.22->dvc->dvc-gdrive) (3.3.2)
[2024-05-12T17:14:53.946+0000] {subprocess.py:93} INFO - Requirement already satisfied: idna<4,>=2.5 in /home/***/.local/lib/python3.12/site-packages (from requests>=2.22->dvc->dvc-gdrive) (3.7)
[2024-05-12T17:14:53.948+0000] {subprocess.py:93} INFO - Requirement already satisfied: urllib3<3,>=1.21.1 in /home/***/.local/lib/python3.12/site-packages (from requests>=2.22->dvc->dvc-gdrive) (2.2.1)
[2024-05-12T17:14:53.949+0000] {subprocess.py:93} INFO - Requirement already satisfied: certifi>=2017.4.17 in /home/***/.local/lib/python3.12/site-packages (from requests>=2.22->dvc->dvc-gdrive) (2024.2.2)
[2024-05-12T17:14:53.962+0000] {subprocess.py:93} INFO - Requirement already satisfied: markdown-it-py>=2.2.0 in /home/***/.local/lib/python3.12/site-packages (from rich>=12->dvc->dvc-gdrive) (3.0.0)
[2024-05-12T17:14:53.963+0000] {subprocess.py:93} INFO - Requirement already satisfied: pygments<3.0.0,>=2.13.0 in /home/***/.local/lib/python3.12/site-packages (from rich>=12->dvc->dvc-gdrive) (2.17.2)
[2024-05-12T17:14:53.977+0000] {subprocess.py:93} INFO - Requirement already satisfied: ruamel.yaml.clib>=0.2.7 in /home/***/.local/lib/python3.12/site-packages (from ruamel.yaml>=0.17.11->dvc->dvc-gdrive) (0.2.8)
[2024-05-12T17:14:54.005+0000] {subprocess.py:93} INFO - Requirement already satisfied: gitpython>3 in /home/***/.local/lib/python3.12/site-packages (from scmrepo<4,>=3.3.2->dvc->dvc-gdrive) (3.1.43)
[2024-05-12T17:14:54.007+0000] {subprocess.py:93} INFO - Requirement already satisfied: pygit2>=1.14.0 in /home/***/.local/lib/python3.12/site-packages (from scmrepo<4,>=3.3.2->dvc->dvc-gdrive) (1.14.1)
[2024-05-12T17:14:54.010+0000] {subprocess.py:93} INFO - Requirement already satisfied: asyncssh<3,>=2.13.1 in /home/***/.local/lib/python3.12/site-packages (from scmrepo<4,>=3.3.2->dvc->dvc-gdrive) (2.14.2)
[2024-05-12T17:14:54.023+0000] {subprocess.py:93} INFO - Requirement already satisfied: setuptools in /home/***/.local/lib/python3.12/site-packages (from dulwich->dvc->dvc-gdrive) (66.1.1)
[2024-05-12T17:14:54.085+0000] {subprocess.py:93} INFO - Requirement already satisfied: aiohttp in /home/***/.local/lib/python3.12/site-packages (from aiohttp-retry>=2.5.0->dvc-http>=2.29.0->dvc->dvc-gdrive) (3.9.5)
[2024-05-12T17:14:54.106+0000] {subprocess.py:93} INFO - Requirement already satisfied: typing-extensions>=3.6 in /home/***/.local/lib/python3.12/site-packages (from asyncssh<3,>=2.13.1->scmrepo<4,>=3.3.2->dvc->dvc-gdrive) (4.11.0)
[2024-05-12T17:14:54.162+0000] {subprocess.py:93} INFO - Requirement already satisfied: prompt-toolkit>=3.0.36 in /home/***/.local/lib/python3.12/site-packages (from click-repl>=0.2.0->celery->dvc->dvc-gdrive) (3.0.43)
[2024-05-12T17:14:54.178+0000] {subprocess.py:93} INFO - Requirement already satisfied: cffi>=1.12 in /home/***/.local/lib/python3.12/site-packages (from cryptography<43,>=41.0.5->pyOpenSSL>=19.1.0->pydrive2>=1.19.0->pydrive2[fsspec]>=1.19.0->dvc-gdrive) (1.16.0)
[2024-05-12T17:14:54.265+0000] {subprocess.py:93} INFO - Requirement already satisfied: gitdb<5,>=4.0.1 in /home/***/.local/lib/python3.12/site-packages (from gitpython>3->scmrepo<4,>=3.3.2->dvc->dvc-gdrive) (4.0.11)
[2024-05-12T17:14:54.281+0000] {subprocess.py:93} INFO - Requirement already satisfied: googleapis-common-protos<2.0.dev0,>=1.56.2 in /home/***/.local/lib/python3.12/site-packages (from google-api-core!=2.0.*,!=2.1.*,!=2.2.*,!=2.3.0,<3.0.0.dev0,>=1.31.5->google-api-python-client>=1.12.5->pydrive2>=1.19.0->pydrive2[fsspec]>=1.19.0->dvc-gdrive) (1.63.0)
[2024-05-12T17:14:54.282+0000] {subprocess.py:93} INFO - Requirement already satisfied: protobuf!=3.20.0,!=3.20.1,!=4.21.0,!=4.21.1,!=4.21.2,!=4.21.3,!=4.21.4,!=4.21.5,<5.0.0.dev0,>=3.19.5 in /home/***/.local/lib/python3.12/site-packages (from google-api-core!=2.0.*,!=2.1.*,!=2.2.*,!=2.3.0,<3.0.0.dev0,>=1.31.5->google-api-python-client>=1.12.5->pydrive2>=1.19.0->pydrive2[fsspec]>=1.19.0->dvc-gdrive) (4.25.3)
[2024-05-12T17:14:54.283+0000] {subprocess.py:93} INFO - Requirement already satisfied: proto-plus<2.0.0dev,>=1.22.3 in /home/***/.local/lib/python3.12/site-packages (from google-api-core!=2.0.*,!=2.1.*,!=2.2.*,!=2.3.0,<3.0.0.dev0,>=1.31.5->google-api-python-client>=1.12.5->pydrive2>=1.19.0->pydrive2[fsspec]>=1.19.0->dvc-gdrive) (1.23.0)
[2024-05-12T17:14:54.303+0000] {subprocess.py:93} INFO - Requirement already satisfied: cachetools<6.0,>=2.0.0 in /home/***/.local/lib/python3.12/site-packages (from google-auth!=2.24.0,!=2.25.0,<3.0.0.dev0,>=1.32.0->google-api-python-client>=1.12.5->pydrive2>=1.19.0->pydrive2[fsspec]>=1.19.0->dvc-gdrive) (5.3.3)
[2024-05-12T17:14:54.346+0000] {subprocess.py:93} INFO - Requirement already satisfied: mdurl~=0.1 in /home/***/.local/lib/python3.12/site-packages (from markdown-it-py>=2.2.0->rich>=12->dvc->dvc-gdrive) (0.1.2)
[2024-05-12T17:14:54.371+0000] {subprocess.py:93} INFO - Requirement already satisfied: annotated-types>=0.4.0 in /home/***/.local/lib/python3.12/site-packages (from pydantic!=2.0.0,<3,>=1.9.0->gto<2,>=1.6.0->dvc->dvc-gdrive) (0.6.0)
[2024-05-12T17:14:54.373+0000] {subprocess.py:93} INFO - Requirement already satisfied: pydantic-core==2.18.2 in /home/***/.local/lib/python3.12/site-packages (from pydantic!=2.0.0,<3,>=1.9.0->gto<2,>=1.6.0->dvc->dvc-gdrive) (2.18.2)
[2024-05-12T17:14:54.470+0000] {subprocess.py:93} INFO - Requirement already satisfied: orjson in /home/***/.local/lib/python3.12/site-packages (from sqltrie<1,>=0.11.0->dvc-data<3.16,>=3.15->dvc->dvc-gdrive) (3.10.3)
[2024-05-12T17:14:54.481+0000] {subprocess.py:93} INFO - Requirement already satisfied: shellingham>=1.3.0 in /home/***/.local/lib/python3.12/site-packages (from typer>=0.4.1->gto<2,>=1.6.0->dvc->dvc-gdrive) (1.5.4)
[2024-05-12T17:14:54.671+0000] {subprocess.py:93} INFO - Requirement already satisfied: aiosignal>=1.1.2 in /home/***/.local/lib/python3.12/site-packages (from aiohttp->aiohttp-retry>=2.5.0->dvc-http>=2.29.0->dvc->dvc-gdrive) (1.3.1)
[2024-05-12T17:14:54.673+0000] {subprocess.py:93} INFO - Requirement already satisfied: frozenlist>=1.1.1 in /home/***/.local/lib/python3.12/site-packages (from aiohttp->aiohttp-retry>=2.5.0->dvc-http>=2.29.0->dvc->dvc-gdrive) (1.4.1)
[2024-05-12T17:14:54.674+0000] {subprocess.py:93} INFO - Requirement already satisfied: multidict<7.0,>=4.5 in /home/***/.local/lib/python3.12/site-packages (from aiohttp->aiohttp-retry>=2.5.0->dvc-http>=2.29.0->dvc->dvc-gdrive) (6.0.5)
[2024-05-12T17:14:54.677+0000] {subprocess.py:93} INFO - Requirement already satisfied: yarl<2.0,>=1.0 in /home/***/.local/lib/python3.12/site-packages (from aiohttp->aiohttp-retry>=2.5.0->dvc-http>=2.29.0->dvc->dvc-gdrive) (1.9.4)
[2024-05-12T17:14:54.702+0000] {subprocess.py:93} INFO - Requirement already satisfied: pycparser in /home/***/.local/lib/python3.12/site-packages (from cffi>=1.12->cryptography<43,>=41.0.5->pyOpenSSL>=19.1.0->pydrive2>=1.19.0->pydrive2[fsspec]>=1.19.0->dvc-gdrive) (2.22)
[2024-05-12T17:14:54.723+0000] {subprocess.py:93} INFO - Requirement already satisfied: smmap<6,>=3.0.1 in /home/***/.local/lib/python3.12/site-packages (from gitdb<5,>=4.0.1->gitpython>3->scmrepo<4,>=3.3.2->dvc->dvc-gdrive) (5.0.1)
[2024-05-12T17:14:54.759+0000] {subprocess.py:93} INFO - Requirement already satisfied: wcwidth in /home/***/.local/lib/python3.12/site-packages (from prompt-toolkit>=3.0.36->click-repl>=0.2.0->celery->dvc->dvc-gdrive) (0.2.13)
[2024-05-12T17:14:54.891+0000] {subprocess.py:93} INFO - Using cached dvc_gdrive-3.0.1-py3-none-any.whl (11 kB)
[2024-05-12T17:14:54.892+0000] {subprocess.py:93} INFO - Using cached PyDrive2-1.19.0-py3-none-any.whl (46 kB)
[2024-05-12T17:14:54.894+0000] {subprocess.py:93} INFO - Using cached oauth2client-4.1.3-py2.py3-none-any.whl (98 kB)
[2024-05-12T17:14:57.397+0000] {subprocess.py:93} INFO - Installing collected packages: oauth2client, pydrive2, dvc-gdrive
[2024-05-12T17:14:57.953+0000] {subprocess.py:93} INFO - Successfully installed dvc-gdrive-3.0.1 oauth2client-4.1.3 pydrive2-1.19.0
[2024-05-12T17:14:59.072+0000] {subprocess.py:93} INFO - Initialized DVC repository.
[2024-05-12T17:14:59.072+0000] {subprocess.py:93} INFO - 
[2024-05-12T17:14:59.075+0000] {subprocess.py:93} INFO - +---------------------------------------------------------------------+
[2024-05-12T17:14:59.076+0000] {subprocess.py:93} INFO - |                                                                     |
[2024-05-12T17:14:59.076+0000] {subprocess.py:93} INFO - |        DVC has enabled anonymous aggregate usage analytics.         |
[2024-05-12T17:14:59.076+0000] {subprocess.py:93} INFO - |     Read the analytics documentation (and how to opt-out) here:     |
[2024-05-12T17:14:59.077+0000] {subprocess.py:93} INFO - |             <https://dvc.org/doc/user-guide/analytics>              |
[2024-05-12T17:14:59.077+0000] {subprocess.py:93} INFO - |                                                                     |
[2024-05-12T17:14:59.077+0000] {subprocess.py:93} INFO - +---------------------------------------------------------------------+
[2024-05-12T17:14:59.078+0000] {subprocess.py:93} INFO - 
[2024-05-12T17:14:59.078+0000] {subprocess.py:93} INFO - What's next?
[2024-05-12T17:14:59.078+0000] {subprocess.py:93} INFO - ------------
[2024-05-12T17:14:59.079+0000] {subprocess.py:93} INFO - - Check out the documentation: <https://dvc.org/doc>
[2024-05-12T17:14:59.079+0000] {subprocess.py:93} INFO - - Get help and share ideas: <https://dvc.org/chat>
[2024-05-12T17:14:59.079+0000] {subprocess.py:93} INFO - - Star us on GitHub: <https://github.com/iterative/dvc>
[2024-05-12T17:15:00.065+0000] {subprocess.py:93} INFO - Setting 'mygoogledrive' as a default remote.
[2024-05-12T17:15:02.636+0000] {subprocess.py:93} INFO - /home/***/.local/lib/python3.12/site-packages/oauth2client/_helpers.py:255: UserWarning: Cannot access /home/***/.cache/pydrive2fs/710796635688-iivsgbgsb6uv1fap6635dhvuei09o66c.apps.googleusercontent.com/default.json: No such file or directory
[2024-05-12T17:15:02.637+0000] {subprocess.py:93} INFO -   warnings.warn(_MISSING_FILE_MESSAGE.format(filename))
[2024-05-12T17:15:02.637+0000] {subprocess.py:93} INFO - Your browser has been opened to visit:
[2024-05-12T17:15:02.637+0000] {subprocess.py:93} INFO - 
[2024-05-12T17:15:02.637+0000] {subprocess.py:93} INFO -     https://accounts.google.com/o/oauth2/auth?client_id=710796635688-iivsgbgsb6uv1fap6635dhvuei09o66c.apps.googleusercontent.com&redirect_uri=http%3A%2F%2Flocalhost%3A8080%2F&scope=https%3A%2F%2Fwww.googleapis.com%2Fauth%2Fdrive+https%3A%2F%2Fwww.googleapis.com%2Fauth%2Fdrive.appdata&access_type=offline&response_type=code&approval_prompt=force
[2024-05-12T17:15:02.638+0000] {subprocess.py:93} INFO - 
