[2024-05-12T18:01:31.892+0000] {local_task_job_runner.py:120} INFO - ::group::Pre task execution logs
[2024-05-12T18:01:31.906+0000] {taskinstance.py:2076} INFO - Dependencies all met for dep_context=non-requeueable deps ti=<TaskInstance: web_article_scraping.load manual__2024-05-12T18:01:15.254381+00:00 [queued]>
[2024-05-12T18:01:31.911+0000] {taskinstance.py:2076} INFO - Dependencies all met for dep_context=requeueable deps ti=<TaskInstance: web_article_scraping.load manual__2024-05-12T18:01:15.254381+00:00 [queued]>
[2024-05-12T18:01:31.912+0000] {taskinstance.py:2306} INFO - Starting attempt 1 of 1
[2024-05-12T18:01:31.924+0000] {taskinstance.py:2330} INFO - Executing <Task(PythonOperator): load> on 2024-05-12 18:01:15.254381+00:00
[2024-05-12T18:01:31.935+0000] {warnings.py:110} WARNING - /home/***/.local/lib/python3.12/site-packages/***/task/task_runner/standard_task_runner.py:61: DeprecationWarning: This process (pid=186) is multi-threaded, use of fork() may lead to deadlocks in the child.
  pid = os.fork()

[2024-05-12T18:01:31.936+0000] {standard_task_runner.py:63} INFO - Started process 188 to run task
[2024-05-12T18:01:31.936+0000] {standard_task_runner.py:90} INFO - Running: ['***', 'tasks', 'run', 'web_article_scraping', 'load', 'manual__2024-05-12T18:01:15.254381+00:00', '--job-id', '33', '--raw', '--subdir', 'DAGS_FOLDER/dag.py', '--cfg-path', '/tmp/tmpjmwecobh']
[2024-05-12T18:01:31.937+0000] {standard_task_runner.py:91} INFO - Job 33: Subtask load
[2024-05-12T18:01:31.974+0000] {task_command.py:426} INFO - Running <TaskInstance: web_article_scraping.load manual__2024-05-12T18:01:15.254381+00:00 [running]> on host 4d491b913ee9
[2024-05-12T18:01:32.026+0000] {taskinstance.py:2648} INFO - Exporting env vars: AIRFLOW_CTX_DAG_OWNER='***' AIRFLOW_CTX_DAG_ID='web_article_scraping' AIRFLOW_CTX_TASK_ID='load' AIRFLOW_CTX_EXECUTION_DATE='2024-05-12T18:01:15.254381+00:00' AIRFLOW_CTX_TRY_NUMBER='1' AIRFLOW_CTX_DAG_RUN_ID='manual__2024-05-12T18:01:15.254381+00:00'
[2024-05-12T18:01:32.027+0000] {taskinstance.py:430} INFO - ::endgroup::
[2024-05-12T18:01:33.416+0000] {dag.py:39} WARNING - No valid title or description for URL: https://www.bbc.com/news/world-europe-68998913
[2024-05-12T18:01:33.585+0000] {dag.py:39} WARNING - No valid title or description for URL: https://www.bbc.com/news/uk-politics-68999212
[2024-05-12T18:01:33.749+0000] {dag.py:39} WARNING - No valid title or description for URL: https://www.bbc.com/news/world-europe-68998913
[2024-05-12T18:01:33.922+0000] {dag.py:39} WARNING - No valid title or description for URL: https://www.bbc.com/news/uk-politics-68999212
[2024-05-12T18:01:34.085+0000] {dag.py:39} WARNING - No valid title or description for URL: https://www.bbc.com/news/articles/c72p0xx410xo
[2024-05-12T18:01:34.255+0000] {dag.py:39} WARNING - No valid title or description for URL: https://www.bbc.com/news/world-us-canada-68996066
[2024-05-12T18:01:34.435+0000] {dag.py:39} WARNING - No valid title or description for URL: https://www.bbc.com/news/world-us-canada-68991796
[2024-05-12T18:01:34.848+0000] {dag.py:39} WARNING - No valid title or description for URL: https://www.bbc.com/news/world-us-canada-68993672
[2024-05-12T18:01:35.023+0000] {dag.py:39} WARNING - No valid title or description for URL: https://www.bbc.com/future/article/20240510-change-6-is-just-the-tip-of-chinas-space-ambitions
[2024-05-12T18:01:35.195+0000] {dag.py:39} WARNING - No valid title or description for URL: https://www.bbc.com/news/articles/cv2dy69jm6no
[2024-05-12T18:01:35.358+0000] {dag.py:39} WARNING - No valid title or description for URL: https://www.bbc.com/news/articles/cyxepvdewkno
[2024-05-12T18:01:35.537+0000] {dag.py:39} WARNING - No valid title or description for URL: https://www.bbc.com/news/articles/crgy7xypwj8o
[2024-05-12T18:01:35.720+0000] {dag.py:39} WARNING - No valid title or description for URL: https://www.bbc.com/news/world-africa-68999815
[2024-05-12T18:01:35.879+0000] {dag.py:39} WARNING - No valid title or description for URL: https://www.bbc.com/news/world-asia-india-68767574
[2024-05-12T18:01:36.052+0000] {dag.py:39} WARNING - No valid title or description for URL: https://www.bbc.com/news/world-asia-china-68982645
[2024-05-12T18:01:36.211+0000] {dag.py:39} WARNING - No valid title or description for URL: https://www.bbc.com/news/articles/crgy7xypwj8o
[2024-05-12T18:01:36.374+0000] {dag.py:39} WARNING - No valid title or description for URL: https://www.bbc.com/news/articles/c4n1l9g2wn9o
[2024-05-12T18:01:36.545+0000] {dag.py:39} WARNING - No valid title or description for URL: https://www.bbc.com/news/world-asia-india-68968593
[2024-05-12T18:01:36.706+0000] {dag.py:39} WARNING - No valid title or description for URL: https://www.bbc.com/news/articles/cg67w73nxqxo
[2024-05-12T18:01:36.866+0000] {dag.py:39} WARNING - No valid title or description for URL: https://www.bbc.com/news/world-africa-68999815
[2024-05-12T18:01:37.563+0000] {python.py:237} INFO - Done. Returned value was: None
[2024-05-12T18:01:37.563+0000] {taskinstance.py:441} INFO - ::group::Post task execution logs
[2024-05-12T18:01:37.569+0000] {taskinstance.py:1206} INFO - Marking task as SUCCESS. dag_id=web_article_scraping, task_id=load, run_id=manual__2024-05-12T18:01:15.254381+00:00, execution_date=20240512T180115, start_date=20240512T180131, end_date=20240512T180137
[2024-05-12T18:01:37.595+0000] {local_task_job_runner.py:240} INFO - Task exited with return code 0
[2024-05-12T18:01:37.606+0000] {taskinstance.py:3498} INFO - 1 downstream tasks scheduled from follow-on schedule check
[2024-05-12T18:01:37.608+0000] {local_task_job_runner.py:222} INFO - ::endgroup::
