[2024-05-12T17:13:58.065+0000] {local_task_job_runner.py:120} INFO - ::group::Pre task execution logs
[2024-05-12T17:13:58.085+0000] {taskinstance.py:2076} INFO - Dependencies all met for dep_context=non-requeueable deps ti=<TaskInstance: web_article_scraping.dvc_add_and_push manual__2024-05-12T17:13:39.054661+00:00 [queued]>
[2024-05-12T17:13:58.096+0000] {taskinstance.py:2076} INFO - Dependencies all met for dep_context=requeueable deps ti=<TaskInstance: web_article_scraping.dvc_add_and_push manual__2024-05-12T17:13:39.054661+00:00 [queued]>
[2024-05-12T17:13:58.096+0000] {taskinstance.py:2306} INFO - Starting attempt 1 of 1
[2024-05-12T17:13:58.110+0000] {taskinstance.py:2330} INFO - Executing <Task(BashOperator): dvc_add_and_push> on 2024-05-12 17:13:39.054661+00:00
[2024-05-12T17:13:58.116+0000] {warnings.py:110} WARNING - /home/***/.local/lib/python3.12/site-packages/***/task/task_runner/standard_task_runner.py:61: DeprecationWarning: This process (pid=5542) is multi-threaded, use of fork() may lead to deadlocks in the child.
  pid = os.fork()

[2024-05-12T17:13:58.117+0000] {standard_task_runner.py:63} INFO - Started process 5552 to run task
[2024-05-12T17:13:58.118+0000] {standard_task_runner.py:90} INFO - Running: ['***', 'tasks', 'run', 'web_article_scraping', 'dvc_add_and_push', 'manual__2024-05-12T17:13:39.054661+00:00', '--job-id', '26', '--raw', '--subdir', 'DAGS_FOLDER/dag.py', '--cfg-path', '/tmp/tmp0fduisl5']
[2024-05-12T17:13:58.119+0000] {standard_task_runner.py:91} INFO - Job 26: Subtask dvc_add_and_push
[2024-05-12T17:13:58.180+0000] {task_command.py:426} INFO - Running <TaskInstance: web_article_scraping.dvc_add_and_push manual__2024-05-12T17:13:39.054661+00:00 [running]> on host 4d491b913ee9
[2024-05-12T17:13:58.264+0000] {taskinstance.py:2648} INFO - Exporting env vars: AIRFLOW_CTX_DAG_OWNER='***' AIRFLOW_CTX_DAG_ID='web_article_scraping' AIRFLOW_CTX_TASK_ID='dvc_add_and_push' AIRFLOW_CTX_EXECUTION_DATE='2024-05-12T17:13:39.054661+00:00' AIRFLOW_CTX_TRY_NUMBER='1' AIRFLOW_CTX_DAG_RUN_ID='manual__2024-05-12T17:13:39.054661+00:00'
[2024-05-12T17:13:58.267+0000] {taskinstance.py:430} INFO - ::endgroup::
[2024-05-12T17:13:58.268+0000] {subprocess.py:63} INFO - Tmp dir root location: /tmp
[2024-05-12T17:13:58.268+0000] {subprocess.py:75} INFO - Running command: ['/usr/bin/bash', '-c', '\ncd /opt/***/dags\npip install dvc && pip install dvc-gdrive && dvc init -f --no-scm && dvc remote add -d mygoogleDrive gdrive://1akLltC_11ZTBzZF-D4cZt_sZIf-jheJE && dvc add extracted_data.csv && dvc push -r mygoogleDrive']
[2024-05-12T17:13:58.279+0000] {subprocess.py:86} INFO - Output:
[2024-05-12T17:14:01.573+0000] {subprocess.py:93} INFO - Collecting dvc
[2024-05-12T17:14:01.746+0000] {subprocess.py:93} INFO -   Downloading dvc-3.50.1-py3-none-any.whl.metadata (17 kB)
[2024-05-12T17:14:01.831+0000] {subprocess.py:93} INFO - Requirement already satisfied: attrs>=22.2.0 in /home/***/.local/lib/python3.12/site-packages (from dvc) (23.2.0)
[2024-05-12T17:14:01.833+0000] {subprocess.py:93} INFO - Requirement already satisfied: celery in /home/***/.local/lib/python3.12/site-packages (from dvc) (5.4.0)
[2024-05-12T17:14:01.834+0000] {subprocess.py:93} INFO - Requirement already satisfied: colorama>=0.3.9 in /home/***/.local/lib/python3.12/site-packages (from dvc) (0.4.6)
[2024-05-12T17:14:02.155+0000] {subprocess.py:93} INFO - Collecting configobj>=5.0.6 (from dvc)
[2024-05-12T17:14:02.210+0000] {subprocess.py:93} INFO -   Downloading configobj-5.0.8-py2.py3-none-any.whl.metadata (3.4 kB)
[2024-05-12T17:14:02.317+0000] {subprocess.py:93} INFO - Collecting distro>=1.3 (from dvc)
[2024-05-12T17:14:02.375+0000] {subprocess.py:93} INFO -   Downloading distro-1.9.0-py3-none-any.whl.metadata (6.8 kB)
[2024-05-12T17:14:02.785+0000] {subprocess.py:93} INFO - Collecting dpath<3,>=2.1.0 (from dvc)
[2024-05-12T17:14:02.835+0000] {subprocess.py:93} INFO -   Downloading dpath-2.1.6-py3-none-any.whl.metadata (15 kB)
[2024-05-12T17:14:03.324+0000] {subprocess.py:93} INFO - Collecting dulwich (from dvc)
[2024-05-12T17:14:03.325+0000] {subprocess.py:93} INFO -   Using cached dulwich-0.22.1-cp312-cp312-manylinux_2_17_x86_64.manylinux2014_x86_64.whl.metadata (4.4 kB)
[2024-05-12T17:14:03.696+0000] {subprocess.py:93} INFO - Collecting dvc-data<3.16,>=3.15 (from dvc)
[2024-05-12T17:14:03.746+0000] {subprocess.py:93} INFO -   Downloading dvc_data-3.15.1-py3-none-any.whl.metadata (5.0 kB)
[2024-05-12T17:14:04.090+0000] {subprocess.py:93} INFO - Collecting dvc-http>=2.29.0 (from dvc)
[2024-05-12T17:14:04.142+0000] {subprocess.py:93} INFO -   Downloading dvc_http-2.32.0-py3-none-any.whl.metadata (1.3 kB)
[2024-05-12T17:14:04.614+0000] {subprocess.py:93} INFO - Collecting dvc-objects (from dvc)
[2024-05-12T17:14:04.662+0000] {subprocess.py:93} INFO -   Downloading dvc_objects-5.1.0-py3-none-any.whl.metadata (3.7 kB)
[2024-05-12T17:14:05.067+0000] {subprocess.py:93} INFO - Collecting dvc-render<2,>=1.0.1 (from dvc)
[2024-05-12T17:14:05.124+0000] {subprocess.py:93} INFO -   Downloading dvc_render-1.0.2-py3-none-any.whl.metadata (5.4 kB)
[2024-05-12T17:14:05.563+0000] {subprocess.py:93} INFO - Collecting dvc-studio-client<1,>=0.20 (from dvc)
[2024-05-12T17:14:05.616+0000] {subprocess.py:93} INFO -   Downloading dvc_studio_client-0.20.0-py3-none-any.whl.metadata (4.3 kB)
[2024-05-12T17:14:05.940+0000] {subprocess.py:93} INFO - Collecting dvc-task<1,>=0.3.0 (from dvc)
[2024-05-12T17:14:05.989+0000] {subprocess.py:93} INFO -   Downloading dvc_task-0.4.0-py3-none-any.whl.metadata (9.9 kB)
[2024-05-12T17:14:06.307+0000] {subprocess.py:93} INFO - Collecting flatten-dict<1,>=0.4.1 (from dvc)
[2024-05-12T17:14:06.355+0000] {subprocess.py:93} INFO -   Downloading flatten_dict-0.4.2-py2.py3-none-any.whl.metadata (9.2 kB)
[2024-05-12T17:14:06.772+0000] {subprocess.py:93} INFO - Collecting flufl.lock<8,>=5 (from dvc)
[2024-05-12T17:14:06.827+0000] {subprocess.py:93} INFO -   Downloading flufl.lock-7.1.1-py3-none-any.whl.metadata (3.3 kB)
[2024-05-12T17:14:06.851+0000] {subprocess.py:93} INFO - Requirement already satisfied: fsspec in /home/***/.local/lib/python3.12/site-packages (from dvc) (2023.12.2)
[2024-05-12T17:14:07.262+0000] {subprocess.py:93} INFO - Collecting funcy>=1.14 (from dvc)
[2024-05-12T17:14:07.315+0000] {subprocess.py:93} INFO -   Downloading funcy-2.0-py2.py3-none-any.whl.metadata (5.9 kB)
[2024-05-12T17:14:07.743+0000] {subprocess.py:93} INFO - Collecting grandalf<1,>=0.7 (from dvc)
[2024-05-12T17:14:07.795+0000] {subprocess.py:93} INFO -   Downloading grandalf-0.8-py3-none-any.whl.metadata (1.7 kB)
[2024-05-12T17:14:08.243+0000] {subprocess.py:93} INFO - Collecting gto<2,>=1.6.0 (from dvc)
[2024-05-12T17:14:08.296+0000] {subprocess.py:93} INFO -   Downloading gto-1.7.1-py3-none-any.whl.metadata (4.2 kB)
[2024-05-12T17:14:08.720+0000] {subprocess.py:93} INFO - Collecting hydra-core>=1.1 (from dvc)
[2024-05-12T17:14:08.767+0000] {subprocess.py:93} INFO -   Downloading hydra_core-1.3.2-py3-none-any.whl.metadata (5.5 kB)
[2024-05-12T17:14:09.081+0000] {subprocess.py:93} INFO - Collecting iterative-telemetry>=0.0.7 (from dvc)
[2024-05-12T17:14:09.134+0000] {subprocess.py:93} INFO -   Downloading iterative_telemetry-0.0.8-py3-none-any.whl.metadata (4.1 kB)
[2024-05-12T17:14:09.146+0000] {subprocess.py:93} INFO - Requirement already satisfied: kombu in /home/***/.local/lib/python3.12/site-packages (from dvc) (5.3.7)
[2024-05-12T17:14:09.243+0000] {subprocess.py:93} INFO - Collecting networkx>=2.5 (from dvc)
[2024-05-12T17:14:09.289+0000] {subprocess.py:93} INFO -   Downloading networkx-3.3-py3-none-any.whl.metadata (5.1 kB)
[2024-05-12T17:14:09.429+0000] {subprocess.py:93} INFO - Collecting omegaconf (from dvc)
[2024-05-12T17:14:09.478+0000] {subprocess.py:93} INFO -   Downloading omegaconf-2.3.0-py3-none-any.whl.metadata (3.9 kB)
[2024-05-12T17:14:09.490+0000] {subprocess.py:93} INFO - Requirement already satisfied: packaging>=19 in /home/***/.local/lib/python3.12/site-packages (from dvc) (24.0)
[2024-05-12T17:14:09.492+0000] {subprocess.py:93} INFO - Requirement already satisfied: pathspec>=0.10.3 in /home/***/.local/lib/python3.12/site-packages (from dvc) (0.12.1)
[2024-05-12T17:14:09.622+0000] {subprocess.py:93} INFO - Collecting platformdirs<4,>=3.1.1 (from dvc)
[2024-05-12T17:14:09.682+0000] {subprocess.py:93} INFO -   Downloading platformdirs-3.11.0-py3-none-any.whl.metadata (11 kB)
[2024-05-12T17:14:09.700+0000] {subprocess.py:93} INFO - Requirement already satisfied: psutil>=5.8 in /home/***/.local/lib/python3.12/site-packages (from dvc) (5.9.8)
[2024-05-12T17:14:10.067+0000] {subprocess.py:93} INFO - Collecting pydot>=1.2.4 (from dvc)
[2024-05-12T17:14:10.114+0000] {subprocess.py:93} INFO -   Downloading pydot-2.0.0-py3-none-any.whl.metadata (9.6 kB)
[2024-05-12T17:14:10.435+0000] {subprocess.py:93} INFO - Collecting pygtrie>=2.3.2 (from dvc)
[2024-05-12T17:14:10.485+0000] {subprocess.py:93} INFO -   Downloading pygtrie-2.5.0-py3-none-any.whl.metadata (7.5 kB)
[2024-05-12T17:14:10.503+0000] {subprocess.py:93} INFO - Requirement already satisfied: pyparsing>=2.4.7 in /home/***/.local/lib/python3.12/site-packages (from dvc) (3.1.2)
[2024-05-12T17:14:10.506+0000] {subprocess.py:93} INFO - Requirement already satisfied: requests>=2.22 in /home/***/.local/lib/python3.12/site-packages (from dvc) (2.31.0)
[2024-05-12T17:14:10.509+0000] {subprocess.py:93} INFO - Requirement already satisfied: rich>=12 in /home/***/.local/lib/python3.12/site-packages (from dvc) (13.7.1)
[2024-05-12T17:14:10.866+0000] {subprocess.py:93} INFO - Collecting ruamel.yaml>=0.17.11 (from dvc)
[2024-05-12T17:14:10.913+0000] {subprocess.py:93} INFO -   Downloading ruamel.yaml-0.18.6-py3-none-any.whl.metadata (23 kB)
[2024-05-12T17:14:11.290+0000] {subprocess.py:93} INFO - Collecting scmrepo<4,>=3.3.2 (from dvc)
[2024-05-12T17:14:11.343+0000] {subprocess.py:93} INFO -   Downloading scmrepo-3.3.2-py3-none-any.whl.metadata (4.7 kB)
[2024-05-12T17:14:11.703+0000] {subprocess.py:93} INFO - Collecting shortuuid>=0.5 (from dvc)
[2024-05-12T17:14:11.751+0000] {subprocess.py:93} INFO -   Downloading shortuuid-1.0.13-py3-none-any.whl.metadata (5.8 kB)
[2024-05-12T17:14:12.196+0000] {subprocess.py:93} INFO - Collecting shtab<2,>=1.3.4 (from dvc)
[2024-05-12T17:14:12.249+0000] {subprocess.py:93} INFO -   Downloading shtab-1.7.1-py3-none-any.whl.metadata (7.3 kB)
[2024-05-12T17:14:12.277+0000] {subprocess.py:93} INFO - Requirement already satisfied: tabulate>=0.8.7 in /home/***/.local/lib/python3.12/site-packages (from dvc) (0.9.0)
[2024-05-12T17:14:12.279+0000] {subprocess.py:93} INFO - Requirement already satisfied: tomlkit>=0.11.1 in /home/***/.local/lib/python3.12/site-packages (from dvc) (0.12.4)
[2024-05-12T17:14:12.419+0000] {subprocess.py:93} INFO - Collecting tqdm<5,>=4.63.1 (from dvc)
[2024-05-12T17:14:12.471+0000] {subprocess.py:93} INFO -   Downloading tqdm-4.66.4-py3-none-any.whl.metadata (57 kB)
[2024-05-12T17:14:12.517+0000] {subprocess.py:93} INFO -      ━━━━━━━━━━━━━━━━━━━━━━━━━━━━━━━━━━━━━━━━ 57.6/57.6 kB 1.2 MB/s eta 0:00:00
[2024-05-12T17:14:12.836+0000] {subprocess.py:93} INFO - Collecting voluptuous>=0.11.7 (from dvc)
[2024-05-12T17:14:12.887+0000] {subprocess.py:93} INFO -   Downloading voluptuous-0.14.2-py3-none-any.whl.metadata (20 kB)
[2024-05-12T17:14:13.226+0000] {subprocess.py:93} INFO - Collecting zc.lockfile>=1.2.1 (from dvc)
[2024-05-12T17:14:13.274+0000] {subprocess.py:93} INFO -   Downloading zc.lockfile-3.0.post1-py3-none-any.whl.metadata (6.2 kB)
[2024-05-12T17:14:13.313+0000] {subprocess.py:93} INFO - Requirement already satisfied: six in /home/***/.local/lib/python3.12/site-packages (from configobj>=5.0.6->dvc) (1.16.0)
[2024-05-12T17:14:13.660+0000] {subprocess.py:93} INFO - Collecting dictdiffer>=0.8.1 (from dvc-data<3.16,>=3.15->dvc)
[2024-05-12T17:14:13.712+0000] {subprocess.py:93} INFO -   Downloading dictdiffer-0.9.0-py2.py3-none-any.whl.metadata (4.8 kB)
[2024-05-12T17:14:13.822+0000] {subprocess.py:93} INFO - Collecting fsspec (from dvc)
[2024-05-12T17:14:13.870+0000] {subprocess.py:93} INFO -   Downloading fsspec-2024.3.1-py3-none-any.whl.metadata (6.8 kB)
[2024-05-12T17:14:13.953+0000] {subprocess.py:93} INFO - Collecting diskcache>=5.2.1 (from dvc-data<3.16,>=3.15->dvc)
[2024-05-12T17:14:14.002+0000] {subprocess.py:93} INFO -   Downloading diskcache-5.6.3-py3-none-any.whl.metadata (20 kB)
[2024-05-12T17:14:14.337+0000] {subprocess.py:93} INFO - Collecting sqltrie<1,>=0.11.0 (from dvc-data<3.16,>=3.15->dvc)
[2024-05-12T17:14:14.387+0000] {subprocess.py:93} INFO -   Downloading sqltrie-0.11.0-py3-none-any.whl.metadata (3.3 kB)
[2024-05-12T17:14:14.758+0000] {subprocess.py:93} INFO - Collecting aiohttp-retry>=2.5.0 (from dvc-http>=2.29.0->dvc)
[2024-05-12T17:14:14.816+0000] {subprocess.py:93} INFO -   Downloading aiohttp_retry-2.8.3-py3-none-any.whl.metadata (8.9 kB)
[2024-05-12T17:14:15.022+0000] {subprocess.py:93} INFO - Requirement already satisfied: billiard<5.0,>=4.2.0 in /home/***/.local/lib/python3.12/site-packages (from celery->dvc) (4.2.0)
[2024-05-12T17:14:15.025+0000] {subprocess.py:93} INFO - Requirement already satisfied: vine<6.0,>=5.1.0 in /home/***/.local/lib/python3.12/site-packages (from celery->dvc) (5.1.0)
[2024-05-12T17:14:15.027+0000] {subprocess.py:93} INFO - Requirement already satisfied: click<9.0,>=8.1.2 in /home/***/.local/lib/python3.12/site-packages (from celery->dvc) (8.1.7)
[2024-05-12T17:14:15.029+0000] {subprocess.py:93} INFO - Requirement already satisfied: click-didyoumean>=0.3.0 in /home/***/.local/lib/python3.12/site-packages (from celery->dvc) (0.3.1)
[2024-05-12T17:14:15.030+0000] {subprocess.py:93} INFO - Requirement already satisfied: click-repl>=0.2.0 in /home/***/.local/lib/python3.12/site-packages (from celery->dvc) (0.3.0)
[2024-05-12T17:14:15.031+0000] {subprocess.py:93} INFO - Requirement already satisfied: click-plugins>=1.1.1 in /home/***/.local/lib/python3.12/site-packages (from celery->dvc) (1.1.1)
[2024-05-12T17:14:15.032+0000] {subprocess.py:93} INFO - Requirement already satisfied: tzdata>=2022.7 in /home/***/.local/lib/python3.12/site-packages (from celery->dvc) (2024.1)
[2024-05-12T17:14:15.034+0000] {subprocess.py:93} INFO - Requirement already satisfied: python-dateutil>=2.8.2 in /home/***/.local/lib/python3.12/site-packages (from celery->dvc) (2.9.0.post0)
[2024-05-12T17:14:15.415+0000] {subprocess.py:93} INFO - Collecting atpublic>=2.3 (from flufl.lock<8,>=5->dvc)
[2024-05-12T17:14:15.462+0000] {subprocess.py:93} INFO -   Downloading atpublic-4.1.0-py3-none-any.whl.metadata (1.8 kB)
[2024-05-12T17:14:15.628+0000] {subprocess.py:93} INFO - Collecting typer>=0.4.1 (from gto<2,>=1.6.0->dvc)
[2024-05-12T17:14:15.677+0000] {subprocess.py:93} INFO -   Downloading typer-0.12.3-py3-none-any.whl.metadata (15 kB)
[2024-05-12T17:14:15.698+0000] {subprocess.py:93} INFO - Requirement already satisfied: pydantic!=2.0.0,<3,>=1.9.0 in /home/***/.local/lib/python3.12/site-packages (from gto<2,>=1.6.0->dvc) (2.7.1)
[2024-05-12T17:14:15.774+0000] {subprocess.py:93} INFO - Collecting semver>=2.13.0 (from gto<2,>=1.6.0->dvc)
[2024-05-12T17:14:15.820+0000] {subprocess.py:93} INFO -   Downloading semver-3.0.2-py3-none-any.whl.metadata (5.0 kB)
[2024-05-12T17:14:15.883+0000] {subprocess.py:93} INFO - Collecting entrypoints (from gto<2,>=1.6.0->dvc)
[2024-05-12T17:14:15.930+0000] {subprocess.py:93} INFO -   Downloading entrypoints-0.4-py3-none-any.whl.metadata (2.6 kB)
[2024-05-12T17:14:16.002+0000] {subprocess.py:93} INFO - Collecting antlr4-python3-runtime==4.9.* (from hydra-core>=1.1->dvc)
[2024-05-12T17:14:16.055+0000] {subprocess.py:93} INFO -   Downloading antlr4-python3-runtime-4.9.3.tar.gz (117 kB)
[2024-05-12T17:14:16.104+0000] {subprocess.py:93} INFO -      ━━━━━━━━━━━━━━━━━━━━━━━━━━━━━━━━━━━━━━━ 117.0/117.0 kB 2.3 MB/s eta 0:00:00
[2024-05-12T17:14:16.122+0000] {subprocess.py:93} INFO -   Installing build dependencies: started
[2024-05-12T17:14:22.113+0000] {subprocess.py:93} INFO -   Installing build dependencies: finished with status 'done'
[2024-05-12T17:14:22.115+0000] {subprocess.py:93} INFO -   Getting requirements to build wheel: started
[2024-05-12T17:14:22.737+0000] {subprocess.py:93} INFO -   Getting requirements to build wheel: finished with status 'done'
[2024-05-12T17:14:22.739+0000] {subprocess.py:93} INFO -   Installing backend dependencies: started
[2024-05-12T17:14:27.332+0000] {subprocess.py:93} INFO -   Installing backend dependencies: finished with status 'done'
[2024-05-12T17:14:27.333+0000] {subprocess.py:93} INFO -   Preparing metadata (pyproject.toml): started
[2024-05-12T17:14:28.007+0000] {subprocess.py:93} INFO -   Preparing metadata (pyproject.toml): finished with status 'done'
[2024-05-12T17:14:28.094+0000] {subprocess.py:93} INFO - Collecting appdirs (from iterative-telemetry>=0.0.7->dvc)
[2024-05-12T17:14:28.140+0000] {subprocess.py:93} INFO -   Downloading appdirs-1.4.4-py2.py3-none-any.whl.metadata (9.0 kB)
[2024-05-12T17:14:28.146+0000] {subprocess.py:93} INFO - Requirement already satisfied: filelock in /home/***/.local/lib/python3.12/site-packages (from iterative-telemetry>=0.0.7->dvc) (3.14.0)
[2024-05-12T17:14:28.165+0000] {subprocess.py:93} INFO - Requirement already satisfied: amqp<6.0.0,>=5.1.1 in /home/***/.local/lib/python3.12/site-packages (from kombu->dvc) (5.2.0)
[2024-05-12T17:14:28.194+0000] {subprocess.py:93} INFO - Requirement already satisfied: PyYAML>=5.1.0 in /home/***/.local/lib/python3.12/site-packages (from omegaconf->dvc) (6.0.1)
[2024-05-12T17:14:28.251+0000] {subprocess.py:93} INFO - Requirement already satisfied: charset-normalizer<4,>=2 in /home/***/.local/lib/python3.12/site-packages (from requests>=2.22->dvc) (3.3.2)
[2024-05-12T17:14:28.252+0000] {subprocess.py:93} INFO - Requirement already satisfied: idna<4,>=2.5 in /home/***/.local/lib/python3.12/site-packages (from requests>=2.22->dvc) (3.7)
[2024-05-12T17:14:28.254+0000] {subprocess.py:93} INFO - Requirement already satisfied: urllib3<3,>=1.21.1 in /home/***/.local/lib/python3.12/site-packages (from requests>=2.22->dvc) (2.2.1)
[2024-05-12T17:14:28.256+0000] {subprocess.py:93} INFO - Requirement already satisfied: certifi>=2017.4.17 in /home/***/.local/lib/python3.12/site-packages (from requests>=2.22->dvc) (2024.2.2)
[2024-05-12T17:14:28.268+0000] {subprocess.py:93} INFO - Requirement already satisfied: markdown-it-py>=2.2.0 in /home/***/.local/lib/python3.12/site-packages (from rich>=12->dvc) (3.0.0)
[2024-05-12T17:14:28.269+0000] {subprocess.py:93} INFO - Requirement already satisfied: pygments<3.0.0,>=2.13.0 in /home/***/.local/lib/python3.12/site-packages (from rich>=12->dvc) (2.17.2)
[2024-05-12T17:14:28.354+0000] {subprocess.py:93} INFO - Collecting ruamel.yaml.clib>=0.2.7 (from ruamel.yaml>=0.17.11->dvc)
[2024-05-12T17:14:28.402+0000] {subprocess.py:93} INFO -   Downloading ruamel.yaml.clib-0.2.8-cp312-cp312-manylinux_2_17_x86_64.manylinux2014_x86_64.manylinux_2_28_x86_64.whl.metadata (2.2 kB)
[2024-05-12T17:14:28.523+0000] {subprocess.py:93} INFO - Collecting gitpython>3 (from scmrepo<4,>=3.3.2->dvc)
[2024-05-12T17:14:28.575+0000] {subprocess.py:93} INFO -   Downloading GitPython-3.1.43-py3-none-any.whl.metadata (13 kB)
[2024-05-12T17:14:28.992+0000] {subprocess.py:93} INFO - Collecting pygit2>=1.14.0 (from scmrepo<4,>=3.3.2->dvc)
[2024-05-12T17:14:29.040+0000] {subprocess.py:93} INFO -   Downloading pygit2-1.14.1-cp312-cp312-manylinux_2_17_x86_64.manylinux2014_x86_64.whl.metadata (3.4 kB)
[2024-05-12T17:14:29.049+0000] {subprocess.py:93} INFO - Requirement already satisfied: asyncssh<3,>=2.13.1 in /home/***/.local/lib/python3.12/site-packages (from scmrepo<4,>=3.3.2->dvc) (2.14.2)
[2024-05-12T17:14:29.060+0000] {subprocess.py:93} INFO - Requirement already satisfied: setuptools in /home/***/.local/lib/python3.12/site-packages (from dulwich->dvc) (66.1.1)
[2024-05-12T17:14:29.138+0000] {subprocess.py:93} INFO - Requirement already satisfied: aiohttp in /home/***/.local/lib/python3.12/site-packages (from aiohttp-retry>=2.5.0->dvc-http>=2.29.0->dvc) (3.9.5)
[2024-05-12T17:14:29.163+0000] {subprocess.py:93} INFO - Requirement already satisfied: cryptography>=39.0 in /home/***/.local/lib/python3.12/site-packages (from asyncssh<3,>=2.13.1->scmrepo<4,>=3.3.2->dvc) (41.0.7)
[2024-05-12T17:14:29.164+0000] {subprocess.py:93} INFO - Requirement already satisfied: typing-extensions>=3.6 in /home/***/.local/lib/python3.12/site-packages (from asyncssh<3,>=2.13.1->scmrepo<4,>=3.3.2->dvc) (4.11.0)
[2024-05-12T17:14:29.247+0000] {subprocess.py:93} INFO - Requirement already satisfied: prompt-toolkit>=3.0.36 in /home/***/.local/lib/python3.12/site-packages (from click-repl>=0.2.0->celery->dvc) (3.0.43)
[2024-05-12T17:14:29.424+0000] {subprocess.py:93} INFO - Collecting gitdb<5,>=4.0.1 (from gitpython>3->scmrepo<4,>=3.3.2->dvc)
[2024-05-12T17:14:29.471+0000] {subprocess.py:93} INFO -   Downloading gitdb-4.0.11-py3-none-any.whl.metadata (1.2 kB)
[2024-05-12T17:14:29.502+0000] {subprocess.py:93} INFO - Requirement already satisfied: mdurl~=0.1 in /home/***/.local/lib/python3.12/site-packages (from markdown-it-py>=2.2.0->rich>=12->dvc) (0.1.2)
[2024-05-12T17:14:29.514+0000] {subprocess.py:93} INFO - Requirement already satisfied: annotated-types>=0.4.0 in /home/***/.local/lib/python3.12/site-packages (from pydantic!=2.0.0,<3,>=1.9.0->gto<2,>=1.6.0->dvc) (0.6.0)
[2024-05-12T17:14:29.516+0000] {subprocess.py:93} INFO - Requirement already satisfied: pydantic-core==2.18.2 in /home/***/.local/lib/python3.12/site-packages (from pydantic!=2.0.0,<3,>=1.9.0->gto<2,>=1.6.0->dvc) (2.18.2)
[2024-05-12T17:14:29.542+0000] {subprocess.py:93} INFO - Requirement already satisfied: cffi>=1.16.0 in /home/***/.local/lib/python3.12/site-packages (from pygit2>=1.14.0->scmrepo<4,>=3.3.2->dvc) (1.16.0)
[2024-05-12T17:14:30.005+0000] {subprocess.py:93} INFO - Collecting orjson (from sqltrie<1,>=0.11.0->dvc-data<3.16,>=3.15->dvc)
[2024-05-12T17:14:30.056+0000] {subprocess.py:93} INFO -   Downloading orjson-3.10.3-cp312-cp312-manylinux_2_17_x86_64.manylinux2014_x86_64.whl.metadata (49 kB)
[2024-05-12T17:14:30.066+0000] {subprocess.py:93} INFO -      ━━━━━━━━━━━━━━━━━━━━━━━━━━━━━━━━━━━━━━━━ 49.7/49.7 kB 5.9 MB/s eta 0:00:00
[2024-05-12T17:14:30.148+0000] {subprocess.py:93} INFO - Collecting shellingham>=1.3.0 (from typer>=0.4.1->gto<2,>=1.6.0->dvc)
[2024-05-12T17:14:30.194+0000] {subprocess.py:93} INFO -   Downloading shellingham-1.5.4-py2.py3-none-any.whl.metadata (3.5 kB)
[2024-05-12T17:14:30.367+0000] {subprocess.py:93} INFO - Requirement already satisfied: aiosignal>=1.1.2 in /home/***/.local/lib/python3.12/site-packages (from aiohttp->aiohttp-retry>=2.5.0->dvc-http>=2.29.0->dvc) (1.3.1)
[2024-05-12T17:14:30.369+0000] {subprocess.py:93} INFO - Requirement already satisfied: frozenlist>=1.1.1 in /home/***/.local/lib/python3.12/site-packages (from aiohttp->aiohttp-retry>=2.5.0->dvc-http>=2.29.0->dvc) (1.4.1)
[2024-05-12T17:14:30.371+0000] {subprocess.py:93} INFO - Requirement already satisfied: multidict<7.0,>=4.5 in /home/***/.local/lib/python3.12/site-packages (from aiohttp->aiohttp-retry>=2.5.0->dvc-http>=2.29.0->dvc) (6.0.5)
[2024-05-12T17:14:30.374+0000] {subprocess.py:93} INFO - Requirement already satisfied: yarl<2.0,>=1.0 in /home/***/.local/lib/python3.12/site-packages (from aiohttp->aiohttp-retry>=2.5.0->dvc-http>=2.29.0->dvc) (1.9.4)
[2024-05-12T17:14:30.400+0000] {subprocess.py:93} INFO - Requirement already satisfied: pycparser in /home/***/.local/lib/python3.12/site-packages (from cffi>=1.16.0->pygit2>=1.14.0->scmrepo<4,>=3.3.2->dvc) (2.22)
[2024-05-12T17:14:30.515+0000] {subprocess.py:93} INFO - Collecting smmap<6,>=3.0.1 (from gitdb<5,>=4.0.1->gitpython>3->scmrepo<4,>=3.3.2->dvc)
[2024-05-12T17:14:30.561+0000] {subprocess.py:93} INFO -   Downloading smmap-5.0.1-py3-none-any.whl.metadata (4.3 kB)
[2024-05-12T17:14:30.584+0000] {subprocess.py:93} INFO - Requirement already satisfied: wcwidth in /home/***/.local/lib/python3.12/site-packages (from prompt-toolkit>=3.0.36->click-repl>=0.2.0->celery->dvc) (0.2.13)
[2024-05-12T17:14:30.768+0000] {subprocess.py:93} INFO - Downloading dvc-3.50.1-py3-none-any.whl (451 kB)
[2024-05-12T17:14:30.987+0000] {subprocess.py:93} INFO -    ━━━━━━━━━━━━━━━━━━━━━━━━━━━━━━━━━━━━━━━━ 451.6/451.6 kB 2.0 MB/s eta 0:00:00
[2024-05-12T17:14:30.988+0000] {subprocess.py:93} INFO - Using cached configobj-5.0.8-py2.py3-none-any.whl (36 kB)
[2024-05-12T17:14:31.034+0000] {subprocess.py:93} INFO - Downloading distro-1.9.0-py3-none-any.whl (20 kB)
[2024-05-12T17:14:31.086+0000] {subprocess.py:93} INFO - Downloading dpath-2.1.6-py3-none-any.whl (17 kB)
[2024-05-12T17:14:31.143+0000] {subprocess.py:93} INFO - Downloading dvc_data-3.15.1-py3-none-any.whl (71 kB)
[2024-05-12T17:14:31.164+0000] {subprocess.py:93} INFO -    ━━━━━━━━━━━━━━━━━━━━━━━━━━━━━━━━━━━━━━━━ 71.6/71.6 kB 3.7 MB/s eta 0:00:00
[2024-05-12T17:14:31.211+0000] {subprocess.py:93} INFO - Downloading dvc_http-2.32.0-py3-none-any.whl (12 kB)
[2024-05-12T17:14:31.264+0000] {subprocess.py:93} INFO - Downloading dvc_objects-5.1.0-py3-none-any.whl (33 kB)
[2024-05-12T17:14:31.323+0000] {subprocess.py:93} INFO - Downloading dvc_render-1.0.2-py3-none-any.whl (22 kB)
[2024-05-12T17:14:31.375+0000] {subprocess.py:93} INFO - Downloading dvc_studio_client-0.20.0-py3-none-any.whl (16 kB)
[2024-05-12T17:14:31.430+0000] {subprocess.py:93} INFO - Downloading dvc_task-0.4.0-py3-none-any.whl (21 kB)
[2024-05-12T17:14:31.481+0000] {subprocess.py:93} INFO - Downloading flatten_dict-0.4.2-py2.py3-none-any.whl (9.7 kB)
[2024-05-12T17:14:31.533+0000] {subprocess.py:93} INFO - Downloading flufl.lock-7.1.1-py3-none-any.whl (11 kB)
[2024-05-12T17:14:31.584+0000] {subprocess.py:93} INFO - Downloading fsspec-2024.3.1-py3-none-any.whl (171 kB)
[2024-05-12T17:14:31.669+0000] {subprocess.py:93} INFO -    ━━━━━━━━━━━━━━━━━━━━━━━━━━━━━━━━━━━━━━━━ 172.0/172.0 kB 2.0 MB/s eta 0:00:00
[2024-05-12T17:14:31.670+0000] {subprocess.py:93} INFO - Using cached funcy-2.0-py2.py3-none-any.whl (30 kB)
[2024-05-12T17:14:31.717+0000] {subprocess.py:93} INFO - Downloading grandalf-0.8-py3-none-any.whl (41 kB)
[2024-05-12T17:14:31.740+0000] {subprocess.py:93} INFO -    ━━━━━━━━━━━━━━━━━━━━━━━━━━━━━━━━━━━━━━━━ 41.8/41.8 kB 2.1 MB/s eta 0:00:00
[2024-05-12T17:14:31.789+0000] {subprocess.py:93} INFO - Downloading gto-1.7.1-py3-none-any.whl (46 kB)
[2024-05-12T17:14:31.814+0000] {subprocess.py:93} INFO -    ━━━━━━━━━━━━━━━━━━━━━━━━━━━━━━━━━━━━━━━━ 46.6/46.6 kB 1.9 MB/s eta 0:00:00
[2024-05-12T17:14:31.862+0000] {subprocess.py:93} INFO - Downloading hydra_core-1.3.2-py3-none-any.whl (154 kB)
[2024-05-12T17:14:31.932+0000] {subprocess.py:93} INFO -    ━━━━━━━━━━━━━━━━━━━━━━━━━━━━━━━━━━━━━━━━ 154.5/154.5 kB 2.3 MB/s eta 0:00:00
[2024-05-12T17:14:31.934+0000] {subprocess.py:93} INFO - Using cached iterative_telemetry-0.0.8-py3-none-any.whl (10 kB)
[2024-05-12T17:14:31.983+0000] {subprocess.py:93} INFO - Downloading networkx-3.3-py3-none-any.whl (1.7 MB)
[2024-05-12T17:14:33.124+0000] {subprocess.py:93} INFO -    ━━━━━━━━━━━━━━━━━━━━━━━━━━━━━━━━━━━━━━━━ 1.7/1.7 MB 1.5 MB/s eta 0:00:00
[2024-05-12T17:14:33.126+0000] {subprocess.py:93} INFO - Using cached omegaconf-2.3.0-py3-none-any.whl (79 kB)
[2024-05-12T17:14:33.128+0000] {subprocess.py:93} INFO - Using cached platformdirs-3.11.0-py3-none-any.whl (17 kB)
[2024-05-12T17:14:33.130+0000] {subprocess.py:93} INFO - Using cached pydot-2.0.0-py3-none-any.whl (22 kB)
[2024-05-12T17:14:33.132+0000] {subprocess.py:93} INFO - Using cached pygtrie-2.5.0-py3-none-any.whl (25 kB)
[2024-05-12T17:14:33.133+0000] {subprocess.py:93} INFO - Using cached ruamel.yaml-0.18.6-py3-none-any.whl (117 kB)
[2024-05-12T17:14:33.135+0000] {subprocess.py:93} INFO - Using cached scmrepo-3.3.2-py3-none-any.whl (73 kB)
[2024-05-12T17:14:33.137+0000] {subprocess.py:93} INFO - Using cached dulwich-0.22.1-cp312-cp312-manylinux_2_17_x86_64.manylinux2014_x86_64.whl (978 kB)
[2024-05-12T17:14:33.140+0000] {subprocess.py:93} INFO - Using cached shortuuid-1.0.13-py3-none-any.whl (10 kB)
[2024-05-12T17:14:33.142+0000] {subprocess.py:93} INFO - Using cached shtab-1.7.1-py3-none-any.whl (14 kB)
[2024-05-12T17:14:33.189+0000] {subprocess.py:93} INFO - Downloading tqdm-4.66.4-py3-none-any.whl (78 kB)
[2024-05-12T17:14:33.239+0000] {subprocess.py:93} INFO -    ━━━━━━━━━━━━━━━━━━━━━━━━━━━━━━━━━━━━━━━━ 78.3/78.3 kB 1.6 MB/s eta 0:00:00
[2024-05-12T17:14:33.288+0000] {subprocess.py:93} INFO - Downloading voluptuous-0.14.2-py3-none-any.whl (31 kB)
[2024-05-12T17:14:33.309+0000] {subprocess.py:93} INFO - Using cached zc.lockfile-3.0.post1-py3-none-any.whl (9.8 kB)
[2024-05-12T17:14:33.357+0000] {subprocess.py:93} INFO - Downloading aiohttp_retry-2.8.3-py3-none-any.whl (9.8 kB)
[2024-05-12T17:14:33.410+0000] {subprocess.py:93} INFO - Downloading atpublic-4.1.0-py3-none-any.whl (5.0 kB)
[2024-05-12T17:14:33.462+0000] {subprocess.py:93} INFO - Downloading dictdiffer-0.9.0-py2.py3-none-any.whl (16 kB)
[2024-05-12T17:14:33.519+0000] {subprocess.py:93} INFO - Downloading diskcache-5.6.3-py3-none-any.whl (45 kB)
[2024-05-12T17:14:33.547+0000] {subprocess.py:93} INFO -    ━━━━━━━━━━━━━━━━━━━━━━━━━━━━━━━━━━━━━━━━ 45.5/45.5 kB 1.8 MB/s eta 0:00:00
[2024-05-12T17:14:33.593+0000] {subprocess.py:93} INFO - Downloading GitPython-3.1.43-py3-none-any.whl (207 kB)
[2024-05-12T17:14:33.714+0000] {subprocess.py:93} INFO -    ━━━━━━━━━━━━━━━━━━━━━━━━━━━━━━━━━━━━━━━━ 207.3/207.3 kB 1.8 MB/s eta 0:00:00
[2024-05-12T17:14:33.776+0000] {subprocess.py:93} INFO - Downloading pygit2-1.14.1-cp312-cp312-manylinux_2_17_x86_64.manylinux2014_x86_64.whl (5.1 MB)
[2024-05-12T17:14:36.791+0000] {subprocess.py:93} INFO -    ━━━━━━━━━━━━━━━━━━━━━━━━━━━━━━━━━━━━━━━━ 5.1/5.1 MB 1.7 MB/s eta 0:00:00
[2024-05-12T17:14:36.792+0000] {subprocess.py:93} INFO - Using cached ruamel.yaml.clib-0.2.8-cp312-cp312-manylinux_2_17_x86_64.manylinux2014_x86_64.manylinux_2_28_x86_64.whl (734 kB)
[2024-05-12T17:14:36.795+0000] {subprocess.py:93} INFO - Using cached semver-3.0.2-py3-none-any.whl (17 kB)
[2024-05-12T17:14:36.796+0000] {subprocess.py:93} INFO - Using cached sqltrie-0.11.0-py3-none-any.whl (17 kB)
[2024-05-12T17:14:36.798+0000] {subprocess.py:93} INFO - Using cached typer-0.12.3-py3-none-any.whl (47 kB)
[2024-05-12T17:14:36.800+0000] {subprocess.py:93} INFO - Using cached appdirs-1.4.4-py2.py3-none-any.whl (9.6 kB)
[2024-05-12T17:14:36.801+0000] {subprocess.py:93} INFO - Using cached entrypoints-0.4-py3-none-any.whl (5.3 kB)
[2024-05-12T17:14:36.803+0000] {subprocess.py:93} INFO - Using cached gitdb-4.0.11-py3-none-any.whl (62 kB)
[2024-05-12T17:14:36.805+0000] {subprocess.py:93} INFO - Using cached shellingham-1.5.4-py2.py3-none-any.whl (9.8 kB)
[2024-05-12T17:14:36.806+0000] {subprocess.py:93} INFO - Using cached orjson-3.10.3-cp312-cp312-manylinux_2_17_x86_64.manylinux2014_x86_64.whl (142 kB)
[2024-05-12T17:14:36.809+0000] {subprocess.py:93} INFO - Using cached smmap-5.0.1-py3-none-any.whl (24 kB)
[2024-05-12T17:14:36.875+0000] {subprocess.py:93} INFO - Building wheels for collected packages: antlr4-python3-runtime
[2024-05-12T17:14:36.876+0000] {subprocess.py:93} INFO -   Building wheel for antlr4-python3-runtime (pyproject.toml): started
[2024-05-12T17:14:37.590+0000] {subprocess.py:93} INFO -   Building wheel for antlr4-python3-runtime (pyproject.toml): finished with status 'done'
[2024-05-12T17:14:37.608+0000] {subprocess.py:93} INFO -   Created wheel for antlr4-python3-runtime: filename=antlr4_python3_runtime-4.9.3-py3-none-any.whl size=144554 sha256=282d6521e2057467a824802b570620c8cac5823e0d8cee22146e61860f408bc5
[2024-05-12T17:14:37.609+0000] {subprocess.py:93} INFO -   Stored in directory: /home/***/.cache/pip/wheels/1f/be/48/13754633f1d08d1fbfc60d5e80ae1e5d7329500477685286cd
[2024-05-12T17:14:37.609+0000] {subprocess.py:93} INFO - Successfully built antlr4-python3-runtime
[2024-05-12T17:14:40.759+0000] {subprocess.py:93} INFO - Installing collected packages: pygtrie, funcy, dictdiffer, appdirs, antlr4-python3-runtime, zc.lockfile, voluptuous, tqdm, smmap, shtab, shortuuid, shellingham, semver, ruamel.yaml.clib, pydot, platformdirs, orjson, omegaconf, networkx, grandalf, fsspec, flatten-dict, entrypoints, dvc-render, dulwich, dpath, distro, diskcache, configobj, atpublic, sqltrie, ruamel.yaml, pygit2, iterative-telemetry, hydra-core, gitdb, flufl.lock, dvc-studio-client, dvc-objects, typer, gitpython, dvc-data, aiohttp-retry, scmrepo, dvc-task, dvc-http, gto, dvc
[2024-05-12T17:14:41.245+0000] {subprocess.py:93} INFO -   Attempting uninstall: platformdirs
[2024-05-12T17:14:41.434+0000] {subprocess.py:93} INFO -     Found existing installation: platformdirs 3.11.0
[2024-05-12T17:14:41.450+0000] {subprocess.py:93} INFO -     Uninstalling platformdirs-3.11.0:
[2024-05-12T17:14:41.451+0000] {subprocess.py:93} INFO -       Successfully uninstalled platformdirs-3.11.0
[2024-05-12T17:14:43.173+0000] {subprocess.py:93} INFO -   Attempting uninstall: fsspec
[2024-05-12T17:14:43.327+0000] {subprocess.py:93} INFO -     Found existing installation: fsspec 2024.3.1
[2024-05-12T17:14:43.333+0000] {subprocess.py:93} INFO -     Uninstalling fsspec-2024.3.1:
[2024-05-12T17:14:43.334+0000] {subprocess.py:93} INFO -       Successfully uninstalled fsspec-2024.3.1
[2024-05-12T17:14:43.355+0000] {subprocess.py:93} INFO -   Rolling back uninstall of fsspec
[2024-05-12T17:14:43.355+0000] {subprocess.py:93} INFO -   Moving to /home/***/.local/lib/python3.12/site-packages/fsspec-2024.3.1.dist-info/
[2024-05-12T17:14:43.356+0000] {subprocess.py:93} INFO -    from /home/***/.local/lib/python3.12/site-packages/~-spec-2024.3.1.dist-info
[2024-05-12T17:14:43.356+0000] {subprocess.py:93} INFO -   Moving to /home/***/.local/lib/python3.12/site-packages/fsspec/
[2024-05-12T17:14:43.357+0000] {subprocess.py:93} INFO -    from /home/***/.local/lib/python3.12/site-packages/~-spec
[2024-05-12T17:14:43.861+0000] {subprocess.py:93} INFO - ERROR: Could not install packages due to an OSError: [Errno 2] No such file or directory: '/home/***/.local/lib/python3.12/site-packages/fsspec-2024.3.1.dist-info/INSTALLERxe58deez.tmp'
[2024-05-12T17:14:43.862+0000] {subprocess.py:93} INFO - 
[2024-05-12T17:14:44.545+0000] {subprocess.py:97} INFO - Command exited with return code 1
[2024-05-12T17:14:44.546+0000] {taskinstance.py:441} INFO - ::group::Post task execution logs
[2024-05-12T17:14:44.558+0000] {taskinstance.py:2905} ERROR - Task failed with exception
Traceback (most recent call last):
  File "/home/airflow/.local/lib/python3.12/site-packages/airflow/models/taskinstance.py", line 465, in _execute_task
    result = _execute_callable(context=context, **execute_callable_kwargs)
             ^^^^^^^^^^^^^^^^^^^^^^^^^^^^^^^^^^^^^^^^^^^^^^^^^^^^^^^^^^^^^
  File "/home/airflow/.local/lib/python3.12/site-packages/airflow/models/taskinstance.py", line 432, in _execute_callable
    return execute_callable(context=context, **execute_callable_kwargs)
           ^^^^^^^^^^^^^^^^^^^^^^^^^^^^^^^^^^^^^^^^^^^^^^^^^^^^^^^^^^^^
  File "/home/airflow/.local/lib/python3.12/site-packages/airflow/models/baseoperator.py", line 400, in wrapper
    return func(self, *args, **kwargs)
           ^^^^^^^^^^^^^^^^^^^^^^^^^^^
  File "/home/airflow/.local/lib/python3.12/site-packages/airflow/operators/bash.py", line 243, in execute
    raise AirflowException(
airflow.exceptions.AirflowException: Bash command failed. The command returned a non-zero exit code 1.
[2024-05-12T17:14:44.563+0000] {taskinstance.py:1206} INFO - Marking task as FAILED. dag_id=web_article_scraping, task_id=dvc_add_and_push, run_id=manual__2024-05-12T17:13:39.054661+00:00, execution_date=20240512T171339, start_date=20240512T171358, end_date=20240512T171444
[2024-05-12T17:14:44.579+0000] {standard_task_runner.py:110} ERROR - Failed to execute job 26 for task dvc_add_and_push (Bash command failed. The command returned a non-zero exit code 1.; 5552)
[2024-05-12T17:14:44.610+0000] {local_task_job_runner.py:240} INFO - Task exited with return code 1
[2024-05-12T17:14:44.628+0000] {taskinstance.py:3498} INFO - 0 downstream tasks scheduled from follow-on schedule check
[2024-05-12T17:14:44.630+0000] {local_task_job_runner.py:222} INFO - ::endgroup::
